<?xml version="1.0" encoding="UTF-8"?>
<!-- Generated by org.testng.reporters.JUnitXMLReporter -->
<testsuite hostname="DESKTOP-NE42HHC" name="Command line test" tests="177" failures="0" timestamp="19 Apr 2016 03:52:23 GMT" time="80.63" errors="0">
  <testcase name="@BeforeMethod launchBrowser" time="0.0" classname="com.script.CbtCrowdEmailTest">
    <failure type="org.openqa.selenium.remote.UnreachableBrowserException" message="Error communicating with the remote browser. It may have died.
Build info: version: &amp;apos;2.53.0&amp;apos;, revision: &amp;apos;35ae25b1534ae328c771e0856c93e187490ca824&amp;apos;, time: &amp;apos;2016-03-15 10:43:46&amp;apos;
System info: host: &amp;apos;DESKTOP-NE42HHC&amp;apos;, ip: &amp;apos;10.10.10.48&amp;apos;, os.name: &amp;apos;Windows 10&amp;apos;, os.arch: &amp;apos;amd64&amp;apos;, os.version: &amp;apos;10.0&amp;apos;, java.version: &amp;apos;1.8.0_60&amp;apos;
Driver info: driver.version: RemoteWebDriver
Capabilities [{applicationCacheEnabled=true, rotatable=false, handlesAlerts=true, databaseEnabled=true, version=45.0.1, platform=WINDOWS, nativeEvents=false, acceptSslCerts=true, webStorageEnabled=true, locationContextEnabled=true, browserName=firefox, takesScreenshot=true, javascriptEnabled=true, cssSelectorsEnabled=true}]
Session ID: a057a5b2-5d10-4953-8c47-f3dffe213ce2">
      <![CDATA[org.openqa.selenium.remote.UnreachableBrowserException: Error communicating with the remote browser. It may have died.
Build info: version: '2.53.0', revision: '35ae25b1534ae328c771e0856c93e187490ca824', time: '2016-03-15 10:43:46'
System info: host: 'DESKTOP-NE42HHC', ip: '10.10.10.48', os.name: 'Windows 10', os.arch: 'amd64', os.version: '10.0', java.version: '1.8.0_60'
Driver info: driver.version: RemoteWebDriver
Capabilities [{applicationCacheEnabled=true, rotatable=false, handlesAlerts=true, databaseEnabled=true, version=45.0.1, platform=WINDOWS, nativeEvents=false, acceptSslCerts=true, webStorageEnabled=true, locationContextEnabled=true, browserName=firefox, takesScreenshot=true, javascriptEnabled=true, cssSelectorsEnabled=true}]
Session ID: a057a5b2-5d10-4953-8c47-f3dffe213ce2
	at org.openqa.selenium.remote.RemoteWebDriver.execute(RemoteWebDriver.java:665)
	at org.openqa.selenium.remote.RemoteWebDriver.get(RemoteWebDriver.java:316)
	at com.baseLib.BaseTestPage.launchBrowser(BaseTestPage.java:30)
Caused by: org.apache.http.conn.HttpHostConnectException: Connect to 127.0.0.1:7055 [/127.0.0.1] failed: Connection refused: connect
	at org.apache.http.impl.conn.DefaultHttpClientConnectionOperator.connect(DefaultHttpClientConnectionOperator.java:151)
	at org.apache.http.impl.conn.PoolingHttpClientConnectionManager.connect(PoolingHttpClientConnectionManager.java:353)
	at org.apache.http.impl.execchain.MainClientExec.establishRoute(MainClientExec.java:380)
	at org.apache.http.impl.execchain.MainClientExec.execute(MainClientExec.java:236)
	at org.apache.http.impl.execchain.ProtocolExec.execute(ProtocolExec.java:184)
	at org.apache.http.impl.execchain.RetryExec.execute(RetryExec.java:88)
	at org.apache.http.impl.execchain.RedirectExec.execute(RedirectExec.java:110)
	at org.apache.http.impl.client.InternalHttpClient.doExecute(InternalHttpClient.java:184)
	at org.apache.http.impl.client.CloseableHttpClient.execute(CloseableHttpClient.java:71)
	at org.apache.http.impl.client.CloseableHttpClient.execute(CloseableHttpClient.java:55)
	at org.openqa.selenium.remote.internal.ApacheHttpClient.fallBackExecute(ApacheHttpClient.java:162)
	at org.openqa.selenium.remote.internal.ApacheHttpClient.execute(ApacheHttpClient.java:90)
	at org.openqa.selenium.remote.HttpCommandExecutor.execute(HttpCommandExecutor.java:142)
	at org.openqa.selenium.firefox.internal.NewProfileExtensionConnection.execute(NewProfileExtensionConnection.java:160)
	at org.openqa.selenium.firefox.FirefoxDriver$LazyCommandExecutor.execute(FirefoxDriver.java:380)
	at org.openqa.selenium.remote.RemoteWebDriver.execute(RemoteWebDriver.java:644)
	... 38 more
Caused by: java.net.ConnectException: Connection refused: connect
	at java.net.DualStackPlainSocketImpl.waitForConnect(Native Method)
	at java.net.DualStackPlainSocketImpl.socketConnect(DualStackPlainSocketImpl.java:85)
	at java.net.AbstractPlainSocketImpl.doConnect(AbstractPlainSocketImpl.java:350)
	at java.net.AbstractPlainSocketImpl.connectToAddress(AbstractPlainSocketImpl.java:206)
	at java.net.AbstractPlainSocketImpl.connect(AbstractPlainSocketImpl.java:188)
	at java.net.PlainSocketImpl.connect(PlainSocketImpl.java:172)
	at java.net.SocksSocketImpl.connect(SocksSocketImpl.java:392)
	at java.net.Socket.connect(Socket.java:589)
	at org.apache.http.conn.socket.PlainConnectionSocketFactory.connectSocket(PlainConnectionSocketFactory.java:74)
	at org.apache.http.impl.conn.DefaultHttpClientConnectionOperator.connect(DefaultHttpClientConnectionOperator.java:134)
	... 53 more
... Removed 36 stack frames]]>
    </failure>
  </testcase> <!-- @BeforeMethod launchBrowser -->
  <testcase name="@AfterMethod closeBrowser" time="0.0" classname="com.script.CbtCrowdEmailTest">
    <skipped/>
  </testcase> <!-- @AfterMethod closeBrowser -->
  <testcase name="@BeforeMethod launchBrowser" time="0.0" classname="com.script.CbtCrowdEmailTest">
    <skipped/>
  </testcase> <!-- @BeforeMethod launchBrowser -->
  <testcase name="@AfterMethod closeBrowser" time="0.0" classname="com.script.CbtCrowdEmailTest">
    <skipped/>
  </testcase> <!-- @AfterMethod closeBrowser -->
  <testcase name="@BeforeMethod launchBrowser" time="0.0" classname="com.script.CbtCrowdEmailTest">
    <skipped/>
  </testcase> <!-- @BeforeMethod launchBrowser -->
  <testcase name="@AfterMethod closeBrowser" time="0.0" classname="com.script.CbtCrowdEmailTest">
    <skipped/>
  </testcase> <!-- @AfterMethod closeBrowser -->
  <testcase name="@BeforeMethod launchBrowser" time="0.0" classname="com.script.CbtCrowdEmailTest">
    <skipped/>
  </testcase> <!-- @BeforeMethod launchBrowser -->
  <testcase name="@AfterMethod closeBrowser" time="0.0" classname="com.script.CbtCrowdEmailTest">
    <skipped/>
  </testcase> <!-- @AfterMethod closeBrowser -->
  <testcase name="@BeforeMethod launchBrowser" time="0.0" classname="com.script.CbtCrowdEmailTest">
    <skipped/>
  </testcase> <!-- @BeforeMethod launchBrowser -->
  <testcase name="@AfterMethod closeBrowser" time="0.0" classname="com.script.CbtCrowdEmailTest">
    <skipped/>
  </testcase> <!-- @AfterMethod closeBrowser -->
  <testcase name="@BeforeMethod launchBrowser" time="0.0" classname="com.script.CbtCrowdEmailTest">
    <skipped/>
  </testcase> <!-- @BeforeMethod launchBrowser -->
  <testcase name="@AfterMethod closeBrowser" time="0.0" classname="com.script.CbtCrowdEmailTest">
    <skipped/>
  </testcase> <!-- @AfterMethod closeBrowser -->
  <testcase name="@BeforeMethod launchBrowser" time="0.0" classname="com.script.CbtCrowdEmailTest">
    <skipped/>
  </testcase> <!-- @BeforeMethod launchBrowser -->
  <testcase name="@AfterMethod closeBrowser" time="0.0" classname="com.script.CbtCrowdEmailTest">
    <skipped/>
  </testcase> <!-- @AfterMethod closeBrowser -->
  <testcase name="@BeforeMethod launchBrowser" time="0.0" classname="com.script.CbtCrowdEmailTest">
    <skipped/>
  </testcase> <!-- @BeforeMethod launchBrowser -->
  <testcase name="@AfterMethod closeBrowser" time="0.0" classname="com.script.CbtCrowdEmailTest">
    <skipped/>
  </testcase> <!-- @AfterMethod closeBrowser -->
  <testcase name="@BeforeMethod launchBrowser" time="0.0" classname="com.script.CbtCrowdEmailTest">
    <skipped/>
  </testcase> <!-- @BeforeMethod launchBrowser -->
  <testcase name="@AfterMethod closeBrowser" time="0.0" classname="com.script.CbtCrowdEmailTest">
    <skipped/>
  </testcase> <!-- @AfterMethod closeBrowser -->
  <testcase name="@BeforeMethod launchBrowser" time="0.0" classname="com.script.CbtCrowdEmailTest">
    <skipped/>
  </testcase> <!-- @BeforeMethod launchBrowser -->
  <testcase name="@AfterMethod closeBrowser" time="0.0" classname="com.script.CbtCrowdEmailTest">
    <skipped/>
  </testcase> <!-- @AfterMethod closeBrowser -->
  <testcase name="@BeforeMethod launchBrowser" time="0.0" classname="com.script.CbtCrowdEmailTest">
    <skipped/>
  </testcase> <!-- @BeforeMethod launchBrowser -->
  <testcase name="@AfterMethod closeBrowser" time="0.0" classname="com.script.CbtCrowdEmailTest">
    <skipped/>
  </testcase> <!-- @AfterMethod closeBrowser -->
  <testcase name="@BeforeMethod launchBrowser" time="0.0" classname="com.script.CbtCrowdEmailTest">
    <skipped/>
  </testcase> <!-- @BeforeMethod launchBrowser -->
  <testcase name="@AfterMethod closeBrowser" time="0.0" classname="com.script.CbtCrowdEmailTest">
    <skipped/>
  </testcase> <!-- @AfterMethod closeBrowser -->
  <testcase name="@BeforeMethod launchBrowser" time="0.0" classname="com.script.CbtCrowdEmailTest">
    <skipped/>
  </testcase> <!-- @BeforeMethod launchBrowser -->
  <testcase name="@AfterMethod closeBrowser" time="0.0" classname="com.script.CbtCrowdEmailTest">
    <skipped/>
  </testcase> <!-- @AfterMethod closeBrowser -->
  <testcase name="@BeforeMethod launchBrowser" time="0.0" classname="com.script.CbtCrowdEmailTest">
    <skipped/>
  </testcase> <!-- @BeforeMethod launchBrowser -->
  <testcase name="@AfterMethod closeBrowser" time="0.0" classname="com.script.CbtCrowdEmailTest">
    <skipped/>
  </testcase> <!-- @AfterMethod closeBrowser -->
  <testcase name="@BeforeMethod launchBrowser" time="0.0" classname="com.script.CbtCrowdEmailTest">
    <skipped/>
  </testcase> <!-- @BeforeMethod launchBrowser -->
  <testcase name="@AfterMethod closeBrowser" time="0.0" classname="com.script.CbtCrowdEmailTest">
    <skipped/>
  </testcase> <!-- @AfterMethod closeBrowser -->
  <testcase name="@BeforeMethod launchBrowser" time="0.0" classname="com.script.CbtCrowdEmailTest">
    <skipped/>
  </testcase> <!-- @BeforeMethod launchBrowser -->
  <testcase name="@AfterMethod closeBrowser" time="0.0" classname="com.script.CbtCrowdEmailTest">
    <skipped/>
  </testcase> <!-- @AfterMethod closeBrowser -->
  <testcase name="@BeforeMethod launchBrowser" time="0.0" classname="com.script.CbtCrowdEmailTest">
    <skipped/>
  </testcase> <!-- @BeforeMethod launchBrowser -->
  <testcase name="@AfterMethod closeBrowser" time="0.0" classname="com.script.CbtCrowdEmailTest">
    <skipped/>
  </testcase> <!-- @AfterMethod closeBrowser -->
  <testcase name="@BeforeMethod launchBrowser" time="0.0" classname="com.script.CbtCrowdEmailTest">
    <skipped/>
  </testcase> <!-- @BeforeMethod launchBrowser -->
  <testcase name="@AfterMethod closeBrowser" time="0.0" classname="com.script.CbtCrowdEmailTest">
    <skipped/>
  </testcase> <!-- @AfterMethod closeBrowser -->
  <testcase name="@BeforeMethod launchBrowser" time="0.0" classname="com.script.CbtCrowdEmailTest">
    <skipped/>
  </testcase> <!-- @BeforeMethod launchBrowser -->
  <testcase name="@AfterMethod closeBrowser" time="0.0" classname="com.script.CbtCrowdEmailTest">
    <skipped/>
  </testcase> <!-- @AfterMethod closeBrowser -->
  <testcase name="@BeforeMethod launchBrowser" time="0.0" classname="com.script.CbtCrowdEmailTest">
    <skipped/>
  </testcase> <!-- @BeforeMethod launchBrowser -->
  <testcase name="@AfterMethod closeBrowser" time="0.0" classname="com.script.CbtCrowdEmailTest">
    <skipped/>
  </testcase> <!-- @AfterMethod closeBrowser -->
  <testcase name="@BeforeMethod launchBrowser" time="0.0" classname="com.script.CbtCrowdEmailTest">
    <skipped/>
  </testcase> <!-- @BeforeMethod launchBrowser -->
  <testcase name="@AfterMethod closeBrowser" time="0.0" classname="com.script.CbtCrowdEmailTest">
    <skipped/>
  </testcase> <!-- @AfterMethod closeBrowser -->
  <testcase name="@BeforeMethod launchBrowser" time="0.0" classname="com.script.CbtCrowdEmailTest">
    <skipped/>
  </testcase> <!-- @BeforeMethod launchBrowser -->
  <testcase name="@AfterMethod closeBrowser" time="0.0" classname="com.script.CbtCrowdEmailTest">
    <skipped/>
  </testcase> <!-- @AfterMethod closeBrowser -->
  <testcase name="@BeforeMethod launchBrowser" time="0.0" classname="com.script.CbtCrowdEmailTest">
    <skipped/>
  </testcase> <!-- @BeforeMethod launchBrowser -->
  <testcase name="@AfterMethod closeBrowser" time="0.0" classname="com.script.CbtCrowdEmailTest">
    <skipped/>
  </testcase> <!-- @AfterMethod closeBrowser -->
  <testcase name="@BeforeMethod launchBrowser" time="0.0" classname="com.script.CbtCrowdEmailTest">
    <skipped/>
  </testcase> <!-- @BeforeMethod launchBrowser -->
  <testcase name="@AfterMethod closeBrowser" time="0.0" classname="com.script.CbtCrowdEmailTest">
    <skipped/>
  </testcase> <!-- @AfterMethod closeBrowser -->
  <testcase name="@BeforeMethod launchBrowser" time="0.0" classname="com.script.CbtCrowdEmailTest">
    <skipped/>
  </testcase> <!-- @BeforeMethod launchBrowser -->
  <testcase name="@AfterMethod closeBrowser" time="0.0" classname="com.script.CbtCrowdEmailTest">
    <skipped/>
  </testcase> <!-- @AfterMethod closeBrowser -->
  <testcase name="@BeforeMethod launchBrowser" time="0.0" classname="com.script.CbtCrowdEmailTest">
    <skipped/>
  </testcase> <!-- @BeforeMethod launchBrowser -->
  <testcase name="@AfterMethod closeBrowser" time="0.0" classname="com.script.CbtCrowdEmailTest">
    <skipped/>
  </testcase> <!-- @AfterMethod closeBrowser -->
  <testcase name="@BeforeMethod launchBrowser" time="0.0" classname="com.script.CbtCrowdEmailTest">
    <skipped/>
  </testcase> <!-- @BeforeMethod launchBrowser -->
  <testcase name="@AfterMethod closeBrowser" time="0.0" classname="com.script.CbtCrowdEmailTest">
    <skipped/>
  </testcase> <!-- @AfterMethod closeBrowser -->
  <testcase name="@BeforeMethod launchBrowser" time="0.0" classname="com.script.CbtCrowdEmailTest">
    <skipped/>
  </testcase> <!-- @BeforeMethod launchBrowser -->
  <testcase name="@AfterMethod closeBrowser" time="0.0" classname="com.script.CbtCrowdEmailTest">
    <skipped/>
  </testcase> <!-- @AfterMethod closeBrowser -->
  <testcase name="@BeforeMethod launchBrowser" time="0.0" classname="com.script.CbtCrowdEmailTest">
    <skipped/>
  </testcase> <!-- @BeforeMethod launchBrowser -->
  <testcase name="@AfterMethod closeBrowser" time="0.0" classname="com.script.CbtCrowdEmailTest">
    <skipped/>
  </testcase> <!-- @AfterMethod closeBrowser -->
  <testcase name="@BeforeMethod launchBrowser" time="0.0" classname="com.script.CbtCrowdEmailTest">
    <skipped/>
  </testcase> <!-- @BeforeMethod launchBrowser -->
  <testcase name="@AfterMethod closeBrowser" time="0.0" classname="com.script.CbtCrowdEmailTest">
    <skipped/>
  </testcase> <!-- @AfterMethod closeBrowser -->
  <testcase name="@BeforeMethod launchBrowser" time="0.0" classname="com.script.CbtCrowdEmailTest">
    <skipped/>
  </testcase> <!-- @BeforeMethod launchBrowser -->
  <testcase name="@AfterMethod closeBrowser" time="0.0" classname="com.script.CbtCrowdEmailTest">
    <skipped/>
  </testcase> <!-- @AfterMethod closeBrowser -->
  <testcase name="@BeforeMethod launchBrowser" time="0.0" classname="com.script.CbtCrowdEmailTest">
    <skipped/>
  </testcase> <!-- @BeforeMethod launchBrowser -->
  <testcase name="@AfterMethod closeBrowser" time="0.0" classname="com.script.CbtCrowdEmailTest">
    <skipped/>
  </testcase> <!-- @AfterMethod closeBrowser -->
  <testcase name="@BeforeMethod launchBrowser" time="0.0" classname="com.script.CbtCrowdEmailTest">
    <skipped/>
  </testcase> <!-- @BeforeMethod launchBrowser -->
  <testcase name="@AfterMethod closeBrowser" time="0.0" classname="com.script.CbtCrowdEmailTest">
    <skipped/>
  </testcase> <!-- @AfterMethod closeBrowser -->
  <testcase name="@BeforeMethod launchBrowser" time="0.0" classname="com.script.CbtCrowdEmailTest">
    <skipped/>
  </testcase> <!-- @BeforeMethod launchBrowser -->
  <testcase name="@AfterMethod closeBrowser" time="0.0" classname="com.script.CbtCrowdEmailTest">
    <skipped/>
  </testcase> <!-- @AfterMethod closeBrowser -->
  <testcase name="@BeforeMethod launchBrowser" time="0.0" classname="com.script.CbtCrowdEmailTest">
    <skipped/>
  </testcase> <!-- @BeforeMethod launchBrowser -->
  <testcase name="@AfterMethod closeBrowser" time="0.0" classname="com.script.CbtCrowdEmailTest">
    <skipped/>
  </testcase> <!-- @AfterMethod closeBrowser -->
  <testcase name="@BeforeMethod launchBrowser" time="0.0" classname="com.script.CbtCrowdEmailTest">
    <skipped/>
  </testcase> <!-- @BeforeMethod launchBrowser -->
  <testcase name="@AfterMethod closeBrowser" time="0.0" classname="com.script.CbtCrowdEmailTest">
    <skipped/>
  </testcase> <!-- @AfterMethod closeBrowser -->
  <testcase name="@BeforeMethod launchBrowser" time="0.0" classname="com.script.CbtCrowdEmailTest">
    <skipped/>
  </testcase> <!-- @BeforeMethod launchBrowser -->
  <testcase name="@AfterMethod closeBrowser" time="0.0" classname="com.script.CbtCrowdEmailTest">
    <skipped/>
  </testcase> <!-- @AfterMethod closeBrowser -->
  <testcase name="@BeforeMethod launchBrowser" time="0.0" classname="com.script.CbtCrowdEmailTest">
    <skipped/>
  </testcase> <!-- @BeforeMethod launchBrowser -->
  <testcase name="@AfterMethod closeBrowser" time="0.0" classname="com.script.CbtCrowdEmailTest">
    <skipped/>
  </testcase> <!-- @AfterMethod closeBrowser -->
  <testcase name="@BeforeMethod launchBrowser" time="0.0" classname="com.script.CbtCrowdEmailTest">
    <skipped/>
  </testcase> <!-- @BeforeMethod launchBrowser -->
  <testcase name="@AfterMethod closeBrowser" time="0.0" classname="com.script.CbtCrowdEmailTest">
    <skipped/>
  </testcase> <!-- @AfterMethod closeBrowser -->
  <testcase name="@BeforeMethod launchBrowser" time="0.0" classname="com.script.CbtCrowdEmailTest">
    <skipped/>
  </testcase> <!-- @BeforeMethod launchBrowser -->
  <testcase name="@AfterMethod closeBrowser" time="0.0" classname="com.script.CbtCrowdEmailTest">
    <skipped/>
  </testcase> <!-- @AfterMethod closeBrowser -->
  <testcase name="@BeforeMethod launchBrowser" time="0.0" classname="com.script.CbtCrowdEmailTest">
    <skipped/>
  </testcase> <!-- @BeforeMethod launchBrowser -->
  <testcase name="@AfterMethod closeBrowser" time="0.0" classname="com.script.CbtCrowdEmailTest">
    <skipped/>
  </testcase> <!-- @AfterMethod closeBrowser -->
  <testcase name="@BeforeMethod launchBrowser" time="0.0" classname="com.script.CbtCrowdEmailTest">
    <skipped/>
  </testcase> <!-- @BeforeMethod launchBrowser -->
  <testcase name="@AfterMethod closeBrowser" time="0.0" classname="com.script.CbtCrowdEmailTest">
    <skipped/>
  </testcase> <!-- @AfterMethod closeBrowser -->
  <testcase name="@BeforeMethod launchBrowser" time="0.0" classname="com.script.CbtCrowdEmailTest">
    <skipped/>
  </testcase> <!-- @BeforeMethod launchBrowser -->
  <testcase name="@AfterMethod closeBrowser" time="0.0" classname="com.script.CbtCrowdEmailTest">
    <skipped/>
  </testcase> <!-- @AfterMethod closeBrowser -->
  <testcase name="@BeforeMethod launchBrowser" time="0.0" classname="com.script.CbtCrowdEmailTest">
    <skipped/>
  </testcase> <!-- @BeforeMethod launchBrowser -->
  <testcase name="@AfterMethod closeBrowser" time="0.0" classname="com.script.CbtCrowdEmailTest">
    <skipped/>
  </testcase> <!-- @AfterMethod closeBrowser -->
  <testcase name="@BeforeMethod launchBrowser" time="0.0" classname="com.script.CbtCrowdEmailTest">
    <skipped/>
  </testcase> <!-- @BeforeMethod launchBrowser -->
  <testcase name="@AfterMethod closeBrowser" time="0.0" classname="com.script.CbtCrowdEmailTest">
    <skipped/>
  </testcase> <!-- @AfterMethod closeBrowser -->
  <testcase name="@BeforeMethod launchBrowser" time="0.0" classname="com.script.CbtCrowdEmailTest">
    <skipped/>
  </testcase> <!-- @BeforeMethod launchBrowser -->
  <testcase name="@AfterMethod closeBrowser" time="0.0" classname="com.script.CbtCrowdEmailTest">
    <skipped/>
  </testcase> <!-- @AfterMethod closeBrowser -->
  <testcase name="@BeforeMethod launchBrowser" time="0.0" classname="com.script.CbtCrowdEmailTest">
    <skipped/>
  </testcase> <!-- @BeforeMethod launchBrowser -->
  <testcase name="@AfterMethod closeBrowser" time="0.0" classname="com.script.CbtCrowdEmailTest">
    <skipped/>
  </testcase> <!-- @AfterMethod closeBrowser -->
  <testcase name="@BeforeMethod launchBrowser" time="0.0" classname="com.script.CbtCrowdEmailTest">
    <skipped/>
  </testcase> <!-- @BeforeMethod launchBrowser -->
  <testcase name="@AfterMethod closeBrowser" time="0.0" classname="com.script.CbtCrowdEmailTest">
    <skipped/>
  </testcase> <!-- @AfterMethod closeBrowser -->
  <testcase name="@BeforeMethod launchBrowser" time="0.0" classname="com.script.CbtCrowdEmailTest">
    <skipped/>
  </testcase> <!-- @BeforeMethod launchBrowser -->
  <testcase name="@AfterMethod closeBrowser" time="0.0" classname="com.script.CbtCrowdEmailTest">
    <skipped/>
  </testcase> <!-- @AfterMethod closeBrowser -->
  <testcase name="@BeforeMethod launchBrowser" time="0.0" classname="com.script.CbtCrowdEmailTest">
    <skipped/>
  </testcase> <!-- @BeforeMethod launchBrowser -->
  <testcase name="@AfterMethod closeBrowser" time="0.0" classname="com.script.CbtCrowdEmailTest">
    <skipped/>
  </testcase> <!-- @AfterMethod closeBrowser -->
  <testcase name="@BeforeMethod launchBrowser" time="0.0" classname="com.script.CbtCrowdEmailTest">
    <skipped/>
  </testcase> <!-- @BeforeMethod launchBrowser -->
  <testcase name="@AfterMethod closeBrowser" time="0.0" classname="com.script.CbtCrowdEmailTest">
    <skipped/>
  </testcase> <!-- @AfterMethod closeBrowser -->
  <testcase name="@BeforeMethod launchBrowser" time="0.0" classname="com.script.CbtCrowdEmailTest">
    <skipped/>
  </testcase> <!-- @BeforeMethod launchBrowser -->
  <testcase name="@AfterMethod closeBrowser" time="0.0" classname="com.script.CbtCrowdEmailTest">
    <skipped/>
  </testcase> <!-- @AfterMethod closeBrowser -->
  <testcase name="@BeforeMethod launchBrowser" time="0.0" classname="com.script.CbtCrowdEmailTest">
    <skipped/>
  </testcase> <!-- @BeforeMethod launchBrowser -->
  <testcase name="@AfterMethod closeBrowser" time="0.0" classname="com.script.CbtCrowdEmailTest">
    <skipped/>
  </testcase> <!-- @AfterMethod closeBrowser -->
  <testcase name="@BeforeMethod launchBrowser" time="0.0" classname="com.script.CbtCrowdEmailTest">
    <skipped/>
  </testcase> <!-- @BeforeMethod launchBrowser -->
  <testcase name="@AfterMethod closeBrowser" time="0.0" classname="com.script.CbtCrowdEmailTest">
    <skipped/>
  </testcase> <!-- @AfterMethod closeBrowser -->
  <testcase name="@BeforeMethod launchBrowser" time="0.0" classname="com.script.CbtCrowdEmailTest">
    <skipped/>
  </testcase> <!-- @BeforeMethod launchBrowser -->
  <testcase name="@AfterMethod closeBrowser" time="0.0" classname="com.script.CbtCrowdEmailTest">
    <skipped/>
  </testcase> <!-- @AfterMethod closeBrowser -->
  <testcase name="@BeforeMethod launchBrowser" time="0.0" classname="com.script.CbtCrowdEmailTest">
    <skipped/>
  </testcase> <!-- @BeforeMethod launchBrowser -->
  <testcase name="@AfterMethod closeBrowser" time="0.0" classname="com.script.CbtCrowdEmailTest">
    <skipped/>
  </testcase> <!-- @AfterMethod closeBrowser -->
  <testcase name="@BeforeMethod launchBrowser" time="0.0" classname="com.script.CbtCrowdEmailTest">
    <skipped/>
  </testcase> <!-- @BeforeMethod launchBrowser -->
  <testcase name="@AfterMethod closeBrowser" time="0.0" classname="com.script.CbtCrowdEmailTest">
    <skipped/>
  </testcase> <!-- @AfterMethod closeBrowser -->
  <testcase name="@BeforeMethod launchBrowser" time="0.0" classname="com.script.CbtCrowdEmailTest">
    <skipped/>
  </testcase> <!-- @BeforeMethod launchBrowser -->
  <testcase name="@AfterMethod closeBrowser" time="0.0" classname="com.script.CbtCrowdEmailTest">
    <skipped/>
  </testcase> <!-- @AfterMethod closeBrowser -->
  <testcase name="@BeforeMethod launchBrowser" time="0.0" classname="com.script.CbtCrowdEmailTest">
    <skipped/>
  </testcase> <!-- @BeforeMethod launchBrowser -->
  <testcase name="@AfterMethod closeBrowser" time="0.0" classname="com.script.CbtCrowdEmailTest">
    <skipped/>
  </testcase> <!-- @AfterMethod closeBrowser -->
  <testcase name="@BeforeMethod launchBrowser" time="0.0" classname="com.script.CbtCrowdEmailTest">
    <skipped/>
  </testcase> <!-- @BeforeMethod launchBrowser -->
  <testcase name="@AfterMethod closeBrowser" time="0.0" classname="com.script.CbtCrowdEmailTest">
    <skipped/>
  </testcase> <!-- @AfterMethod closeBrowser -->
  <testcase name="@BeforeMethod launchBrowser" time="0.0" classname="com.script.CbtCrowdEmailTest">
    <skipped/>
  </testcase> <!-- @BeforeMethod launchBrowser -->
  <testcase name="@AfterMethod closeBrowser" time="0.0" classname="com.script.CbtCrowdEmailTest">
    <skipped/>
  </testcase> <!-- @AfterMethod closeBrowser -->
  <testcase name="@BeforeMethod launchBrowser" time="0.0" classname="com.script.CbtCrowdEmailTest">
    <skipped/>
  </testcase> <!-- @BeforeMethod launchBrowser -->
  <testcase name="@AfterMethod closeBrowser" time="0.0" classname="com.script.CbtCrowdEmailTest">
    <skipped/>
  </testcase> <!-- @AfterMethod closeBrowser -->
  <testcase name="@BeforeMethod launchBrowser" time="0.0" classname="com.script.CbtCrowdEmailTest">
    <skipped/>
  </testcase> <!-- @BeforeMethod launchBrowser -->
  <testcase name="@AfterMethod closeBrowser" time="0.0" classname="com.script.CbtCrowdEmailTest">
    <skipped/>
  </testcase> <!-- @AfterMethod closeBrowser -->
  <testcase name="@BeforeMethod launchBrowser" time="0.0" classname="com.script.CbtCrowdEmailTest">
    <skipped/>
  </testcase> <!-- @BeforeMethod launchBrowser -->
  <testcase name="@AfterMethod closeBrowser" time="0.0" classname="com.script.CbtCrowdEmailTest">
    <skipped/>
  </testcase> <!-- @AfterMethod closeBrowser -->
  <testcase name="@BeforeMethod launchBrowser" time="0.0" classname="com.script.CbtCrowdEmailTest">
    <skipped/>
  </testcase> <!-- @BeforeMethod launchBrowser -->
  <testcase name="@AfterMethod closeBrowser" time="0.0" classname="com.script.CbtCrowdEmailTest">
    <skipped/>
  </testcase> <!-- @AfterMethod closeBrowser -->
  <testcase name="@BeforeMethod launchBrowser" time="0.0" classname="com.script.CbtCrowdEmailTest">
    <skipped/>
  </testcase> <!-- @BeforeMethod launchBrowser -->
  <testcase name="@AfterMethod closeBrowser" time="0.0" classname="com.script.CbtCrowdEmailTest">
    <skipped/>
  </testcase> <!-- @AfterMethod closeBrowser -->
  <testcase name="@BeforeMethod launchBrowser" time="0.0" classname="com.script.CbtCrowdEmailTest">
    <skipped/>
  </testcase> <!-- @BeforeMethod launchBrowser -->
  <testcase name="@AfterMethod closeBrowser" time="0.0" classname="com.script.CbtCrowdEmailTest">
    <skipped/>
  </testcase> <!-- @AfterMethod closeBrowser -->
  <testcase name="@BeforeMethod launchBrowser" time="0.0" classname="com.script.CbtCrowdEmailTest">
    <skipped/>
  </testcase> <!-- @BeforeMethod launchBrowser -->
  <testcase name="@AfterMethod closeBrowser" time="0.0" classname="com.script.CbtCrowdEmailTest">
    <skipped/>
  </testcase> <!-- @AfterMethod closeBrowser -->
  <testcase name="@BeforeMethod launchBrowser" time="0.0" classname="com.script.CbtCrowdEmailTest">
    <skipped/>
  </testcase> <!-- @BeforeMethod launchBrowser -->
  <testcase name="@AfterMethod closeBrowser" time="0.0" classname="com.script.CbtCrowdEmailTest">
    <skipped/>
  </testcase> <!-- @AfterMethod closeBrowser -->
  <testcase name="@BeforeMethod launchBrowser" time="0.0" classname="com.script.CbtCrowdEmailTest">
    <skipped/>
  </testcase> <!-- @BeforeMethod launchBrowser -->
  <testcase name="@AfterMethod closeBrowser" time="0.0" classname="com.script.CbtCrowdEmailTest">
    <skipped/>
  </testcase> <!-- @AfterMethod closeBrowser -->
  <testcase name="@BeforeMethod launchBrowser" time="0.0" classname="com.script.CbtCrowdEmailTest">
    <skipped/>
  </testcase> <!-- @BeforeMethod launchBrowser -->
  <testcase name="@AfterMethod closeBrowser" time="0.0" classname="com.script.CbtCrowdEmailTest">
    <skipped/>
  </testcase> <!-- @AfterMethod closeBrowser -->
  <testcase name="@BeforeMethod launchBrowser" time="0.0" classname="com.script.CbtCrowdEmailTest">
    <skipped/>
  </testcase> <!-- @BeforeMethod launchBrowser -->
  <testcase name="@AfterMethod closeBrowser" time="0.0" classname="com.script.CbtCrowdEmailTest">
    <skipped/>
  </testcase> <!-- @AfterMethod closeBrowser -->
  <testcase name="@BeforeMethod launchBrowser" time="0.0" classname="com.script.CbtCrowdEmailTest">
    <skipped/>
  </testcase> <!-- @BeforeMethod launchBrowser -->
  <testcase name="@AfterMethod closeBrowser" time="0.0" classname="com.script.CbtCrowdEmailTest">
    <skipped/>
  </testcase> <!-- @AfterMethod closeBrowser -->
  <testcase name="@BeforeMethod launchBrowser" time="0.0" classname="com.script.CbtCrowdEmailTest">
    <skipped/>
  </testcase> <!-- @BeforeMethod launchBrowser -->
  <testcase name="@AfterMethod closeBrowser" time="0.0" classname="com.script.CbtCrowdEmailTest">
    <skipped/>
  </testcase> <!-- @AfterMethod closeBrowser -->
  <testcase name="@BeforeMethod launchBrowser" time="0.0" classname="com.script.CbtCrowdEmailTest">
    <skipped/>
  </testcase> <!-- @BeforeMethod launchBrowser -->
  <testcase name="@AfterMethod closeBrowser" time="0.0" classname="com.script.CbtCrowdEmailTest">
    <skipped/>
  </testcase> <!-- @AfterMethod closeBrowser -->
  <testcase name="@BeforeMethod launchBrowser" time="0.0" classname="com.script.CbtCrowdEmailTest">
    <skipped/>
  </testcase> <!-- @BeforeMethod launchBrowser -->
  <testcase name="@AfterMethod closeBrowser" time="0.0" classname="com.script.CbtCrowdEmailTest">
    <skipped/>
  </testcase> <!-- @AfterMethod closeBrowser -->
  <testcase name="@BeforeMethod launchBrowser" time="0.0" classname="com.script.CbtCrowdEmailTest">
    <skipped/>
  </testcase> <!-- @BeforeMethod launchBrowser -->
  <testcase name="@AfterMethod closeBrowser" time="0.0" classname="com.script.CbtCrowdEmailTest">
    <skipped/>
  </testcase> <!-- @AfterMethod closeBrowser -->
  <testcase name="@BeforeMethod launchBrowser" time="0.0" classname="com.script.CbtCrowdEmailTest">
    <skipped/>
  </testcase> <!-- @BeforeMethod launchBrowser -->
  <testcase name="@AfterMethod closeBrowser" time="0.0" classname="com.script.CbtCrowdEmailTest">
    <skipped/>
  </testcase> <!-- @AfterMethod closeBrowser -->
  <testcase name="@BeforeMethod launchBrowser" time="0.0" classname="com.script.CbtCrowdEmailTest">
    <skipped/>
  </testcase> <!-- @BeforeMethod launchBrowser -->
  <testcase name="@AfterMethod closeBrowser" time="0.0" classname="com.script.CbtCrowdEmailTest">
    <skipped/>
  </testcase> <!-- @AfterMethod closeBrowser -->
  <testcase name="@BeforeMethod launchBrowser" time="0.0" classname="com.script.CbtCrowdEmailTest">
    <skipped/>
  </testcase> <!-- @BeforeMethod launchBrowser -->
  <testcase name="@AfterMethod closeBrowser" time="0.0" classname="com.script.CbtCrowdEmailTest">
    <skipped/>
  </testcase> <!-- @AfterMethod closeBrowser -->
  <testcase name="@BeforeMethod launchBrowser" time="0.0" classname="com.script.CbtCrowdEmailTest">
    <skipped/>
  </testcase> <!-- @BeforeMethod launchBrowser -->
  <testcase name="@AfterMethod closeBrowser" time="0.0" classname="com.script.CbtCrowdEmailTest">
    <skipped/>
  </testcase> <!-- @AfterMethod closeBrowser -->
  <testcase name="@BeforeMethod launchBrowser" time="0.0" classname="com.script.CbtCrowdEmailTest">
    <skipped/>
  </testcase> <!-- @BeforeMethod launchBrowser -->
  <testcase name="@AfterMethod closeBrowser" time="0.0" classname="com.script.CbtCrowdEmailTest">
    <skipped/>
  </testcase> <!-- @AfterMethod closeBrowser -->
  <testcase name="@BeforeMethod launchBrowser" time="0.0" classname="com.script.CbtCrowdEmailTest">
    <skipped/>
  </testcase> <!-- @BeforeMethod launchBrowser -->
  <testcase name="@AfterMethod closeBrowser" time="0.0" classname="com.script.CbtCrowdEmailTest">
    <skipped/>
  </testcase> <!-- @AfterMethod closeBrowser -->
  <testcase name="@BeforeMethod launchBrowser" time="0.0" classname="com.script.CbtCrowdEmailTest">
    <skipped/>
  </testcase> <!-- @BeforeMethod launchBrowser -->
  <testcase name="@AfterMethod closeBrowser" time="0.0" classname="com.script.CbtCrowdEmailTest">
    <skipped/>
  </testcase> <!-- @AfterMethod closeBrowser -->
  <testcase name="@BeforeMethod launchBrowser" time="0.0" classname="com.script.CbtCrowdEmailTest">
    <skipped/>
  </testcase> <!-- @BeforeMethod launchBrowser -->
  <testcase name="@AfterMethod closeBrowser" time="0.0" classname="com.script.CbtCrowdEmailTest">
    <skipped/>
  </testcase> <!-- @AfterMethod closeBrowser -->
  <testcase name="@BeforeMethod launchBrowser" time="0.0" classname="com.script.CbtCrowdEmailTest">
    <skipped/>
  </testcase> <!-- @BeforeMethod launchBrowser -->
  <testcase name="@AfterMethod closeBrowser" time="0.0" classname="com.script.CbtCrowdEmailTest">
    <skipped/>
  </testcase> <!-- @AfterMethod closeBrowser -->
  <testcase name="@BeforeMethod launchBrowser" time="0.0" classname="com.script.CbtCrowdEmailTest">
    <skipped/>
  </testcase> <!-- @BeforeMethod launchBrowser -->
  <testcase name="@AfterMethod closeBrowser" time="0.0" classname="com.script.CbtCrowdEmailTest">
    <skipped/>
  </testcase> <!-- @AfterMethod closeBrowser -->
  <testcase name="@BeforeMethod launchBrowser" time="0.0" classname="com.script.CbtCrowdEmailTest">
    <skipped/>
  </testcase> <!-- @BeforeMethod launchBrowser -->
  <testcase name="@AfterMethod closeBrowser" time="0.0" classname="com.script.CbtCrowdEmailTest">
    <skipped/>
  </testcase> <!-- @AfterMethod closeBrowser -->
  <testcase name="@BeforeMethod launchBrowser" time="0.0" classname="com.script.CbtCrowdEmailTest">
    <skipped/>
  </testcase> <!-- @BeforeMethod launchBrowser -->
  <testcase name="@AfterMethod closeBrowser" time="0.0" classname="com.script.CbtCrowdEmailTest">
    <skipped/>
  </testcase> <!-- @AfterMethod closeBrowser -->
  <testcase name="@BeforeMethod launchBrowser" time="0.0" classname="com.script.CbtCrowdEmailTest">
    <skipped/>
  </testcase> <!-- @BeforeMethod launchBrowser -->
  <testcase name="@AfterMethod closeBrowser" time="0.0" classname="com.script.CbtCrowdEmailTest">
    <skipped/>
  </testcase> <!-- @AfterMethod closeBrowser -->
  <testcase name="@BeforeMethod launchBrowser" time="0.0" classname="com.script.CbtCrowdEmailTest">
    <skipped/>
  </testcase> <!-- @BeforeMethod launchBrowser -->
  <testcase name="@AfterMethod closeBrowser" time="0.0" classname="com.script.CbtCrowdEmailTest">
    <skipped/>
  </testcase> <!-- @AfterMethod closeBrowser -->
  <testcase name="@BeforeMethod launchBrowser" time="0.0" classname="com.script.CbtCrowdEmailTest">
    <skipped/>
  </testcase> <!-- @BeforeMethod launchBrowser -->
  <testcase name="@AfterMethod closeBrowser" time="0.0" classname="com.script.CbtCrowdEmailTest">
    <skipped/>
  </testcase> <!-- @AfterMethod closeBrowser -->
  <testcase name="@BeforeMethod launchBrowser" time="0.0" classname="com.script.CbtCrowdEmailTest">
    <skipped/>
  </testcase> <!-- @BeforeMethod launchBrowser -->
  <testcase name="@AfterMethod closeBrowser" time="0.0" classname="com.script.CbtCrowdEmailTest">
    <skipped/>
  </testcase> <!-- @AfterMethod closeBrowser -->
  <testcase name="@BeforeMethod launchBrowser" time="0.0" classname="com.script.CbtCrowdEmailTest">
    <skipped/>
  </testcase> <!-- @BeforeMethod launchBrowser -->
  <testcase name="@AfterMethod closeBrowser" time="0.0" classname="com.script.CbtCrowdEmailTest">
    <skipped/>
  </testcase> <!-- @AfterMethod closeBrowser -->
  <testcase name="@BeforeMethod launchBrowser" time="0.0" classname="com.script.CbtCrowdEmailTest">
    <skipped/>
  </testcase> <!-- @BeforeMethod launchBrowser -->
  <testcase name="@AfterMethod closeBrowser" time="0.0" classname="com.script.CbtCrowdEmailTest">
    <skipped/>
  </testcase> <!-- @AfterMethod closeBrowser -->
  <testcase name="@BeforeMethod launchBrowser" time="0.0" classname="com.script.CbtCrowdEmailTest">
    <skipped/>
  </testcase> <!-- @BeforeMethod launchBrowser -->
  <testcase name="@AfterMethod closeBrowser" time="0.0" classname="com.script.CbtCrowdEmailTest">
    <skipped/>
  </testcase> <!-- @AfterMethod closeBrowser -->
  <testcase name="@BeforeMethod launchBrowser" time="0.0" classname="com.script.CbtCrowdEmailTest">
    <skipped/>
  </testcase> <!-- @BeforeMethod launchBrowser -->
  <testcase name="@AfterMethod closeBrowser" time="0.0" classname="com.script.CbtCrowdEmailTest">
    <skipped/>
  </testcase> <!-- @AfterMethod closeBrowser -->
  <testcase name="@BeforeMethod launchBrowser" time="0.0" classname="com.script.CbtCrowdEmailTest">
    <skipped/>
  </testcase> <!-- @BeforeMethod launchBrowser -->
  <testcase name="@AfterMethod closeBrowser" time="0.0" classname="com.script.CbtCrowdEmailTest">
    <skipped/>
  </testcase> <!-- @AfterMethod closeBrowser -->
  <testcase name="@BeforeMethod launchBrowser" time="0.0" classname="com.script.CbtCrowdEmailTest">
    <skipped/>
  </testcase> <!-- @BeforeMethod launchBrowser -->
  <testcase name="@AfterMethod closeBrowser" time="0.0" classname="com.script.CbtCrowdEmailTest">
    <skipped/>
  </testcase> <!-- @AfterMethod closeBrowser -->
  <testcase name="@BeforeMethod launchBrowser" time="0.0" classname="com.script.CbtCrowdEmailTest">
    <skipped/>
  </testcase> <!-- @BeforeMethod launchBrowser -->
  <testcase name="@AfterMethod closeBrowser" time="0.0" classname="com.script.CbtCrowdEmailTest">
    <skipped/>
  </testcase> <!-- @AfterMethod closeBrowser -->
  <testcase name="@BeforeMethod launchBrowser" time="0.0" classname="com.script.CbtCrowdEmailTest">
    <skipped/>
  </testcase> <!-- @BeforeMethod launchBrowser -->
  <testcase name="@AfterMethod closeBrowser" time="0.0" classname="com.script.CbtCrowdEmailTest">
    <skipped/>
  </testcase> <!-- @AfterMethod closeBrowser -->
  <testcase name="@BeforeMethod launchBrowser" time="0.0" classname="com.script.CbtCrowdEmailTest">
    <skipped/>
  </testcase> <!-- @BeforeMethod launchBrowser -->
  <testcase name="@AfterMethod closeBrowser" time="0.0" classname="com.script.CbtCrowdEmailTest">
    <skipped/>
  </testcase> <!-- @AfterMethod closeBrowser -->
  <testcase name="@BeforeMethod launchBrowser" time="0.0" classname="com.script.CbtCrowdEmailTest">
    <skipped/>
  </testcase> <!-- @BeforeMethod launchBrowser -->
  <testcase name="@AfterMethod closeBrowser" time="0.0" classname="com.script.CbtCrowdEmailTest">
    <skipped/>
  </testcase> <!-- @AfterMethod closeBrowser -->
  <testcase name="@BeforeMethod launchBrowser" time="0.0" classname="com.script.CbtCrowdEmailTest">
    <skipped/>
  </testcase> <!-- @BeforeMethod launchBrowser -->
  <testcase name="@AfterMethod closeBrowser" time="0.0" classname="com.script.CbtCrowdEmailTest">
    <skipped/>
  </testcase> <!-- @AfterMethod closeBrowser -->
  <testcase name="@BeforeMethod launchBrowser" time="0.0" classname="com.script.CbtCrowdEmailTest">
    <skipped/>
  </testcase> <!-- @BeforeMethod launchBrowser -->
  <testcase name="@AfterMethod closeBrowser" time="0.0" classname="com.script.CbtCrowdEmailTest">
    <skipped/>
  </testcase> <!-- @AfterMethod closeBrowser -->
  <testcase name="@BeforeMethod launchBrowser" time="0.0" classname="com.script.CbtCrowdEmailTest">
    <skipped/>
  </testcase> <!-- @BeforeMethod launchBrowser -->
  <testcase name="@AfterMethod closeBrowser" time="0.0" classname="com.script.CbtCrowdEmailTest">
    <skipped/>
  </testcase> <!-- @AfterMethod closeBrowser -->
  <testcase name="@BeforeMethod launchBrowser" time="0.0" classname="com.script.CbtCrowdEmailTest">
    <skipped/>
  </testcase> <!-- @BeforeMethod launchBrowser -->
  <testcase name="@AfterMethod closeBrowser" time="0.0" classname="com.script.CbtCrowdEmailTest">
    <skipped/>
  </testcase> <!-- @AfterMethod closeBrowser -->
  <testcase name="@BeforeMethod launchBrowser" time="0.0" classname="com.script.CbtCrowdEmailTest">
    <skipped/>
  </testcase> <!-- @BeforeMethod launchBrowser -->
  <testcase name="@AfterMethod closeBrowser" time="0.0" classname="com.script.CbtCrowdEmailTest">
    <skipped/>
  </testcase> <!-- @AfterMethod closeBrowser -->
  <testcase name="@BeforeMethod launchBrowser" time="0.0" classname="com.script.CbtCrowdEmailTest">
    <skipped/>
  </testcase> <!-- @BeforeMethod launchBrowser -->
  <testcase name="@AfterMethod closeBrowser" time="0.0" classname="com.script.CbtCrowdEmailTest">
    <skipped/>
  </testcase> <!-- @AfterMethod closeBrowser -->
  <testcase name="@BeforeMethod launchBrowser" time="0.0" classname="com.script.CbtCrowdEmailTest">
    <skipped/>
  </testcase> <!-- @BeforeMethod launchBrowser -->
  <testcase name="@AfterMethod closeBrowser" time="0.0" classname="com.script.CbtCrowdEmailTest">
    <skipped/>
  </testcase> <!-- @AfterMethod closeBrowser -->
  <testcase name="@BeforeMethod launchBrowser" time="0.0" classname="com.script.CbtCrowdEmailTest">
    <skipped/>
  </testcase> <!-- @BeforeMethod launchBrowser -->
  <testcase name="@AfterMethod closeBrowser" time="0.0" classname="com.script.CbtCrowdEmailTest">
    <skipped/>
  </testcase> <!-- @AfterMethod closeBrowser -->
  <testcase name="@BeforeMethod launchBrowser" time="0.0" classname="com.script.CbtCrowdEmailTest">
    <skipped/>
  </testcase> <!-- @BeforeMethod launchBrowser -->
  <testcase name="@AfterMethod closeBrowser" time="0.0" classname="com.script.CbtCrowdEmailTest">
    <skipped/>
  </testcase> <!-- @AfterMethod closeBrowser -->
  <testcase name="@BeforeMethod launchBrowser" time="0.0" classname="com.script.CbtCrowdEmailTest">
    <skipped/>
  </testcase> <!-- @BeforeMethod launchBrowser -->
  <testcase name="@AfterMethod closeBrowser" time="0.0" classname="com.script.CbtCrowdEmailTest">
    <skipped/>
  </testcase> <!-- @AfterMethod closeBrowser -->
  <testcase name="@BeforeMethod launchBrowser" time="0.0" classname="com.script.CbtCrowdEmailTest">
    <skipped/>
  </testcase> <!-- @BeforeMethod launchBrowser -->
  <testcase name="@AfterMethod closeBrowser" time="0.0" classname="com.script.CbtCrowdEmailTest">
    <skipped/>
  </testcase> <!-- @AfterMethod closeBrowser -->
  <testcase name="@BeforeMethod launchBrowser" time="0.0" classname="com.script.CbtCrowdEmailTest">
    <skipped/>
  </testcase> <!-- @BeforeMethod launchBrowser -->
  <testcase name="@AfterMethod closeBrowser" time="0.0" classname="com.script.CbtCrowdEmailTest">
    <skipped/>
  </testcase> <!-- @AfterMethod closeBrowser -->
  <testcase name="@BeforeMethod launchBrowser" time="0.0" classname="com.script.CbtCrowdEmailTest">
    <skipped/>
  </testcase> <!-- @BeforeMethod launchBrowser -->
  <testcase name="@AfterMethod closeBrowser" time="0.0" classname="com.script.CbtCrowdEmailTest">
    <skipped/>
  </testcase> <!-- @AfterMethod closeBrowser -->
  <testcase name="@BeforeMethod launchBrowser" time="0.0" classname="com.script.CbtCrowdEmailTest">
    <skipped/>
  </testcase> <!-- @BeforeMethod launchBrowser -->
  <testcase name="@AfterMethod closeBrowser" time="0.0" classname="com.script.CbtCrowdEmailTest">
    <skipped/>
  </testcase> <!-- @AfterMethod closeBrowser -->
  <testcase name="@BeforeMethod launchBrowser" time="0.0" classname="com.script.CbtCrowdEmailTest">
    <skipped/>
  </testcase> <!-- @BeforeMethod launchBrowser -->
  <testcase name="@AfterMethod closeBrowser" time="0.0" classname="com.script.CbtCrowdEmailTest">
    <skipped/>
  </testcase> <!-- @AfterMethod closeBrowser -->
  <testcase name="@BeforeMethod launchBrowser" time="0.0" classname="com.script.CbtCrowdEmailTest">
    <skipped/>
  </testcase> <!-- @BeforeMethod launchBrowser -->
  <testcase name="@AfterMethod closeBrowser" time="0.0" classname="com.script.CbtCrowdEmailTest">
    <skipped/>
  </testcase> <!-- @AfterMethod closeBrowser -->
  <testcase name="@BeforeMethod launchBrowser" time="0.0" classname="com.script.CbtCrowdEmailTest">
    <skipped/>
  </testcase> <!-- @BeforeMethod launchBrowser -->
  <testcase name="@AfterMethod closeBrowser" time="0.0" classname="com.script.CbtCrowdEmailTest">
    <skipped/>
  </testcase> <!-- @AfterMethod closeBrowser -->
  <testcase name="@BeforeMethod launchBrowser" time="0.0" classname="com.script.CbtCrowdEmailTest">
    <skipped/>
  </testcase> <!-- @BeforeMethod launchBrowser -->
  <testcase name="@AfterMethod closeBrowser" time="0.0" classname="com.script.CbtCrowdEmailTest">
    <skipped/>
  </testcase> <!-- @AfterMethod closeBrowser -->
  <testcase name="@BeforeMethod launchBrowser" time="0.0" classname="com.script.CbtCrowdEmailTest">
    <skipped/>
  </testcase> <!-- @BeforeMethod launchBrowser -->
  <testcase name="@AfterMethod closeBrowser" time="0.0" classname="com.script.CbtCrowdEmailTest">
    <skipped/>
  </testcase> <!-- @AfterMethod closeBrowser -->
  <testcase name="@BeforeMethod launchBrowser" time="0.0" classname="com.script.CbtCrowdEmailTest">
    <skipped/>
  </testcase> <!-- @BeforeMethod launchBrowser -->
  <testcase name="@AfterMethod closeBrowser" time="0.0" classname="com.script.CbtCrowdEmailTest">
    <skipped/>
  </testcase> <!-- @AfterMethod closeBrowser -->
  <testcase name="@BeforeMethod launchBrowser" time="0.0" classname="com.script.CbtCrowdEmailTest">
    <skipped/>
  </testcase> <!-- @BeforeMethod launchBrowser -->
  <testcase name="@AfterMethod closeBrowser" time="0.0" classname="com.script.CbtCrowdEmailTest">
    <skipped/>
  </testcase> <!-- @AfterMethod closeBrowser -->
  <testcase name="@BeforeMethod launchBrowser" time="0.0" classname="com.script.CbtCrowdEmailTest">
    <skipped/>
  </testcase> <!-- @BeforeMethod launchBrowser -->
  <testcase name="@AfterMethod closeBrowser" time="0.0" classname="com.script.CbtCrowdEmailTest">
    <skipped/>
  </testcase> <!-- @AfterMethod closeBrowser -->
  <testcase name="@BeforeMethod launchBrowser" time="0.0" classname="com.script.CbtCrowdEmailTest">
    <skipped/>
  </testcase> <!-- @BeforeMethod launchBrowser -->
  <testcase name="@AfterMethod closeBrowser" time="0.0" classname="com.script.CbtCrowdEmailTest">
    <skipped/>
  </testcase> <!-- @AfterMethod closeBrowser -->
  <testcase name="@BeforeMethod launchBrowser" time="0.0" classname="com.script.CbtCrowdEmailTest">
    <skipped/>
  </testcase> <!-- @BeforeMethod launchBrowser -->
  <testcase name="@AfterMethod closeBrowser" time="0.0" classname="com.script.CbtCrowdEmailTest">
    <skipped/>
  </testcase> <!-- @AfterMethod closeBrowser -->
  <testcase name="@BeforeMethod launchBrowser" time="0.0" classname="com.script.CbtCrowdEmailTest">
    <skipped/>
  </testcase> <!-- @BeforeMethod launchBrowser -->
  <testcase name="@AfterMethod closeBrowser" time="0.0" classname="com.script.CbtCrowdEmailTest">
    <skipped/>
  </testcase> <!-- @AfterMethod closeBrowser -->
  <testcase name="@BeforeMethod launchBrowser" time="0.0" classname="com.script.CbtCrowdEmailTest">
    <skipped/>
  </testcase> <!-- @BeforeMethod launchBrowser -->
  <testcase name="@AfterMethod closeBrowser" time="0.0" classname="com.script.CbtCrowdEmailTest">
    <skipped/>
  </testcase> <!-- @AfterMethod closeBrowser -->
  <testcase name="@BeforeMethod launchBrowser" time="0.0" classname="com.script.CbtCrowdEmailTest">
    <skipped/>
  </testcase> <!-- @BeforeMethod launchBrowser -->
  <testcase name="@AfterMethod closeBrowser" time="0.0" classname="com.script.CbtCrowdEmailTest">
    <skipped/>
  </testcase> <!-- @AfterMethod closeBrowser -->
  <testcase name="@BeforeMethod launchBrowser" time="0.0" classname="com.script.CbtCrowdEmailTest">
    <skipped/>
  </testcase> <!-- @BeforeMethod launchBrowser -->
  <testcase name="@AfterMethod closeBrowser" time="0.0" classname="com.script.CbtCrowdEmailTest">
    <skipped/>
  </testcase> <!-- @AfterMethod closeBrowser -->
  <testcase name="@BeforeMethod launchBrowser" time="0.0" classname="com.script.CbtCrowdEmailTest">
    <skipped/>
  </testcase> <!-- @BeforeMethod launchBrowser -->
  <testcase name="@AfterMethod closeBrowser" time="0.0" classname="com.script.CbtCrowdEmailTest">
    <skipped/>
  </testcase> <!-- @AfterMethod closeBrowser -->
  <testcase name="@BeforeMethod launchBrowser" time="0.0" classname="com.script.CbtCrowdEmailTest">
    <skipped/>
  </testcase> <!-- @BeforeMethod launchBrowser -->
  <testcase name="@AfterMethod closeBrowser" time="0.0" classname="com.script.CbtCrowdEmailTest">
    <skipped/>
  </testcase> <!-- @AfterMethod closeBrowser -->
  <testcase name="@BeforeMethod launchBrowser" time="0.0" classname="com.script.CbtCrowdEmailTest">
    <skipped/>
  </testcase> <!-- @BeforeMethod launchBrowser -->
  <testcase name="@AfterMethod closeBrowser" time="0.0" classname="com.script.CbtCrowdEmailTest">
    <skipped/>
  </testcase> <!-- @AfterMethod closeBrowser -->
  <testcase name="@BeforeMethod launchBrowser" time="0.0" classname="com.script.CbtCrowdEmailTest">
    <skipped/>
  </testcase> <!-- @BeforeMethod launchBrowser -->
  <testcase name="@AfterMethod closeBrowser" time="0.0" classname="com.script.CbtCrowdEmailTest">
    <skipped/>
  </testcase> <!-- @AfterMethod closeBrowser -->
  <testcase name="@BeforeMethod launchBrowser" time="0.0" classname="com.script.CbtCrowdEmailTest">
    <skipped/>
  </testcase> <!-- @BeforeMethod launchBrowser -->
  <testcase name="@AfterMethod closeBrowser" time="0.0" classname="com.script.CbtCrowdEmailTest">
    <skipped/>
  </testcase> <!-- @AfterMethod closeBrowser -->
  <testcase name="@BeforeMethod launchBrowser" time="0.0" classname="com.script.CbtCrowdEmailTest">
    <skipped/>
  </testcase> <!-- @BeforeMethod launchBrowser -->
  <testcase name="@AfterMethod closeBrowser" time="0.0" classname="com.script.CbtCrowdEmailTest">
    <skipped/>
  </testcase> <!-- @AfterMethod closeBrowser -->
  <testcase name="@BeforeMethod launchBrowser" time="0.0" classname="com.script.CbtCrowdEmailTest">
    <skipped/>
  </testcase> <!-- @BeforeMethod launchBrowser -->
  <testcase name="@AfterMethod closeBrowser" time="0.0" classname="com.script.CbtCrowdEmailTest">
    <skipped/>
  </testcase> <!-- @AfterMethod closeBrowser -->
  <testcase name="@BeforeMethod launchBrowser" time="0.0" classname="com.script.CbtCrowdEmailTest">
    <skipped/>
  </testcase> <!-- @BeforeMethod launchBrowser -->
  <testcase name="@AfterMethod closeBrowser" time="0.0" classname="com.script.CbtCrowdEmailTest">
    <skipped/>
  </testcase> <!-- @AfterMethod closeBrowser -->
  <testcase name="@BeforeMethod launchBrowser" time="0.0" classname="com.script.CbtCrowdEmailTest">
    <skipped/>
  </testcase> <!-- @BeforeMethod launchBrowser -->
  <testcase name="@AfterMethod closeBrowser" time="0.0" classname="com.script.CbtCrowdEmailTest">
    <skipped/>
  </testcase> <!-- @AfterMethod closeBrowser -->
  <testcase name="@BeforeMethod launchBrowser" time="0.0" classname="com.script.CbtCrowdEmailTest">
    <skipped/>
  </testcase> <!-- @BeforeMethod launchBrowser -->
  <testcase name="@AfterMethod closeBrowser" time="0.0" classname="com.script.CbtCrowdEmailTest">
    <skipped/>
  </testcase> <!-- @AfterMethod closeBrowser -->
  <testcase name="@BeforeMethod launchBrowser" time="0.0" classname="com.script.CbtCrowdEmailTest">
    <skipped/>
  </testcase> <!-- @BeforeMethod launchBrowser -->
  <testcase name="@AfterMethod closeBrowser" time="0.0" classname="com.script.CbtCrowdEmailTest">
    <skipped/>
  </testcase> <!-- @AfterMethod closeBrowser -->
  <testcase name="@BeforeMethod launchBrowser" time="0.0" classname="com.script.CbtCrowdEmailTest">
    <skipped/>
  </testcase> <!-- @BeforeMethod launchBrowser -->
  <testcase name="@AfterMethod closeBrowser" time="0.0" classname="com.script.CbtCrowdEmailTest">
    <skipped/>
  </testcase> <!-- @AfterMethod closeBrowser -->
  <testcase name="@BeforeMethod launchBrowser" time="0.0" classname="com.script.CbtCrowdEmailTest">
    <skipped/>
  </testcase> <!-- @BeforeMethod launchBrowser -->
  <testcase name="@AfterMethod closeBrowser" time="0.0" classname="com.script.CbtCrowdEmailTest">
    <skipped/>
  </testcase> <!-- @AfterMethod closeBrowser -->
  <testcase name="@BeforeMethod launchBrowser" time="0.0" classname="com.script.CbtCrowdEmailTest">
    <skipped/>
  </testcase> <!-- @BeforeMethod launchBrowser -->
  <testcase name="@AfterMethod closeBrowser" time="0.0" classname="com.script.CbtCrowdEmailTest">
    <skipped/>
  </testcase> <!-- @AfterMethod closeBrowser -->
  <testcase name="@BeforeMethod launchBrowser" time="0.0" classname="com.script.CbtCrowdEmailTest">
    <skipped/>
  </testcase> <!-- @BeforeMethod launchBrowser -->
  <testcase name="@AfterMethod closeBrowser" time="0.0" classname="com.script.CbtCrowdEmailTest">
    <skipped/>
  </testcase> <!-- @AfterMethod closeBrowser -->
  <testcase name="@BeforeMethod launchBrowser" time="0.0" classname="com.script.CbtCrowdEmailTest">
    <skipped/>
  </testcase> <!-- @BeforeMethod launchBrowser -->
  <testcase name="@AfterMethod closeBrowser" time="0.0" classname="com.script.CbtCrowdEmailTest">
    <skipped/>
  </testcase> <!-- @AfterMethod closeBrowser -->
  <testcase name="@BeforeMethod launchBrowser" time="0.0" classname="com.script.CbtCrowdEmailTest">
    <skipped/>
  </testcase> <!-- @BeforeMethod launchBrowser -->
  <testcase name="@AfterMethod closeBrowser" time="0.0" classname="com.script.CbtCrowdEmailTest">
    <skipped/>
  </testcase> <!-- @AfterMethod closeBrowser -->
  <testcase name="@BeforeMethod launchBrowser" time="0.0" classname="com.script.CbtCrowdEmailTest">
    <skipped/>
  </testcase> <!-- @BeforeMethod launchBrowser -->
  <testcase name="@AfterMethod closeBrowser" time="0.0" classname="com.script.CbtCrowdEmailTest">
    <skipped/>
  </testcase> <!-- @AfterMethod closeBrowser -->
  <testcase name="@BeforeMethod launchBrowser" time="0.0" classname="com.script.CbtCrowdEmailTest">
    <skipped/>
  </testcase> <!-- @BeforeMethod launchBrowser -->
  <testcase name="@AfterMethod closeBrowser" time="0.0" classname="com.script.CbtCrowdEmailTest">
    <skipped/>
  </testcase> <!-- @AfterMethod closeBrowser -->
  <testcase name="@BeforeMethod launchBrowser" time="0.0" classname="com.script.CbtCrowdEmailTest">
    <skipped/>
  </testcase> <!-- @BeforeMethod launchBrowser -->
  <testcase name="@AfterMethod closeBrowser" time="0.0" classname="com.script.CbtCrowdEmailTest">
    <skipped/>
  </testcase> <!-- @AfterMethod closeBrowser -->
  <testcase name="@BeforeMethod launchBrowser" time="0.0" classname="com.script.CbtCrowdEmailTest">
    <skipped/>
  </testcase> <!-- @BeforeMethod launchBrowser -->
  <testcase name="@AfterMethod closeBrowser" time="0.0" classname="com.script.CbtCrowdEmailTest">
    <skipped/>
  </testcase> <!-- @AfterMethod closeBrowser -->
  <testcase name="@BeforeMethod launchBrowser" time="0.0" classname="com.script.CbtCrowdEmailTest">
    <skipped/>
  </testcase> <!-- @BeforeMethod launchBrowser -->
  <testcase name="@AfterMethod closeBrowser" time="0.0" classname="com.script.CbtCrowdEmailTest">
    <skipped/>
  </testcase> <!-- @AfterMethod closeBrowser -->
  <testcase name="@BeforeMethod launchBrowser" time="0.0" classname="com.script.CbtCrowdEmailTest">
    <skipped/>
  </testcase> <!-- @BeforeMethod launchBrowser -->
  <testcase name="@AfterMethod closeBrowser" time="0.0" classname="com.script.CbtCrowdEmailTest">
    <skipped/>
  </testcase> <!-- @AfterMethod closeBrowser -->
  <testcase name="@BeforeMethod launchBrowser" time="0.0" classname="com.script.CbtCrowdEmailTest">
    <skipped/>
  </testcase> <!-- @BeforeMethod launchBrowser -->
  <testcase name="@AfterMethod closeBrowser" time="0.0" classname="com.script.CbtCrowdEmailTest">
    <skipped/>
  </testcase> <!-- @AfterMethod closeBrowser -->
  <testcase name="@BeforeMethod launchBrowser" time="0.0" classname="com.script.CbtCrowdEmailTest">
    <skipped/>
  </testcase> <!-- @BeforeMethod launchBrowser -->
  <testcase name="@AfterMethod closeBrowser" time="0.0" classname="com.script.CbtCrowdEmailTest">
    <skipped/>
  </testcase> <!-- @AfterMethod closeBrowser -->
  <testcase name="@BeforeMethod launchBrowser" time="0.0" classname="com.script.CbtCrowdEmailTest">
    <skipped/>
  </testcase> <!-- @BeforeMethod launchBrowser -->
  <testcase name="@AfterMethod closeBrowser" time="0.0" classname="com.script.CbtCrowdEmailTest">
    <skipped/>
  </testcase> <!-- @AfterMethod closeBrowser -->
  <testcase name="@BeforeMethod launchBrowser" time="0.0" classname="com.script.CbtCrowdEmailTest">
    <skipped/>
  </testcase> <!-- @BeforeMethod launchBrowser -->
  <testcase name="@AfterMethod closeBrowser" time="0.0" classname="com.script.CbtCrowdEmailTest">
    <skipped/>
  </testcase> <!-- @AfterMethod closeBrowser -->
  <testcase name="@BeforeMethod launchBrowser" time="0.0" classname="com.script.CbtCrowdEmailTest">
    <skipped/>
  </testcase> <!-- @BeforeMethod launchBrowser -->
  <testcase name="@AfterMethod closeBrowser" time="0.0" classname="com.script.CbtCrowdEmailTest">
    <skipped/>
  </testcase> <!-- @AfterMethod closeBrowser -->
  <testcase name="@BeforeMethod launchBrowser" time="0.0" classname="com.script.CbtCrowdEmailTest">
    <skipped/>
  </testcase> <!-- @BeforeMethod launchBrowser -->
  <testcase name="@AfterMethod closeBrowser" time="0.0" classname="com.script.CbtCrowdEmailTest">
    <skipped/>
  </testcase> <!-- @AfterMethod closeBrowser -->
  <testcase name="@BeforeMethod launchBrowser" time="0.0" classname="com.script.CbtCrowdEmailTest">
    <skipped/>
  </testcase> <!-- @BeforeMethod launchBrowser -->
  <testcase name="@AfterMethod closeBrowser" time="0.0" classname="com.script.CbtCrowdEmailTest">
    <skipped/>
  </testcase> <!-- @AfterMethod closeBrowser -->
  <testcase name="@BeforeMethod launchBrowser" time="0.0" classname="com.script.CbtCrowdEmailTest">
    <skipped/>
  </testcase> <!-- @BeforeMethod launchBrowser -->
  <testcase name="@AfterMethod closeBrowser" time="0.0" classname="com.script.CbtCrowdEmailTest">
    <skipped/>
  </testcase> <!-- @AfterMethod closeBrowser -->
  <testcase name="@BeforeMethod launchBrowser" time="0.0" classname="com.script.CbtCrowdEmailTest">
    <skipped/>
  </testcase> <!-- @BeforeMethod launchBrowser -->
  <testcase name="@AfterMethod closeBrowser" time="0.0" classname="com.script.CbtCrowdEmailTest">
    <skipped/>
  </testcase> <!-- @AfterMethod closeBrowser -->
  <testcase name="@BeforeMethod launchBrowser" time="0.0" classname="com.script.CbtCrowdEmailTest">
    <skipped/>
  </testcase> <!-- @BeforeMethod launchBrowser -->
  <testcase name="@AfterMethod closeBrowser" time="0.0" classname="com.script.CbtCrowdEmailTest">
    <skipped/>
  </testcase> <!-- @AfterMethod closeBrowser -->
  <testcase name="@BeforeMethod launchBrowser" time="0.0" classname="com.script.CbtCrowdEmailTest">
    <skipped/>
  </testcase> <!-- @BeforeMethod launchBrowser -->
  <testcase name="@AfterMethod closeBrowser" time="0.0" classname="com.script.CbtCrowdEmailTest">
    <skipped/>
  </testcase> <!-- @AfterMethod closeBrowser -->
  <testcase name="@BeforeMethod launchBrowser" time="0.0" classname="com.script.CbtCrowdEmailTest">
    <skipped/>
  </testcase> <!-- @BeforeMethod launchBrowser -->
  <testcase name="@AfterMethod closeBrowser" time="0.0" classname="com.script.CbtCrowdEmailTest">
    <skipped/>
  </testcase> <!-- @AfterMethod closeBrowser -->
  <testcase name="@BeforeMethod launchBrowser" time="0.0" classname="com.script.CbtCrowdEmailTest">
    <skipped/>
  </testcase> <!-- @BeforeMethod launchBrowser -->
  <testcase name="@AfterMethod closeBrowser" time="0.0" classname="com.script.CbtCrowdEmailTest">
    <skipped/>
  </testcase> <!-- @AfterMethod closeBrowser -->
  <testcase name="@BeforeMethod launchBrowser" time="0.0" classname="com.script.CbtCrowdEmailTest">
    <skipped/>
  </testcase> <!-- @BeforeMethod launchBrowser -->
  <testcase name="@AfterMethod closeBrowser" time="0.0" classname="com.script.CbtCrowdEmailTest">
    <skipped/>
  </testcase> <!-- @AfterMethod closeBrowser -->
  <testcase name="@BeforeMethod launchBrowser" time="0.0" classname="com.script.CbtCrowdEmailTest">
    <skipped/>
  </testcase> <!-- @BeforeMethod launchBrowser -->
  <testcase name="@AfterMethod closeBrowser" time="0.0" classname="com.script.CbtCrowdEmailTest">
    <skipped/>
  </testcase> <!-- @AfterMethod closeBrowser -->
  <testcase name="@BeforeMethod launchBrowser" time="0.0" classname="com.script.CbtCrowdEmailTest">
    <skipped/>
  </testcase> <!-- @BeforeMethod launchBrowser -->
  <testcase name="@AfterMethod closeBrowser" time="0.0" classname="com.script.CbtCrowdEmailTest">
    <skipped/>
  </testcase> <!-- @AfterMethod closeBrowser -->
  <testcase name="@BeforeMethod launchBrowser" time="0.0" classname="com.script.CbtCrowdEmailTest">
    <skipped/>
  </testcase> <!-- @BeforeMethod launchBrowser -->
  <testcase name="@AfterMethod closeBrowser" time="0.0" classname="com.script.CbtCrowdEmailTest">
    <skipped/>
  </testcase> <!-- @AfterMethod closeBrowser -->
  <testcase name="@BeforeMethod launchBrowser" time="0.0" classname="com.script.CbtCrowdEmailTest">
    <skipped/>
  </testcase> <!-- @BeforeMethod launchBrowser -->
  <testcase name="@AfterMethod closeBrowser" time="0.0" classname="com.script.CbtCrowdEmailTest">
    <skipped/>
  </testcase> <!-- @AfterMethod closeBrowser -->
  <testcase name="@BeforeMethod launchBrowser" time="0.0" classname="com.script.CbtCrowdEmailTest">
    <skipped/>
  </testcase> <!-- @BeforeMethod launchBrowser -->
  <testcase name="@AfterMethod closeBrowser" time="0.0" classname="com.script.CbtCrowdEmailTest">
    <skipped/>
  </testcase> <!-- @AfterMethod closeBrowser -->
  <testcase name="@BeforeMethod launchBrowser" time="0.0" classname="com.script.CbtCrowdEmailTest">
    <skipped/>
  </testcase> <!-- @BeforeMethod launchBrowser -->
  <testcase name="@AfterMethod closeBrowser" time="0.0" classname="com.script.CbtCrowdEmailTest">
    <skipped/>
  </testcase> <!-- @AfterMethod closeBrowser -->
  <testcase name="@BeforeMethod launchBrowser" time="0.0" classname="com.script.CbtCrowdEmailTest">
    <skipped/>
  </testcase> <!-- @BeforeMethod launchBrowser -->
  <testcase name="@AfterMethod closeBrowser" time="0.0" classname="com.script.CbtCrowdEmailTest">
    <skipped/>
  </testcase> <!-- @AfterMethod closeBrowser -->
  <testcase name="@BeforeMethod launchBrowser" time="0.0" classname="com.script.CbtCrowdEmailTest">
    <skipped/>
  </testcase> <!-- @BeforeMethod launchBrowser -->
  <testcase name="@AfterMethod closeBrowser" time="0.0" classname="com.script.CbtCrowdEmailTest">
    <skipped/>
  </testcase> <!-- @AfterMethod closeBrowser -->
  <testcase name="loginToWord" time="55.201" classname="com.script.CbtCrowdEmailTest"/>
  <testcase name="loginToWord" time="0.0" classname="com.script.CbtCrowdEmailTest">
    <skipped/>
  </testcase> <!-- loginToWord -->
  <testcase name="loginToWord" time="0.0" classname="com.script.CbtCrowdEmailTest">
    <skipped/>
  </testcase> <!-- loginToWord -->
  <testcase name="loginToWord" time="0.0" classname="com.script.CbtCrowdEmailTest">
    <skipped/>
  </testcase> <!-- loginToWord -->
  <testcase name="loginToWord" time="0.0" classname="com.script.CbtCrowdEmailTest">
    <skipped/>
  </testcase> <!-- loginToWord -->
  <testcase name="loginToWord" time="0.0" classname="com.script.CbtCrowdEmailTest">
    <skipped/>
  </testcase> <!-- loginToWord -->
  <testcase name="loginToWord" time="0.0" classname="com.script.CbtCrowdEmailTest">
    <skipped/>
  </testcase> <!-- loginToWord -->
  <testcase name="loginToWord" time="0.0" classname="com.script.CbtCrowdEmailTest">
    <skipped/>
  </testcase> <!-- loginToWord -->
  <testcase name="loginToWord" time="0.001" classname="com.script.CbtCrowdEmailTest">
    <skipped/>
  </testcase> <!-- loginToWord -->
  <testcase name="loginToWord" time="0.0" classname="com.script.CbtCrowdEmailTest">
    <skipped/>
  </testcase> <!-- loginToWord -->
  <testcase name="loginToWord" time="0.0" classname="com.script.CbtCrowdEmailTest">
    <skipped/>
  </testcase> <!-- loginToWord -->
  <testcase name="loginToWord" time="0.0" classname="com.script.CbtCrowdEmailTest">
    <skipped/>
  </testcase> <!-- loginToWord -->
  <testcase name="loginToWord" time="0.0" classname="com.script.CbtCrowdEmailTest">
    <skipped/>
  </testcase> <!-- loginToWord -->
  <testcase name="loginToWord" time="0.0" classname="com.script.CbtCrowdEmailTest">
    <skipped/>
  </testcase> <!-- loginToWord -->
  <testcase name="loginToWord" time="0.001" classname="com.script.CbtCrowdEmailTest">
    <skipped/>
  </testcase> <!-- loginToWord -->
  <testcase name="loginToWord" time="0.0" classname="com.script.CbtCrowdEmailTest">
    <skipped/>
  </testcase> <!-- loginToWord -->
  <testcase name="loginToWord" time="0.0" classname="com.script.CbtCrowdEmailTest">
    <skipped/>
  </testcase> <!-- loginToWord -->
  <testcase name="loginToWord" time="0.0" classname="com.script.CbtCrowdEmailTest">
    <skipped/>
  </testcase> <!-- loginToWord -->
  <testcase name="loginToWord" time="0.0" classname="com.script.CbtCrowdEmailTest">
    <skipped/>
  </testcase> <!-- loginToWord -->
  <testcase name="loginToWord" time="0.0" classname="com.script.CbtCrowdEmailTest">
    <skipped/>
  </testcase> <!-- loginToWord -->
  <testcase name="loginToWord" time="0.001" classname="com.script.CbtCrowdEmailTest">
    <skipped/>
  </testcase> <!-- loginToWord -->
  <testcase name="loginToWord" time="0.0" classname="com.script.CbtCrowdEmailTest">
    <skipped/>
  </testcase> <!-- loginToWord -->
  <testcase name="loginToWord" time="0.0" classname="com.script.CbtCrowdEmailTest">
    <skipped/>
  </testcase> <!-- loginToWord -->
  <testcase name="loginToWord" time="0.0" classname="com.script.CbtCrowdEmailTest">
    <skipped/>
  </testcase> <!-- loginToWord -->
  <testcase name="loginToWord" time="0.0" classname="com.script.CbtCrowdEmailTest">
    <skipped/>
  </testcase> <!-- loginToWord -->
  <testcase name="loginToWord" time="0.0" classname="com.script.CbtCrowdEmailTest">
    <skipped/>
  </testcase> <!-- loginToWord -->
  <testcase name="loginToWord" time="0.001" classname="com.script.CbtCrowdEmailTest">
    <skipped/>
  </testcase> <!-- loginToWord -->
  <testcase name="loginToWord" time="0.0" classname="com.script.CbtCrowdEmailTest">
    <skipped/>
  </testcase> <!-- loginToWord -->
  <testcase name="loginToWord" time="0.0" classname="com.script.CbtCrowdEmailTest">
    <skipped/>
  </testcase> <!-- loginToWord -->
  <testcase name="loginToWord" time="0.0" classname="com.script.CbtCrowdEmailTest">
    <skipped/>
  </testcase> <!-- loginToWord -->
  <testcase name="loginToWord" time="0.0" classname="com.script.CbtCrowdEmailTest">
    <skipped/>
  </testcase> <!-- loginToWord -->
  <testcase name="loginToWord" time="0.0" classname="com.script.CbtCrowdEmailTest">
    <skipped/>
  </testcase> <!-- loginToWord -->
  <testcase name="loginToWord" time="0.001" classname="com.script.CbtCrowdEmailTest">
    <skipped/>
  </testcase> <!-- loginToWord -->
  <testcase name="loginToWord" time="0.0" classname="com.script.CbtCrowdEmailTest">
    <skipped/>
  </testcase> <!-- loginToWord -->
  <testcase name="loginToWord" time="0.0" classname="com.script.CbtCrowdEmailTest">
    <skipped/>
  </testcase> <!-- loginToWord -->
  <testcase name="loginToWord" time="0.0" classname="com.script.CbtCrowdEmailTest">
    <skipped/>
  </testcase> <!-- loginToWord -->
  <testcase name="loginToWord" time="0.0" classname="com.script.CbtCrowdEmailTest">
    <skipped/>
  </testcase> <!-- loginToWord -->
  <testcase name="loginToWord" time="0.0" classname="com.script.CbtCrowdEmailTest">
    <skipped/>
  </testcase> <!-- loginToWord -->
  <testcase name="loginToWord" time="0.0" classname="com.script.CbtCrowdEmailTest">
    <skipped/>
  </testcase> <!-- loginToWord -->
  <testcase name="loginToWord" time="0.0" classname="com.script.CbtCrowdEmailTest">
    <skipped/>
  </testcase> <!-- loginToWord -->
  <testcase name="loginToWord" time="0.0" classname="com.script.CbtCrowdEmailTest">
    <skipped/>
  </testcase> <!-- loginToWord -->
  <testcase name="loginToWord" time="0.0" classname="com.script.CbtCrowdEmailTest">
    <skipped/>
  </testcase> <!-- loginToWord -->
  <testcase name="loginToWord" time="0.0" classname="com.script.CbtCrowdEmailTest">
    <skipped/>
  </testcase> <!-- loginToWord -->
  <testcase name="loginToWord" time="0.0" classname="com.script.CbtCrowdEmailTest">
    <skipped/>
  </testcase> <!-- loginToWord -->
  <testcase name="loginToWord" time="0.0" classname="com.script.CbtCrowdEmailTest">
    <skipped/>
  </testcase> <!-- loginToWord -->
  <testcase name="loginToWord" time="0.0" classname="com.script.CbtCrowdEmailTest">
    <skipped/>
  </testcase> <!-- loginToWord -->
  <testcase name="loginToWord" time="0.0" classname="com.script.CbtCrowdEmailTest">
    <skipped/>
  </testcase> <!-- loginToWord -->
  <testcase name="loginToWord" time="0.0" classname="com.script.CbtCrowdEmailTest">
    <skipped/>
  </testcase> <!-- loginToWord -->
  <testcase name="loginToWord" time="0.0" classname="com.script.CbtCrowdEmailTest">
    <skipped/>
  </testcase> <!-- loginToWord -->
  <testcase name="loginToWord" time="0.0" classname="com.script.CbtCrowdEmailTest">
    <skipped/>
  </testcase> <!-- loginToWord -->
  <testcase name="loginToWord" time="0.0" classname="com.script.CbtCrowdEmailTest">
    <skipped/>
  </testcase> <!-- loginToWord -->
  <testcase name="loginToWord" time="0.0" classname="com.script.CbtCrowdEmailTest">
    <skipped/>
  </testcase> <!-- loginToWord -->
  <testcase name="loginToWord" time="0.0" classname="com.script.CbtCrowdEmailTest">
    <skipped/>
  </testcase> <!-- loginToWord -->
  <testcase name="loginToWord" time="0.0" classname="com.script.CbtCrowdEmailTest">
    <skipped/>
  </testcase> <!-- loginToWord -->
  <testcase name="loginToWord" time="0.0" classname="com.script.CbtCrowdEmailTest">
    <skipped/>
  </testcase> <!-- loginToWord -->
  <testcase name="loginToWord" time="0.0" classname="com.script.CbtCrowdEmailTest">
    <skipped/>
  </testcase> <!-- loginToWord -->
  <testcase name="loginToWord" time="0.0" classname="com.script.CbtCrowdEmailTest">
    <skipped/>
  </testcase> <!-- loginToWord -->
  <testcase name="loginToWord" time="0.0" classname="com.script.CbtCrowdEmailTest">
    <skipped/>
  </testcase> <!-- loginToWord -->
  <testcase name="loginToWord" time="0.0" classname="com.script.CbtCrowdEmailTest">
    <skipped/>
  </testcase> <!-- loginToWord -->
  <testcase name="loginToWord" time="0.0" classname="com.script.CbtCrowdEmailTest">
    <skipped/>
  </testcase> <!-- loginToWord -->
  <testcase name="loginToWord" time="0.0" classname="com.script.CbtCrowdEmailTest">
    <skipped/>
  </testcase> <!-- loginToWord -->
  <testcase name="loginToWord" time="0.0" classname="com.script.CbtCrowdEmailTest">
    <skipped/>
  </testcase> <!-- loginToWord -->
  <testcase name="loginToWord" time="0.001" classname="com.script.CbtCrowdEmailTest">
    <skipped/>
  </testcase> <!-- loginToWord -->
  <testcase name="loginToWord" time="0.0" classname="com.script.CbtCrowdEmailTest">
    <skipped/>
  </testcase> <!-- loginToWord -->
  <testcase name="loginToWord" time="0.0" classname="com.script.CbtCrowdEmailTest">
    <skipped/>
  </testcase> <!-- loginToWord -->
  <testcase name="loginToWord" time="0.0" classname="com.script.CbtCrowdEmailTest">
    <skipped/>
  </testcase> <!-- loginToWord -->
  <testcase name="loginToWord" time="0.0" classname="com.script.CbtCrowdEmailTest">
    <skipped/>
  </testcase> <!-- loginToWord -->
  <testcase name="loginToWord" time="0.0" classname="com.script.CbtCrowdEmailTest">
    <skipped/>
  </testcase> <!-- loginToWord -->
  <testcase name="loginToWord" time="0.0" classname="com.script.CbtCrowdEmailTest">
    <skipped/>
  </testcase> <!-- loginToWord -->
  <testcase name="loginToWord" time="0.0" classname="com.script.CbtCrowdEmailTest">
    <skipped/>
  </testcase> <!-- loginToWord -->
  <testcase name="loginToWord" time="0.0" classname="com.script.CbtCrowdEmailTest">
    <skipped/>
  </testcase> <!-- loginToWord -->
  <testcase name="loginToWord" time="0.0" classname="com.script.CbtCrowdEmailTest">
    <skipped/>
  </testcase> <!-- loginToWord -->
  <testcase name="loginToWord" time="0.0" classname="com.script.CbtCrowdEmailTest">
    <skipped/>
  </testcase> <!-- loginToWord -->
  <testcase name="loginToWord" time="0.0" classname="com.script.CbtCrowdEmailTest">
    <skipped/>
  </testcase> <!-- loginToWord -->
  <testcase name="loginToWord" time="0.0" classname="com.script.CbtCrowdEmailTest">
    <skipped/>
  </testcase> <!-- loginToWord -->
  <testcase name="loginToWord" time="0.0" classname="com.script.CbtCrowdEmailTest">
    <skipped/>
  </testcase> <!-- loginToWord -->
  <testcase name="loginToWord" time="0.0" classname="com.script.CbtCrowdEmailTest">
    <skipped/>
  </testcase> <!-- loginToWord -->
  <testcase name="loginToWord" time="0.0" classname="com.script.CbtCrowdEmailTest">
    <skipped/>
  </testcase> <!-- loginToWord -->
  <testcase name="loginToWord" time="0.0" classname="com.script.CbtCrowdEmailTest">
    <skipped/>
  </testcase> <!-- loginToWord -->
  <testcase name="loginToWord" time="0.0" classname="com.script.CbtCrowdEmailTest">
    <skipped/>
  </testcase> <!-- loginToWord -->
  <testcase name="loginToWord" time="0.0" classname="com.script.CbtCrowdEmailTest">
    <skipped/>
  </testcase> <!-- loginToWord -->
  <testcase name="loginToWord" time="0.0" classname="com.script.CbtCrowdEmailTest">
    <skipped/>
  </testcase> <!-- loginToWord -->
  <testcase name="loginToWord" time="0.0" classname="com.script.CbtCrowdEmailTest">
    <skipped/>
  </testcase> <!-- loginToWord -->
  <testcase name="loginToWord" time="0.0" classname="com.script.CbtCrowdEmailTest">
    <skipped/>
  </testcase> <!-- loginToWord -->
  <testcase name="loginToWord" time="0.0" classname="com.script.CbtCrowdEmailTest">
    <skipped/>
  </testcase> <!-- loginToWord -->
  <testcase name="loginToWord" time="0.0" classname="com.script.CbtCrowdEmailTest">
    <skipped/>
  </testcase> <!-- loginToWord -->
  <testcase name="loginToWord" time="0.0" classname="com.script.CbtCrowdEmailTest">
    <skipped/>
  </testcase> <!-- loginToWord -->
  <testcase name="loginToWord" time="0.0" classname="com.script.CbtCrowdEmailTest">
    <skipped/>
  </testcase> <!-- loginToWord -->
  <testcase name="loginToWord" time="0.0" classname="com.script.CbtCrowdEmailTest">
    <skipped/>
  </testcase> <!-- loginToWord -->
  <testcase name="loginToWord" time="0.0" classname="com.script.CbtCrowdEmailTest">
    <skipped/>
  </testcase> <!-- loginToWord -->
  <testcase name="loginToWord" time="0.0" classname="com.script.CbtCrowdEmailTest">
    <skipped/>
  </testcase> <!-- loginToWord -->
  <testcase name="loginToWord" time="0.0" classname="com.script.CbtCrowdEmailTest">
    <skipped/>
  </testcase> <!-- loginToWord -->
  <testcase name="loginToWord" time="0.0" classname="com.script.CbtCrowdEmailTest">
    <skipped/>
  </testcase> <!-- loginToWord -->
  <testcase name="loginToWord" time="0.0" classname="com.script.CbtCrowdEmailTest">
    <skipped/>
  </testcase> <!-- loginToWord -->
  <testcase name="loginToWord" time="0.0" classname="com.script.CbtCrowdEmailTest">
    <skipped/>
  </testcase> <!-- loginToWord -->
  <testcase name="loginToWord" time="0.001" classname="com.script.CbtCrowdEmailTest">
    <skipped/>
  </testcase> <!-- loginToWord -->
  <testcase name="loginToWord" time="0.0" classname="com.script.CbtCrowdEmailTest">
    <skipped/>
  </testcase> <!-- loginToWord -->
  <testcase name="loginToWord" time="0.0" classname="com.script.CbtCrowdEmailTest">
    <skipped/>
  </testcase> <!-- loginToWord -->
  <testcase name="loginToWord" time="0.001" classname="com.script.CbtCrowdEmailTest">
    <skipped/>
  </testcase> <!-- loginToWord -->
  <testcase name="loginToWord" time="0.0" classname="com.script.CbtCrowdEmailTest">
    <skipped/>
  </testcase> <!-- loginToWord -->
  <testcase name="loginToWord" time="0.0" classname="com.script.CbtCrowdEmailTest">
    <skipped/>
  </testcase> <!-- loginToWord -->
  <testcase name="loginToWord" time="0.0" classname="com.script.CbtCrowdEmailTest">
    <skipped/>
  </testcase> <!-- loginToWord -->
  <testcase name="loginToWord" time="0.0" classname="com.script.CbtCrowdEmailTest">
    <skipped/>
  </testcase> <!-- loginToWord -->
  <testcase name="loginToWord" time="0.0" classname="com.script.CbtCrowdEmailTest">
    <skipped/>
  </testcase> <!-- loginToWord -->
  <testcase name="loginToWord" time="0.0" classname="com.script.CbtCrowdEmailTest">
    <skipped/>
  </testcase> <!-- loginToWord -->
  <testcase name="loginToWord" time="0.0" classname="com.script.CbtCrowdEmailTest">
    <skipped/>
  </testcase> <!-- loginToWord -->
  <testcase name="loginToWord" time="0.0" classname="com.script.CbtCrowdEmailTest">
    <skipped/>
  </testcase> <!-- loginToWord -->
  <testcase name="loginToWord" time="0.0" classname="com.script.CbtCrowdEmailTest">
    <skipped/>
  </testcase> <!-- loginToWord -->
  <testcase name="loginToWord" time="0.0" classname="com.script.CbtCrowdEmailTest">
    <skipped/>
  </testcase> <!-- loginToWord -->
  <testcase name="loginToWord" time="0.0" classname="com.script.CbtCrowdEmailTest">
    <skipped/>
  </testcase> <!-- loginToWord -->
  <testcase name="loginToWord" time="0.0" classname="com.script.CbtCrowdEmailTest">
    <skipped/>
  </testcase> <!-- loginToWord -->
  <testcase name="loginToWord" time="0.0" classname="com.script.CbtCrowdEmailTest">
    <skipped/>
  </testcase> <!-- loginToWord -->
  <testcase name="loginToWord" time="0.0" classname="com.script.CbtCrowdEmailTest">
    <skipped/>
  </testcase> <!-- loginToWord -->
  <testcase name="loginToWord" time="0.0" classname="com.script.CbtCrowdEmailTest">
    <skipped/>
  </testcase> <!-- loginToWord -->
  <testcase name="loginToWord" time="0.0" classname="com.script.CbtCrowdEmailTest">
    <skipped/>
  </testcase> <!-- loginToWord -->
  <testcase name="loginToWord" time="0.0" classname="com.script.CbtCrowdEmailTest">
    <skipped/>
  </testcase> <!-- loginToWord -->
  <testcase name="loginToWord" time="0.0" classname="com.script.CbtCrowdEmailTest">
    <skipped/>
  </testcase> <!-- loginToWord -->
  <testcase name="loginToWord" time="0.0" classname="com.script.CbtCrowdEmailTest">
    <skipped/>
  </testcase> <!-- loginToWord -->
  <testcase name="loginToWord" time="0.0" classname="com.script.CbtCrowdEmailTest">
    <skipped/>
  </testcase> <!-- loginToWord -->
  <testcase name="loginToWord" time="0.0" classname="com.script.CbtCrowdEmailTest">
    <skipped/>
  </testcase> <!-- loginToWord -->
  <testcase name="loginToWord" time="0.0" classname="com.script.CbtCrowdEmailTest">
    <skipped/>
  </testcase> <!-- loginToWord -->
  <testcase name="loginToWord" time="0.0" classname="com.script.CbtCrowdEmailTest">
    <skipped/>
  </testcase> <!-- loginToWord -->
  <testcase name="loginToWord" time="0.0" classname="com.script.CbtCrowdEmailTest">
    <skipped/>
  </testcase> <!-- loginToWord -->
  <testcase name="loginToWord" time="0.0" classname="com.script.CbtCrowdEmailTest">
    <skipped/>
  </testcase> <!-- loginToWord -->
  <testcase name="loginToWord" time="0.0" classname="com.script.CbtCrowdEmailTest">
    <skipped/>
  </testcase> <!-- loginToWord -->
  <testcase name="loginToWord" time="0.0" classname="com.script.CbtCrowdEmailTest">
    <skipped/>
  </testcase> <!-- loginToWord -->
  <testcase name="loginToWord" time="0.0" classname="com.script.CbtCrowdEmailTest">
    <skipped/>
  </testcase> <!-- loginToWord -->
  <testcase name="loginToWord" time="0.0" classname="com.script.CbtCrowdEmailTest">
    <skipped/>
  </testcase> <!-- loginToWord -->
  <testcase name="loginToWord" time="0.001" classname="com.script.CbtCrowdEmailTest">
    <skipped/>
  </testcase> <!-- loginToWord -->
  <testcase name="loginToWord" time="0.0" classname="com.script.CbtCrowdEmailTest">
    <skipped/>
  </testcase> <!-- loginToWord -->
  <testcase name="loginToWord" time="0.0" classname="com.script.CbtCrowdEmailTest">
    <skipped/>
  </testcase> <!-- loginToWord -->
  <testcase name="loginToWord" time="0.0" classname="com.script.CbtCrowdEmailTest">
    <skipped/>
  </testcase> <!-- loginToWord -->
  <testcase name="loginToWord" time="0.0" classname="com.script.CbtCrowdEmailTest">
    <skipped/>
  </testcase> <!-- loginToWord -->
  <testcase name="loginToWord" time="0.0" classname="com.script.CbtCrowdEmailTest">
    <skipped/>
  </testcase> <!-- loginToWord -->
  <testcase name="loginToWord" time="0.0" classname="com.script.CbtCrowdEmailTest">
    <skipped/>
  </testcase> <!-- loginToWord -->
  <testcase name="loginToWord" time="0.0" classname="com.script.CbtCrowdEmailTest">
    <skipped/>
  </testcase> <!-- loginToWord -->
  <testcase name="loginToWord" time="0.0" classname="com.script.CbtCrowdEmailTest">
    <skipped/>
  </testcase> <!-- loginToWord -->
  <testcase name="loginToWord" time="0.0" classname="com.script.CbtCrowdEmailTest">
    <skipped/>
  </testcase> <!-- loginToWord -->
  <testcase name="loginToWord" time="0.0" classname="com.script.CbtCrowdEmailTest">
    <skipped/>
  </testcase> <!-- loginToWord -->
  <testcase name="loginToWord" time="0.001" classname="com.script.CbtCrowdEmailTest">
    <skipped/>
  </testcase> <!-- loginToWord -->
  <testcase name="loginToWord" time="0.0" classname="com.script.CbtCrowdEmailTest">
    <skipped/>
  </testcase> <!-- loginToWord -->
  <testcase name="loginToWord" time="0.0" classname="com.script.CbtCrowdEmailTest">
    <skipped/>
  </testcase> <!-- loginToWord -->
  <testcase name="loginToWord" time="0.0" classname="com.script.CbtCrowdEmailTest">
    <skipped/>
  </testcase> <!-- loginToWord -->
  <testcase name="loginToWord" time="0.0" classname="com.script.CbtCrowdEmailTest">
    <skipped/>
  </testcase> <!-- loginToWord -->
  <testcase name="loginToWord" time="0.0" classname="com.script.CbtCrowdEmailTest">
    <skipped/>
  </testcase> <!-- loginToWord -->
  <testcase name="loginToWord" time="0.0" classname="com.script.CbtCrowdEmailTest">
    <skipped/>
  </testcase> <!-- loginToWord -->
  <testcase name="loginToWord" time="0.0" classname="com.script.CbtCrowdEmailTest">
    <skipped/>
  </testcase> <!-- loginToWord -->
  <testcase name="loginToWord" time="0.0" classname="com.script.CbtCrowdEmailTest">
    <skipped/>
  </testcase> <!-- loginToWord -->
  <testcase name="loginToWord" time="0.0" classname="com.script.CbtCrowdEmailTest">
    <skipped/>
  </testcase> <!-- loginToWord -->
  <testcase name="loginToWord" time="0.0" classname="com.script.CbtCrowdEmailTest">
    <skipped/>
  </testcase> <!-- loginToWord -->
  <testcase name="loginToWord" time="0.0" classname="com.script.CbtCrowdEmailTest">
    <skipped/>
  </testcase> <!-- loginToWord -->
  <testcase name="loginToWord" time="0.0" classname="com.script.CbtCrowdEmailTest">
    <skipped/>
  </testcase> <!-- loginToWord -->
  <testcase name="loginToWord" time="0.0" classname="com.script.CbtCrowdEmailTest">
    <skipped/>
  </testcase> <!-- loginToWord -->
  <testcase name="loginToWord" time="0.0" classname="com.script.CbtCrowdEmailTest">
    <skipped/>
  </testcase> <!-- loginToWord -->
  <testcase name="loginToWord" time="0.0" classname="com.script.CbtCrowdEmailTest">
    <skipped/>
  </testcase> <!-- loginToWord -->
  <testcase name="loginToWord" time="0.0" classname="com.script.CbtCrowdEmailTest">
    <skipped/>
  </testcase> <!-- loginToWord -->
  <testcase name="loginToWord" time="0.0" classname="com.script.CbtCrowdEmailTest">
    <skipped/>
  </testcase> <!-- loginToWord -->
  <testcase name="loginToWord" time="0.0" classname="com.script.CbtCrowdEmailTest">
    <skipped/>
  </testcase> <!-- loginToWord -->
  <testcase name="loginToWord" time="0.0" classname="com.script.CbtCrowdEmailTest">
    <skipped/>
  </testcase> <!-- loginToWord -->
  <testcase name="loginToWord" time="0.0" classname="com.script.CbtCrowdEmailTest">
    <skipped/>
  </testcase> <!-- loginToWord -->
  <testcase name="loginToWord" time="0.0" classname="com.script.CbtCrowdEmailTest">
    <skipped/>
  </testcase> <!-- loginToWord -->
  <testcase name="loginToWord" time="0.0" classname="com.script.CbtCrowdEmailTest">
    <skipped/>
  </testcase> <!-- loginToWord -->
  <testcase name="loginToWord" time="0.0" classname="com.script.CbtCrowdEmailTest">
    <skipped/>
  </testcase> <!-- loginToWord -->
  <testcase name="loginToWord" time="0.0" classname="com.script.CbtCrowdEmailTest">
    <skipped/>
  </testcase> <!-- loginToWord -->
  <testcase name="loginToWord" time="0.0" classname="com.script.CbtCrowdEmailTest">
    <skipped/>
  </testcase> <!-- loginToWord -->
  <testcase name="loginToWord" time="0.0" classname="com.script.CbtCrowdEmailTest">
    <skipped/>
  </testcase> <!-- loginToWord -->
  <testcase name="loginToWord" time="0.0" classname="com.script.CbtCrowdEmailTest">
    <skipped/>
  </testcase> <!-- loginToWord -->
  <testcase name="loginToWord" time="0.0" classname="com.script.CbtCrowdEmailTest">
    <skipped/>
  </testcase> <!-- loginToWord -->
  <testcase name="loginToWord" time="0.0" classname="com.script.CbtCrowdEmailTest">
    <skipped/>
  </testcase> <!-- loginToWord -->
  <testcase name="loginToWord" time="0.0" classname="com.script.CbtCrowdEmailTest">
    <skipped/>
  </testcase> <!-- loginToWord -->
  <testcase name="loginToWord" time="0.0" classname="com.script.CbtCrowdEmailTest">
    <skipped/>
  </testcase> <!-- loginToWord -->
  <testcase name="loginToWord" time="0.0" classname="com.script.CbtCrowdEmailTest">
    <skipped/>
  </testcase> <!-- loginToWord -->
  <testcase name="loginToWord" time="0.0" classname="com.script.CbtCrowdEmailTest">
    <skipped/>
  </testcase> <!-- loginToWord -->
  <testcase name="loginToWord" time="0.0" classname="com.script.CbtCrowdEmailTest">
    <skipped/>
  </testcase> <!-- loginToWord -->
  <testcase name="loginToWord" time="0.0" classname="com.script.CbtCrowdEmailTest">
    <skipped/>
  </testcase> <!-- loginToWord -->
  <testcase name="loginToWord" time="0.0" classname="com.script.CbtCrowdEmailTest">
    <skipped/>
  </testcase> <!-- loginToWord -->
  <testcase name="loginToWord" time="0.001" classname="com.script.CbtCrowdEmailTest">
    <skipped/>
  </testcase> <!-- loginToWord -->
</testsuite> <!-- Command line test -->
