<?xml version="1.0" encoding="UTF-8"?>
<testng-results skipped="176" failed="0" total="177" passed="1">
  <reporter-output>
  </reporter-output>
  <suite name="Command line suite" duration-ms="80630" started-at="2016-04-19T03:51:02Z" finished-at="2016-04-19T03:52:23Z">
    <groups>
    </groups>
    <test name="Command line test" duration-ms="80630" started-at="2016-04-19T03:51:02Z" finished-at="2016-04-19T03:52:23Z">
      <class name="com.script.CbtCrowdEmailTest">
        <test-method status="PASS" signature="launchBrowser()[pri:0, instance:com.script.CbtCrowdEmailTest@52af6cff]" name="launchBrowser" is-config="true" duration-ms="10363" started-at="2016-04-19T09:21:03Z" finished-at="2016-04-19T09:21:13Z">
          <reporter-output>
          </reporter-output>
        </test-method> <!-- launchBrowser -->
        <test-method status="PASS" signature="loginToWord(java.lang.String, java.lang.String, java.lang.String, java.lang.String)[pri:0, instance:com.script.CbtCrowdEmailTest@52af6cff]" name="loginToWord" duration-ms="55201" started-at="2016-04-19T09:21:13Z" data-provider="testData" finished-at="2016-04-19T09:22:09Z">
          <params>
            <param index="0">
              <value>
                <![CDATA[Login1]]>
              </value>
            </param>
            <param index="1">
              <value>
                <![CDATA[cbtcrowd010@gmail.com]]>
              </value>
            </param>
            <param index="2">
              <value>
                <![CDATA[cbt@1234]]>
              </value>
            </param>
            <param index="3">
              <value>
                <![CDATA[cbt@1234]]>
              </value>
            </param>
          </params>
          <reporter-output>
          </reporter-output>
        </test-method> <!-- loginToWord -->
        <test-method status="PASS" signature="closeBrowser()[pri:0, instance:com.script.CbtCrowdEmailTest@52af6cff]" name="closeBrowser" is-config="true" duration-ms="2677" started-at="2016-04-19T09:22:09Z" finished-at="2016-04-19T09:22:11Z">
          <reporter-output>
          </reporter-output>
        </test-method> <!-- closeBrowser -->
        <test-method status="FAIL" signature="launchBrowser()[pri:0, instance:com.script.CbtCrowdEmailTest@52af6cff]" name="launchBrowser" is-config="true" duration-ms="0" started-at="2016-04-19T09:22:11Z" finished-at="2016-04-19T09:22:11Z">
          <exception class="org.openqa.selenium.remote.UnreachableBrowserException">
            <message>
              <![CDATA[Error communicating with the remote browser. It may have died.
Build info: version: '2.53.0', revision: '35ae25b1534ae328c771e0856c93e187490ca824', time: '2016-03-15 10:43:46'
System info: host: 'DESKTOP-NE42HHC', ip: '10.10.10.48', os.name: 'Windows 10', os.arch: 'amd64', os.version: '10.0', java.version: '1.8.0_60'
Driver info: driver.version: RemoteWebDriver
Capabilities [{applicationCacheEnabled=true, rotatable=false, handlesAlerts=true, databaseEnabled=true, version=45.0.1, platform=WINDOWS, nativeEvents=false, acceptSslCerts=true, webStorageEnabled=true, locationContextEnabled=true, browserName=firefox, takesScreenshot=true, javascriptEnabled=true, cssSelectorsEnabled=true}]
Session ID: a057a5b2-5d10-4953-8c47-f3dffe213ce2]]>
            </message>
            <full-stacktrace>
              <![CDATA[org.openqa.selenium.remote.UnreachableBrowserException: Error communicating with the remote browser. It may have died.
Build info: version: '2.53.0', revision: '35ae25b1534ae328c771e0856c93e187490ca824', time: '2016-03-15 10:43:46'
System info: host: 'DESKTOP-NE42HHC', ip: '10.10.10.48', os.name: 'Windows 10', os.arch: 'amd64', os.version: '10.0', java.version: '1.8.0_60'
Driver info: driver.version: RemoteWebDriver
Capabilities [{applicationCacheEnabled=true, rotatable=false, handlesAlerts=true, databaseEnabled=true, version=45.0.1, platform=WINDOWS, nativeEvents=false, acceptSslCerts=true, webStorageEnabled=true, locationContextEnabled=true, browserName=firefox, takesScreenshot=true, javascriptEnabled=true, cssSelectorsEnabled=true}]
Session ID: a057a5b2-5d10-4953-8c47-f3dffe213ce2
	at org.openqa.selenium.remote.RemoteWebDriver.execute(RemoteWebDriver.java:665)
	at org.openqa.selenium.remote.RemoteWebDriver.get(RemoteWebDriver.java:316)
	at com.baseLib.BaseTestPage.launchBrowser(BaseTestPage.java:30)
	at sun.reflect.NativeMethodAccessorImpl.invoke0(Native Method)
	at sun.reflect.NativeMethodAccessorImpl.invoke(NativeMethodAccessorImpl.java:62)
	at sun.reflect.DelegatingMethodAccessorImpl.invoke(DelegatingMethodAccessorImpl.java:43)
	at java.lang.reflect.Method.invoke(Method.java:497)
	at org.testng.internal.MethodInvocationHelper.invokeMethod(MethodInvocationHelper.java:85)
	at org.testng.internal.Invoker.invokeConfigurationMethod(Invoker.java:517)
	at org.testng.internal.Invoker.invokeConfigurations(Invoker.java:213)
	at org.testng.internal.Invoker.invokeMethod(Invoker.java:601)
	at org.testng.internal.Invoker.invokeTestMethod(Invoker.java:845)
	at org.testng.internal.Invoker.invokeTestMethods(Invoker.java:1153)
	at org.testng.internal.TestMethodWorker.invokeTestMethods(TestMethodWorker.java:125)
	at org.testng.internal.TestMethodWorker.run(TestMethodWorker.java:108)
	at org.testng.TestRunner.privateRun(TestRunner.java:771)
	at org.testng.TestRunner.run(TestRunner.java:621)
	at org.testng.SuiteRunner.runTest(SuiteRunner.java:357)
	at org.testng.SuiteRunner.runSequentially(SuiteRunner.java:352)
	at org.testng.SuiteRunner.privateRun(SuiteRunner.java:310)
	at org.testng.SuiteRunner.run(SuiteRunner.java:259)
	at org.testng.SuiteRunnerWorker.runSuite(SuiteRunnerWorker.java:52)
	at org.testng.SuiteRunnerWorker.run(SuiteRunnerWorker.java:86)
	at org.testng.TestNG.runSuitesSequentially(TestNG.java:1199)
	at org.testng.TestNG.runSuitesLocally(TestNG.java:1124)
	at org.testng.TestNG.run(TestNG.java:1032)
	at org.apache.maven.surefire.testng.TestNGExecutor.run(TestNGExecutor.java:77)
	at org.apache.maven.surefire.testng.TestNGDirectoryTestSuite.executeMulti(TestNGDirectoryTestSuite.java:159)
	at org.apache.maven.surefire.testng.TestNGDirectoryTestSuite.execute(TestNGDirectoryTestSuite.java:99)
	at org.apache.maven.surefire.testng.TestNGProvider.invoke(TestNGProvider.java:106)
	at sun.reflect.NativeMethodAccessorImpl.invoke0(Native Method)
	at sun.reflect.NativeMethodAccessorImpl.invoke(NativeMethodAccessorImpl.java:62)
	at sun.reflect.DelegatingMethodAccessorImpl.invoke(DelegatingMethodAccessorImpl.java:43)
	at java.lang.reflect.Method.invoke(Method.java:497)
	at org.apache.maven.surefire.util.ReflectionUtils.invokeMethodWithArray(ReflectionUtils.java:189)
	at org.apache.maven.surefire.booter.ProviderFactory$ProviderProxy.invoke(ProviderFactory.java:165)
	at org.apache.maven.surefire.booter.ProviderFactory.invokeProvider(ProviderFactory.java:85)
	at org.apache.maven.surefire.booter.ForkedBooter.runSuitesInProcess(ForkedBooter.java:115)
	at org.apache.maven.surefire.booter.ForkedBooter.main(ForkedBooter.java:75)
Caused by: org.apache.http.conn.HttpHostConnectException: Connect to 127.0.0.1:7055 [/127.0.0.1] failed: Connection refused: connect
	at org.apache.http.impl.conn.DefaultHttpClientConnectionOperator.connect(DefaultHttpClientConnectionOperator.java:151)
	at org.apache.http.impl.conn.PoolingHttpClientConnectionManager.connect(PoolingHttpClientConnectionManager.java:353)
	at org.apache.http.impl.execchain.MainClientExec.establishRoute(MainClientExec.java:380)
	at org.apache.http.impl.execchain.MainClientExec.execute(MainClientExec.java:236)
	at org.apache.http.impl.execchain.ProtocolExec.execute(ProtocolExec.java:184)
	at org.apache.http.impl.execchain.RetryExec.execute(RetryExec.java:88)
	at org.apache.http.impl.execchain.RedirectExec.execute(RedirectExec.java:110)
	at org.apache.http.impl.client.InternalHttpClient.doExecute(InternalHttpClient.java:184)
	at org.apache.http.impl.client.CloseableHttpClient.execute(CloseableHttpClient.java:71)
	at org.apache.http.impl.client.CloseableHttpClient.execute(CloseableHttpClient.java:55)
	at org.openqa.selenium.remote.internal.ApacheHttpClient.fallBackExecute(ApacheHttpClient.java:162)
	at org.openqa.selenium.remote.internal.ApacheHttpClient.execute(ApacheHttpClient.java:90)
	at org.openqa.selenium.remote.HttpCommandExecutor.execute(HttpCommandExecutor.java:142)
	at org.openqa.selenium.firefox.internal.NewProfileExtensionConnection.execute(NewProfileExtensionConnection.java:160)
	at org.openqa.selenium.firefox.FirefoxDriver$LazyCommandExecutor.execute(FirefoxDriver.java:380)
	at org.openqa.selenium.remote.RemoteWebDriver.execute(RemoteWebDriver.java:644)
	... 38 more
Caused by: java.net.ConnectException: Connection refused: connect
	at java.net.DualStackPlainSocketImpl.waitForConnect(Native Method)
	at java.net.DualStackPlainSocketImpl.socketConnect(DualStackPlainSocketImpl.java:85)
	at java.net.AbstractPlainSocketImpl.doConnect(AbstractPlainSocketImpl.java:350)
	at java.net.AbstractPlainSocketImpl.connectToAddress(AbstractPlainSocketImpl.java:206)
	at java.net.AbstractPlainSocketImpl.connect(AbstractPlainSocketImpl.java:188)
	at java.net.PlainSocketImpl.connect(PlainSocketImpl.java:172)
	at java.net.SocksSocketImpl.connect(SocksSocketImpl.java:392)
	at java.net.Socket.connect(Socket.java:589)
	at org.apache.http.conn.socket.PlainConnectionSocketFactory.connectSocket(PlainConnectionSocketFactory.java:74)
	at org.apache.http.impl.conn.DefaultHttpClientConnectionOperator.connect(DefaultHttpClientConnectionOperator.java:134)
	... 53 more
]]>
            </full-stacktrace>
          </exception> <!-- org.openqa.selenium.remote.UnreachableBrowserException -->
          <reporter-output>
          </reporter-output>
        </test-method> <!-- launchBrowser -->
        <test-method status="SKIP" signature="loginToWord(java.lang.String, java.lang.String, java.lang.String, java.lang.String)[pri:0, instance:com.script.CbtCrowdEmailTest@52af6cff]" name="loginToWord" duration-ms="0" started-at="2016-04-19T09:22:23Z" data-provider="testData" finished-at="2016-04-19T09:22:23Z">
          <params>
            <param index="0">
              <value>
                <![CDATA[Login2]]>
              </value>
            </param>
            <param index="1">
              <value>
                <![CDATA[cbtcrowd011@gmail.com]]>
              </value>
            </param>
            <param index="2">
              <value>
                <![CDATA[crowdbeta011]]>
              </value>
            </param>
            <param index="3">
              <value>
                <![CDATA[cbt@1234]]>
              </value>
            </param>
          </params>
          <reporter-output>
          </reporter-output>
        </test-method> <!-- loginToWord -->
        <test-method status="SKIP" signature="loginToWord(java.lang.String, java.lang.String, java.lang.String, java.lang.String)[pri:0, instance:com.script.CbtCrowdEmailTest@52af6cff]" name="loginToWord" duration-ms="0" started-at="2016-04-19T09:22:23Z" data-provider="testData" finished-at="2016-04-19T09:22:23Z">
          <params>
            <param index="0">
              <value>
                <![CDATA[Login3]]>
              </value>
            </param>
            <param index="1">
              <value>
                <![CDATA[cbtcrowd012@gmail.com]]>
              </value>
            </param>
            <param index="2">
              <value>
                <![CDATA[crowdbeta012]]>
              </value>
            </param>
            <param index="3">
              <value>
                <![CDATA[cbt@1234]]>
              </value>
            </param>
          </params>
          <reporter-output>
          </reporter-output>
        </test-method> <!-- loginToWord -->
        <test-method status="SKIP" signature="launchBrowser()[pri:0, instance:com.script.CbtCrowdEmailTest@52af6cff]" name="launchBrowser" is-config="true" duration-ms="0" started-at="2016-04-19T09:22:23Z" finished-at="2016-04-19T09:22:23Z">
          <reporter-output>
          </reporter-output>
        </test-method> <!-- launchBrowser -->
        <test-method status="SKIP" signature="closeBrowser()[pri:0, instance:com.script.CbtCrowdEmailTest@52af6cff]" name="closeBrowser" is-config="true" duration-ms="0" started-at="2016-04-19T09:22:23Z" finished-at="2016-04-19T09:22:23Z">
          <reporter-output>
          </reporter-output>
        </test-method> <!-- closeBrowser -->
        <test-method status="SKIP" signature="loginToWord(java.lang.String, java.lang.String, java.lang.String, java.lang.String)[pri:0, instance:com.script.CbtCrowdEmailTest@52af6cff]" name="loginToWord" duration-ms="0" started-at="2016-04-19T09:22:23Z" data-provider="testData" finished-at="2016-04-19T09:22:23Z">
          <params>
            <param index="0">
              <value>
                <![CDATA[Login4]]>
              </value>
            </param>
            <param index="1">
              <value>
                <![CDATA[cbtcrowd013@gmail.com]]>
              </value>
            </param>
            <param index="2">
              <value>
                <![CDATA[crowdbeta013]]>
              </value>
            </param>
            <param index="3">
              <value>
                <![CDATA[cbt@1234]]>
              </value>
            </param>
          </params>
          <reporter-output>
          </reporter-output>
        </test-method> <!-- loginToWord -->
        <test-method status="SKIP" signature="closeBrowser()[pri:0, instance:com.script.CbtCrowdEmailTest@52af6cff]" name="closeBrowser" is-config="true" duration-ms="0" started-at="2016-04-19T09:22:23Z" finished-at="2016-04-19T09:22:23Z">
          <reporter-output>
          </reporter-output>
        </test-method> <!-- closeBrowser -->
        <test-method status="SKIP" signature="launchBrowser()[pri:0, instance:com.script.CbtCrowdEmailTest@52af6cff]" name="launchBrowser" is-config="true" duration-ms="0" started-at="2016-04-19T09:22:23Z" finished-at="2016-04-19T09:22:23Z">
          <reporter-output>
          </reporter-output>
        </test-method> <!-- launchBrowser -->
        <test-method status="SKIP" signature="closeBrowser()[pri:0, instance:com.script.CbtCrowdEmailTest@52af6cff]" name="closeBrowser" is-config="true" duration-ms="0" started-at="2016-04-19T09:22:23Z" finished-at="2016-04-19T09:22:23Z">
          <reporter-output>
          </reporter-output>
        </test-method> <!-- closeBrowser -->
        <test-method status="SKIP" signature="loginToWord(java.lang.String, java.lang.String, java.lang.String, java.lang.String)[pri:0, instance:com.script.CbtCrowdEmailTest@52af6cff]" name="loginToWord" duration-ms="0" started-at="2016-04-19T09:22:23Z" data-provider="testData" finished-at="2016-04-19T09:22:23Z">
          <params>
            <param index="0">
              <value>
                <![CDATA[Login5]]>
              </value>
            </param>
            <param index="1">
              <value>
                <![CDATA[cbtcrowd014@gmail.com]]>
              </value>
            </param>
            <param index="2">
              <value>
                <![CDATA[crowdbeta014]]>
              </value>
            </param>
            <param index="3">
              <value>
                <![CDATA[cbt@1234]]>
              </value>
            </param>
          </params>
          <reporter-output>
          </reporter-output>
        </test-method> <!-- loginToWord -->
        <test-method status="SKIP" signature="closeBrowser()[pri:0, instance:com.script.CbtCrowdEmailTest@52af6cff]" name="closeBrowser" is-config="true" duration-ms="0" started-at="2016-04-19T09:22:23Z" finished-at="2016-04-19T09:22:23Z">
          <reporter-output>
          </reporter-output>
        </test-method> <!-- closeBrowser -->
        <test-method status="SKIP" signature="launchBrowser()[pri:0, instance:com.script.CbtCrowdEmailTest@52af6cff]" name="launchBrowser" is-config="true" duration-ms="0" started-at="2016-04-19T09:22:23Z" finished-at="2016-04-19T09:22:23Z">
          <reporter-output>
          </reporter-output>
        </test-method> <!-- launchBrowser -->
        <test-method status="SKIP" signature="loginToWord(java.lang.String, java.lang.String, java.lang.String, java.lang.String)[pri:0, instance:com.script.CbtCrowdEmailTest@52af6cff]" name="loginToWord" duration-ms="0" started-at="2016-04-19T09:22:23Z" data-provider="testData" finished-at="2016-04-19T09:22:23Z">
          <params>
            <param index="0">
              <value>
                <![CDATA[Login6]]>
              </value>
            </param>
            <param index="1">
              <value>
                <![CDATA[cbtcrowd015@gmail.com]]>
              </value>
            </param>
            <param index="2">
              <value>
                <![CDATA[crowdbeta015]]>
              </value>
            </param>
            <param index="3">
              <value>
                <![CDATA[cbt@1234]]>
              </value>
            </param>
          </params>
          <reporter-output>
          </reporter-output>
        </test-method> <!-- loginToWord -->
        <test-method status="SKIP" signature="launchBrowser()[pri:0, instance:com.script.CbtCrowdEmailTest@52af6cff]" name="launchBrowser" is-config="true" duration-ms="0" started-at="2016-04-19T09:22:23Z" finished-at="2016-04-19T09:22:23Z">
          <reporter-output>
          </reporter-output>
        </test-method> <!-- launchBrowser -->
        <test-method status="SKIP" signature="closeBrowser()[pri:0, instance:com.script.CbtCrowdEmailTest@52af6cff]" name="closeBrowser" is-config="true" duration-ms="0" started-at="2016-04-19T09:22:23Z" finished-at="2016-04-19T09:22:23Z">
          <reporter-output>
          </reporter-output>
        </test-method> <!-- closeBrowser -->
        <test-method status="SKIP" signature="launchBrowser()[pri:0, instance:com.script.CbtCrowdEmailTest@52af6cff]" name="launchBrowser" is-config="true" duration-ms="0" started-at="2016-04-19T09:22:23Z" finished-at="2016-04-19T09:22:23Z">
          <reporter-output>
          </reporter-output>
        </test-method> <!-- launchBrowser -->
        <test-method status="SKIP" signature="launchBrowser()[pri:0, instance:com.script.CbtCrowdEmailTest@52af6cff]" name="launchBrowser" is-config="true" duration-ms="0" started-at="2016-04-19T09:22:23Z" finished-at="2016-04-19T09:22:23Z">
          <reporter-output>
          </reporter-output>
        </test-method> <!-- launchBrowser -->
        <test-method status="SKIP" signature="closeBrowser()[pri:0, instance:com.script.CbtCrowdEmailTest@52af6cff]" name="closeBrowser" is-config="true" duration-ms="0" started-at="2016-04-19T09:22:23Z" finished-at="2016-04-19T09:22:23Z">
          <reporter-output>
          </reporter-output>
        </test-method> <!-- closeBrowser -->
        <test-method status="SKIP" signature="loginToWord(java.lang.String, java.lang.String, java.lang.String, java.lang.String)[pri:0, instance:com.script.CbtCrowdEmailTest@52af6cff]" name="loginToWord" duration-ms="0" started-at="2016-04-19T09:22:23Z" data-provider="testData" finished-at="2016-04-19T09:22:23Z">
          <params>
            <param index="0">
              <value>
                <![CDATA[Login7]]>
              </value>
            </param>
            <param index="1">
              <value>
                <![CDATA[cbtcrowd016@gmail.com]]>
              </value>
            </param>
            <param index="2">
              <value>
                <![CDATA[crowdbeta016]]>
              </value>
            </param>
            <param index="3">
              <value>
                <![CDATA[cbt@1234]]>
              </value>
            </param>
          </params>
          <reporter-output>
          </reporter-output>
        </test-method> <!-- loginToWord -->
        <test-method status="SKIP" signature="loginToWord(java.lang.String, java.lang.String, java.lang.String, java.lang.String)[pri:0, instance:com.script.CbtCrowdEmailTest@52af6cff]" name="loginToWord" duration-ms="1" started-at="2016-04-19T09:22:23Z" data-provider="testData" finished-at="2016-04-19T09:22:23Z">
          <params>
            <param index="0">
              <value>
                <![CDATA[Login9]]>
              </value>
            </param>
            <param index="1">
              <value>
                <![CDATA[cbtcrowd018@gmail.com]]>
              </value>
            </param>
            <param index="2">
              <value>
                <![CDATA[crowdbeta018]]>
              </value>
            </param>
            <param index="3">
              <value>
                <![CDATA[cbt@1234]]>
              </value>
            </param>
          </params>
          <reporter-output>
          </reporter-output>
        </test-method> <!-- loginToWord -->
        <test-method status="SKIP" signature="closeBrowser()[pri:0, instance:com.script.CbtCrowdEmailTest@52af6cff]" name="closeBrowser" is-config="true" duration-ms="0" started-at="2016-04-19T09:22:23Z" finished-at="2016-04-19T09:22:23Z">
          <reporter-output>
          </reporter-output>
        </test-method> <!-- closeBrowser -->
        <test-method status="SKIP" signature="loginToWord(java.lang.String, java.lang.String, java.lang.String, java.lang.String)[pri:0, instance:com.script.CbtCrowdEmailTest@52af6cff]" name="loginToWord" duration-ms="0" started-at="2016-04-19T09:22:23Z" data-provider="testData" finished-at="2016-04-19T09:22:23Z">
          <params>
            <param index="0">
              <value>
                <![CDATA[Login8]]>
              </value>
            </param>
            <param index="1">
              <value>
                <![CDATA[cbtcrowd017@gmail.com]]>
              </value>
            </param>
            <param index="2">
              <value>
                <![CDATA[crowdbeta017]]>
              </value>
            </param>
            <param index="3">
              <value>
                <![CDATA[cbt@1234]]>
              </value>
            </param>
          </params>
          <reporter-output>
          </reporter-output>
        </test-method> <!-- loginToWord -->
        <test-method status="SKIP" signature="launchBrowser()[pri:0, instance:com.script.CbtCrowdEmailTest@52af6cff]" name="launchBrowser" is-config="true" duration-ms="0" started-at="2016-04-19T09:22:23Z" finished-at="2016-04-19T09:22:23Z">
          <reporter-output>
          </reporter-output>
        </test-method> <!-- launchBrowser -->
        <test-method status="SKIP" signature="loginToWord(java.lang.String, java.lang.String, java.lang.String, java.lang.String)[pri:0, instance:com.script.CbtCrowdEmailTest@52af6cff]" name="loginToWord" duration-ms="0" started-at="2016-04-19T09:22:23Z" data-provider="testData" finished-at="2016-04-19T09:22:23Z">
          <params>
            <param index="0">
              <value>
                <![CDATA[Login10]]>
              </value>
            </param>
            <param index="1">
              <value>
                <![CDATA[cbtcrowd019@gmail.com]]>
              </value>
            </param>
            <param index="2">
              <value>
                <![CDATA[crowdbeta019]]>
              </value>
            </param>
            <param index="3">
              <value>
                <![CDATA[cbt@1234]]>
              </value>
            </param>
          </params>
          <reporter-output>
          </reporter-output>
        </test-method> <!-- loginToWord -->
        <test-method status="SKIP" signature="launchBrowser()[pri:0, instance:com.script.CbtCrowdEmailTest@52af6cff]" name="launchBrowser" is-config="true" duration-ms="0" started-at="2016-04-19T09:22:23Z" finished-at="2016-04-19T09:22:23Z">
          <reporter-output>
          </reporter-output>
        </test-method> <!-- launchBrowser -->
        <test-method status="SKIP" signature="closeBrowser()[pri:0, instance:com.script.CbtCrowdEmailTest@52af6cff]" name="closeBrowser" is-config="true" duration-ms="0" started-at="2016-04-19T09:22:23Z" finished-at="2016-04-19T09:22:23Z">
          <reporter-output>
          </reporter-output>
        </test-method> <!-- closeBrowser -->
        <test-method status="SKIP" signature="launchBrowser()[pri:0, instance:com.script.CbtCrowdEmailTest@52af6cff]" name="launchBrowser" is-config="true" duration-ms="0" started-at="2016-04-19T09:22:23Z" finished-at="2016-04-19T09:22:23Z">
          <reporter-output>
          </reporter-output>
        </test-method> <!-- launchBrowser -->
        <test-method status="SKIP" signature="closeBrowser()[pri:0, instance:com.script.CbtCrowdEmailTest@52af6cff]" name="closeBrowser" is-config="true" duration-ms="0" started-at="2016-04-19T09:22:23Z" finished-at="2016-04-19T09:22:23Z">
          <reporter-output>
          </reporter-output>
        </test-method> <!-- closeBrowser -->
        <test-method status="SKIP" signature="loginToWord(java.lang.String, java.lang.String, java.lang.String, java.lang.String)[pri:0, instance:com.script.CbtCrowdEmailTest@52af6cff]" name="loginToWord" duration-ms="0" started-at="2016-04-19T09:22:23Z" data-provider="testData" finished-at="2016-04-19T09:22:23Z">
          <params>
            <param index="0">
              <value>
                <![CDATA[Login11]]>
              </value>
            </param>
            <param index="1">
              <value>
                <![CDATA[cbtcrowd021@gmail.com]]>
              </value>
            </param>
            <param index="2">
              <value>
                <![CDATA[crowdbeta021]]>
              </value>
            </param>
            <param index="3">
              <value>
                <![CDATA[cbt@1234]]>
              </value>
            </param>
          </params>
          <reporter-output>
          </reporter-output>
        </test-method> <!-- loginToWord -->
        <test-method status="SKIP" signature="closeBrowser()[pri:0, instance:com.script.CbtCrowdEmailTest@52af6cff]" name="closeBrowser" is-config="true" duration-ms="0" started-at="2016-04-19T09:22:23Z" finished-at="2016-04-19T09:22:23Z">
          <reporter-output>
          </reporter-output>
        </test-method> <!-- closeBrowser -->
        <test-method status="SKIP" signature="loginToWord(java.lang.String, java.lang.String, java.lang.String, java.lang.String)[pri:0, instance:com.script.CbtCrowdEmailTest@52af6cff]" name="loginToWord" duration-ms="0" started-at="2016-04-19T09:22:23Z" data-provider="testData" finished-at="2016-04-19T09:22:23Z">
          <params>
            <param index="0">
              <value>
                <![CDATA[Login12]]>
              </value>
            </param>
            <param index="1">
              <value>
                <![CDATA[cbtcrowd023@gmail.com]]>
              </value>
            </param>
            <param index="2">
              <value>
                <![CDATA[crowdbeta023]]>
              </value>
            </param>
            <param index="3">
              <value>
                <![CDATA[cbt@1234]]>
              </value>
            </param>
          </params>
          <reporter-output>
          </reporter-output>
        </test-method> <!-- loginToWord -->
        <test-method status="SKIP" signature="launchBrowser()[pri:0, instance:com.script.CbtCrowdEmailTest@52af6cff]" name="launchBrowser" is-config="true" duration-ms="0" started-at="2016-04-19T09:22:23Z" finished-at="2016-04-19T09:22:23Z">
          <reporter-output>
          </reporter-output>
        </test-method> <!-- launchBrowser -->
        <test-method status="SKIP" signature="closeBrowser()[pri:0, instance:com.script.CbtCrowdEmailTest@52af6cff]" name="closeBrowser" is-config="true" duration-ms="0" started-at="2016-04-19T09:22:23Z" finished-at="2016-04-19T09:22:23Z">
          <reporter-output>
          </reporter-output>
        </test-method> <!-- closeBrowser -->
        <test-method status="SKIP" signature="launchBrowser()[pri:0, instance:com.script.CbtCrowdEmailTest@52af6cff]" name="launchBrowser" is-config="true" duration-ms="0" started-at="2016-04-19T09:22:23Z" finished-at="2016-04-19T09:22:23Z">
          <reporter-output>
          </reporter-output>
        </test-method> <!-- launchBrowser -->
        <test-method status="SKIP" signature="closeBrowser()[pri:0, instance:com.script.CbtCrowdEmailTest@52af6cff]" name="closeBrowser" is-config="true" duration-ms="0" started-at="2016-04-19T09:22:23Z" finished-at="2016-04-19T09:22:23Z">
          <reporter-output>
          </reporter-output>
        </test-method> <!-- closeBrowser -->
        <test-method status="SKIP" signature="loginToWord(java.lang.String, java.lang.String, java.lang.String, java.lang.String)[pri:0, instance:com.script.CbtCrowdEmailTest@52af6cff]" name="loginToWord" duration-ms="0" started-at="2016-04-19T09:22:23Z" data-provider="testData" finished-at="2016-04-19T09:22:23Z">
          <params>
            <param index="0">
              <value>
                <![CDATA[Login13]]>
              </value>
            </param>
            <param index="1">
              <value>
                <![CDATA[cbtcrowd024@gmail.com]]>
              </value>
            </param>
            <param index="2">
              <value>
                <![CDATA[crowdbeta024]]>
              </value>
            </param>
            <param index="3">
              <value>
                <![CDATA[cbt@1234]]>
              </value>
            </param>
          </params>
          <reporter-output>
          </reporter-output>
        </test-method> <!-- loginToWord -->
        <test-method status="SKIP" signature="launchBrowser()[pri:0, instance:com.script.CbtCrowdEmailTest@52af6cff]" name="launchBrowser" is-config="true" duration-ms="0" started-at="2016-04-19T09:22:23Z" finished-at="2016-04-19T09:22:23Z">
          <reporter-output>
          </reporter-output>
        </test-method> <!-- launchBrowser -->
        <test-method status="SKIP" signature="loginToWord(java.lang.String, java.lang.String, java.lang.String, java.lang.String)[pri:0, instance:com.script.CbtCrowdEmailTest@52af6cff]" name="loginToWord" duration-ms="0" started-at="2016-04-19T09:22:23Z" data-provider="testData" finished-at="2016-04-19T09:22:23Z">
          <params>
            <param index="0">
              <value>
                <![CDATA[Login14]]>
              </value>
            </param>
            <param index="1">
              <value>
                <![CDATA[cbtcrowd025@gmail.com]]>
              </value>
            </param>
            <param index="2">
              <value>
                <![CDATA[crowdbeta025]]>
              </value>
            </param>
            <param index="3">
              <value>
                <![CDATA[cbt@1234]]>
              </value>
            </param>
          </params>
          <reporter-output>
          </reporter-output>
        </test-method> <!-- loginToWord -->
        <test-method status="SKIP" signature="launchBrowser()[pri:0, instance:com.script.CbtCrowdEmailTest@52af6cff]" name="launchBrowser" is-config="true" duration-ms="0" started-at="2016-04-19T09:22:23Z" finished-at="2016-04-19T09:22:23Z">
          <reporter-output>
          </reporter-output>
        </test-method> <!-- launchBrowser -->
        <test-method status="SKIP" signature="closeBrowser()[pri:0, instance:com.script.CbtCrowdEmailTest@52af6cff]" name="closeBrowser" is-config="true" duration-ms="0" started-at="2016-04-19T09:22:23Z" finished-at="2016-04-19T09:22:23Z">
          <reporter-output>
          </reporter-output>
        </test-method> <!-- closeBrowser -->
        <test-method status="SKIP" signature="loginToWord(java.lang.String, java.lang.String, java.lang.String, java.lang.String)[pri:0, instance:com.script.CbtCrowdEmailTest@52af6cff]" name="loginToWord" duration-ms="1" started-at="2016-04-19T09:22:23Z" data-provider="testData" finished-at="2016-04-19T09:22:23Z">
          <params>
            <param index="0">
              <value>
                <![CDATA[Login15]]>
              </value>
            </param>
            <param index="1">
              <value>
                <![CDATA[cbtcrowd026@gmail.com]]>
              </value>
            </param>
            <param index="2">
              <value>
                <![CDATA[crowdbeta026]]>
              </value>
            </param>
            <param index="3">
              <value>
                <![CDATA[cbt@1234]]>
              </value>
            </param>
          </params>
          <reporter-output>
          </reporter-output>
        </test-method> <!-- loginToWord -->
        <test-method status="SKIP" signature="launchBrowser()[pri:0, instance:com.script.CbtCrowdEmailTest@52af6cff]" name="launchBrowser" is-config="true" duration-ms="0" started-at="2016-04-19T09:22:23Z" finished-at="2016-04-19T09:22:23Z">
          <reporter-output>
          </reporter-output>
        </test-method> <!-- launchBrowser -->
        <test-method status="SKIP" signature="loginToWord(java.lang.String, java.lang.String, java.lang.String, java.lang.String)[pri:0, instance:com.script.CbtCrowdEmailTest@52af6cff]" name="loginToWord" duration-ms="0" started-at="2016-04-19T09:22:23Z" data-provider="testData" finished-at="2016-04-19T09:22:23Z">
          <params>
            <param index="0">
              <value>
                <![CDATA[Login16]]>
              </value>
            </param>
            <param index="1">
              <value>
                <![CDATA[cbtcrowd031@gmail.com]]>
              </value>
            </param>
            <param index="2">
              <value>
                <![CDATA[crowdbeta031]]>
              </value>
            </param>
            <param index="3">
              <value>
                <![CDATA[cbt@1234]]>
              </value>
            </param>
          </params>
          <reporter-output>
          </reporter-output>
        </test-method> <!-- loginToWord -->
        <test-method status="SKIP" signature="closeBrowser()[pri:0, instance:com.script.CbtCrowdEmailTest@52af6cff]" name="closeBrowser" is-config="true" duration-ms="0" started-at="2016-04-19T09:22:23Z" finished-at="2016-04-19T09:22:23Z">
          <reporter-output>
          </reporter-output>
        </test-method> <!-- closeBrowser -->
        <test-method status="SKIP" signature="closeBrowser()[pri:0, instance:com.script.CbtCrowdEmailTest@52af6cff]" name="closeBrowser" is-config="true" duration-ms="0" started-at="2016-04-19T09:22:23Z" finished-at="2016-04-19T09:22:23Z">
          <reporter-output>
          </reporter-output>
        </test-method> <!-- closeBrowser -->
        <test-method status="SKIP" signature="loginToWord(java.lang.String, java.lang.String, java.lang.String, java.lang.String)[pri:0, instance:com.script.CbtCrowdEmailTest@52af6cff]" name="loginToWord" duration-ms="0" started-at="2016-04-19T09:22:23Z" data-provider="testData" finished-at="2016-04-19T09:22:23Z">
          <params>
            <param index="0">
              <value>
                <![CDATA[Login17]]>
              </value>
            </param>
            <param index="1">
              <value>
                <![CDATA[cbtcrowd033@gmail.com]]>
              </value>
            </param>
            <param index="2">
              <value>
                <![CDATA[crowdbeta033]]>
              </value>
            </param>
            <param index="3">
              <value>
                <![CDATA[cbt@1234]]>
              </value>
            </param>
          </params>
          <reporter-output>
          </reporter-output>
        </test-method> <!-- loginToWord -->
        <test-method status="SKIP" signature="launchBrowser()[pri:0, instance:com.script.CbtCrowdEmailTest@52af6cff]" name="launchBrowser" is-config="true" duration-ms="0" started-at="2016-04-19T09:22:23Z" finished-at="2016-04-19T09:22:23Z">
          <reporter-output>
          </reporter-output>
        </test-method> <!-- launchBrowser -->
        <test-method status="SKIP" signature="closeBrowser()[pri:0, instance:com.script.CbtCrowdEmailTest@52af6cff]" name="closeBrowser" is-config="true" duration-ms="0" started-at="2016-04-19T09:22:23Z" finished-at="2016-04-19T09:22:23Z">
          <reporter-output>
          </reporter-output>
        </test-method> <!-- closeBrowser -->
        <test-method status="SKIP" signature="launchBrowser()[pri:0, instance:com.script.CbtCrowdEmailTest@52af6cff]" name="launchBrowser" is-config="true" duration-ms="0" started-at="2016-04-19T09:22:23Z" finished-at="2016-04-19T09:22:23Z">
          <reporter-output>
          </reporter-output>
        </test-method> <!-- launchBrowser -->
        <test-method status="SKIP" signature="loginToWord(java.lang.String, java.lang.String, java.lang.String, java.lang.String)[pri:0, instance:com.script.CbtCrowdEmailTest@52af6cff]" name="loginToWord" duration-ms="0" started-at="2016-04-19T09:22:23Z" data-provider="testData" finished-at="2016-04-19T09:22:23Z">
          <params>
            <param index="0">
              <value>
                <![CDATA[Login18]]>
              </value>
            </param>
            <param index="1">
              <value>
                <![CDATA[cbtcrowd034@gmail.com]]>
              </value>
            </param>
            <param index="2">
              <value>
                <![CDATA[crowdbeta034]]>
              </value>
            </param>
            <param index="3">
              <value>
                <![CDATA[cbt@1234]]>
              </value>
            </param>
          </params>
          <reporter-output>
          </reporter-output>
        </test-method> <!-- loginToWord -->
        <test-method status="SKIP" signature="closeBrowser()[pri:0, instance:com.script.CbtCrowdEmailTest@52af6cff]" name="closeBrowser" is-config="true" duration-ms="0" started-at="2016-04-19T09:22:23Z" finished-at="2016-04-19T09:22:23Z">
          <reporter-output>
          </reporter-output>
        </test-method> <!-- closeBrowser -->
        <test-method status="SKIP" signature="closeBrowser()[pri:0, instance:com.script.CbtCrowdEmailTest@52af6cff]" name="closeBrowser" is-config="true" duration-ms="0" started-at="2016-04-19T09:22:23Z" finished-at="2016-04-19T09:22:23Z">
          <reporter-output>
          </reporter-output>
        </test-method> <!-- closeBrowser -->
        <test-method status="SKIP" signature="loginToWord(java.lang.String, java.lang.String, java.lang.String, java.lang.String)[pri:0, instance:com.script.CbtCrowdEmailTest@52af6cff]" name="loginToWord" duration-ms="0" started-at="2016-04-19T09:22:23Z" data-provider="testData" finished-at="2016-04-19T09:22:23Z">
          <params>
            <param index="0">
              <value>
                <![CDATA[Login19]]>
              </value>
            </param>
            <param index="1">
              <value>
                <![CDATA[cbtcrowd035@gmail.com]]>
              </value>
            </param>
            <param index="2">
              <value>
                <![CDATA[crowdbeta035]]>
              </value>
            </param>
            <param index="3">
              <value>
                <![CDATA[cbt@1234]]>
              </value>
            </param>
          </params>
          <reporter-output>
          </reporter-output>
        </test-method> <!-- loginToWord -->
        <test-method status="SKIP" signature="launchBrowser()[pri:0, instance:com.script.CbtCrowdEmailTest@52af6cff]" name="launchBrowser" is-config="true" duration-ms="0" started-at="2016-04-19T09:22:23Z" finished-at="2016-04-19T09:22:23Z">
          <reporter-output>
          </reporter-output>
        </test-method> <!-- launchBrowser -->
        <test-method status="SKIP" signature="launchBrowser()[pri:0, instance:com.script.CbtCrowdEmailTest@52af6cff]" name="launchBrowser" is-config="true" duration-ms="0" started-at="2016-04-19T09:22:23Z" finished-at="2016-04-19T09:22:23Z">
          <reporter-output>
          </reporter-output>
        </test-method> <!-- launchBrowser -->
        <test-method status="SKIP" signature="loginToWord(java.lang.String, java.lang.String, java.lang.String, java.lang.String)[pri:0, instance:com.script.CbtCrowdEmailTest@52af6cff]" name="loginToWord" duration-ms="1" started-at="2016-04-19T09:22:23Z" data-provider="testData" finished-at="2016-04-19T09:22:23Z">
          <params>
            <param index="0">
              <value>
                <![CDATA[Login21]]>
              </value>
            </param>
            <param index="1">
              <value>
                <![CDATA[cbtcrowd038@gmail.com]]>
              </value>
            </param>
            <param index="2">
              <value>
                <![CDATA[crowdbeta038]]>
              </value>
            </param>
            <param index="3">
              <value>
                <![CDATA[cbt@1234]]>
              </value>
            </param>
          </params>
          <reporter-output>
          </reporter-output>
        </test-method> <!-- loginToWord -->
        <test-method status="SKIP" signature="loginToWord(java.lang.String, java.lang.String, java.lang.String, java.lang.String)[pri:0, instance:com.script.CbtCrowdEmailTest@52af6cff]" name="loginToWord" duration-ms="0" started-at="2016-04-19T09:22:23Z" data-provider="testData" finished-at="2016-04-19T09:22:23Z">
          <params>
            <param index="0">
              <value>
                <![CDATA[Login20]]>
              </value>
            </param>
            <param index="1">
              <value>
                <![CDATA[cbtcrowd036@gmail.com]]>
              </value>
            </param>
            <param index="2">
              <value>
                <![CDATA[crowdbeta036]]>
              </value>
            </param>
            <param index="3">
              <value>
                <![CDATA[cbt@1234]]>
              </value>
            </param>
          </params>
          <reporter-output>
          </reporter-output>
        </test-method> <!-- loginToWord -->
        <test-method status="SKIP" signature="closeBrowser()[pri:0, instance:com.script.CbtCrowdEmailTest@52af6cff]" name="closeBrowser" is-config="true" duration-ms="0" started-at="2016-04-19T09:22:23Z" finished-at="2016-04-19T09:22:23Z">
          <reporter-output>
          </reporter-output>
        </test-method> <!-- closeBrowser -->
        <test-method status="SKIP" signature="launchBrowser()[pri:0, instance:com.script.CbtCrowdEmailTest@52af6cff]" name="launchBrowser" is-config="true" duration-ms="0" started-at="2016-04-19T09:22:23Z" finished-at="2016-04-19T09:22:23Z">
          <reporter-output>
          </reporter-output>
        </test-method> <!-- launchBrowser -->
        <test-method status="SKIP" signature="loginToWord(java.lang.String, java.lang.String, java.lang.String, java.lang.String)[pri:0, instance:com.script.CbtCrowdEmailTest@52af6cff]" name="loginToWord" duration-ms="0" started-at="2016-04-19T09:22:23Z" data-provider="testData" finished-at="2016-04-19T09:22:23Z">
          <params>
            <param index="0">
              <value>
                <![CDATA[Login22]]>
              </value>
            </param>
            <param index="1">
              <value>
                <![CDATA[cbtcrowd039@gmail.com]]>
              </value>
            </param>
            <param index="2">
              <value>
                <![CDATA[crowdbeta039]]>
              </value>
            </param>
            <param index="3">
              <value>
                <![CDATA[cbt@1234]]>
              </value>
            </param>
          </params>
          <reporter-output>
          </reporter-output>
        </test-method> <!-- loginToWord -->
        <test-method status="SKIP" signature="launchBrowser()[pri:0, instance:com.script.CbtCrowdEmailTest@52af6cff]" name="launchBrowser" is-config="true" duration-ms="0" started-at="2016-04-19T09:22:23Z" finished-at="2016-04-19T09:22:23Z">
          <reporter-output>
          </reporter-output>
        </test-method> <!-- launchBrowser -->
        <test-method status="SKIP" signature="closeBrowser()[pri:0, instance:com.script.CbtCrowdEmailTest@52af6cff]" name="closeBrowser" is-config="true" duration-ms="0" started-at="2016-04-19T09:22:23Z" finished-at="2016-04-19T09:22:23Z">
          <reporter-output>
          </reporter-output>
        </test-method> <!-- closeBrowser -->
        <test-method status="SKIP" signature="closeBrowser()[pri:0, instance:com.script.CbtCrowdEmailTest@52af6cff]" name="closeBrowser" is-config="true" duration-ms="0" started-at="2016-04-19T09:22:23Z" finished-at="2016-04-19T09:22:23Z">
          <reporter-output>
          </reporter-output>
        </test-method> <!-- closeBrowser -->
        <test-method status="SKIP" signature="loginToWord(java.lang.String, java.lang.String, java.lang.String, java.lang.String)[pri:0, instance:com.script.CbtCrowdEmailTest@52af6cff]" name="loginToWord" duration-ms="0" started-at="2016-04-19T09:22:23Z" data-provider="testData" finished-at="2016-04-19T09:22:23Z">
          <params>
            <param index="0">
              <value>
                <![CDATA[Login23]]>
              </value>
            </param>
            <param index="1">
              <value>
                <![CDATA[cbtcrowd040@gmail.com]]>
              </value>
            </param>
            <param index="2">
              <value>
                <![CDATA[cbt_crowd_040]]>
              </value>
            </param>
            <param index="3">
              <value>
                <![CDATA[cbt@1234]]>
              </value>
            </param>
          </params>
          <reporter-output>
          </reporter-output>
        </test-method> <!-- loginToWord -->
        <test-method status="SKIP" signature="launchBrowser()[pri:0, instance:com.script.CbtCrowdEmailTest@52af6cff]" name="launchBrowser" is-config="true" duration-ms="0" started-at="2016-04-19T09:22:23Z" finished-at="2016-04-19T09:22:23Z">
          <reporter-output>
          </reporter-output>
        </test-method> <!-- launchBrowser -->
        <test-method status="SKIP" signature="closeBrowser()[pri:0, instance:com.script.CbtCrowdEmailTest@52af6cff]" name="closeBrowser" is-config="true" duration-ms="0" started-at="2016-04-19T09:22:23Z" finished-at="2016-04-19T09:22:23Z">
          <reporter-output>
          </reporter-output>
        </test-method> <!-- closeBrowser -->
        <test-method status="SKIP" signature="loginToWord(java.lang.String, java.lang.String, java.lang.String, java.lang.String)[pri:0, instance:com.script.CbtCrowdEmailTest@52af6cff]" name="loginToWord" duration-ms="0" started-at="2016-04-19T09:22:23Z" data-provider="testData" finished-at="2016-04-19T09:22:23Z">
          <params>
            <param index="0">
              <value>
                <![CDATA[Login24]]>
              </value>
            </param>
            <param index="1">
              <value>
                <![CDATA[cbtcrowd041@gmail.com]]>
              </value>
            </param>
            <param index="2">
              <value>
                <![CDATA[cbt_crowd_041]]>
              </value>
            </param>
            <param index="3">
              <value>
                <![CDATA[cbt@1234]]>
              </value>
            </param>
          </params>
          <reporter-output>
          </reporter-output>
        </test-method> <!-- loginToWord -->
        <test-method status="SKIP" signature="launchBrowser()[pri:0, instance:com.script.CbtCrowdEmailTest@52af6cff]" name="launchBrowser" is-config="true" duration-ms="0" started-at="2016-04-19T09:22:23Z" finished-at="2016-04-19T09:22:23Z">
          <reporter-output>
          </reporter-output>
        </test-method> <!-- launchBrowser -->
        <test-method status="SKIP" signature="closeBrowser()[pri:0, instance:com.script.CbtCrowdEmailTest@52af6cff]" name="closeBrowser" is-config="true" duration-ms="0" started-at="2016-04-19T09:22:23Z" finished-at="2016-04-19T09:22:23Z">
          <reporter-output>
          </reporter-output>
        </test-method> <!-- closeBrowser -->
        <test-method status="SKIP" signature="launchBrowser()[pri:0, instance:com.script.CbtCrowdEmailTest@52af6cff]" name="launchBrowser" is-config="true" duration-ms="0" started-at="2016-04-19T09:22:23Z" finished-at="2016-04-19T09:22:23Z">
          <reporter-output>
          </reporter-output>
        </test-method> <!-- launchBrowser -->
        <test-method status="SKIP" signature="launchBrowser()[pri:0, instance:com.script.CbtCrowdEmailTest@52af6cff]" name="launchBrowser" is-config="true" duration-ms="0" started-at="2016-04-19T09:22:23Z" finished-at="2016-04-19T09:22:23Z">
          <reporter-output>
          </reporter-output>
        </test-method> <!-- launchBrowser -->
        <test-method status="SKIP" signature="loginToWord(java.lang.String, java.lang.String, java.lang.String, java.lang.String)[pri:0, instance:com.script.CbtCrowdEmailTest@52af6cff]" name="loginToWord" duration-ms="0" started-at="2016-04-19T09:22:23Z" data-provider="testData" finished-at="2016-04-19T09:22:23Z">
          <params>
            <param index="0">
              <value>
                <![CDATA[Login25]]>
              </value>
            </param>
            <param index="1">
              <value>
                <![CDATA[cbtcrowd042@gmail.com]]>
              </value>
            </param>
            <param index="2">
              <value>
                <![CDATA[cbt_crowd_042]]>
              </value>
            </param>
            <param index="3">
              <value>
                <![CDATA[cbt@1234]]>
              </value>
            </param>
          </params>
          <reporter-output>
          </reporter-output>
        </test-method> <!-- loginToWord -->
        <test-method status="SKIP" signature="closeBrowser()[pri:0, instance:com.script.CbtCrowdEmailTest@52af6cff]" name="closeBrowser" is-config="true" duration-ms="0" started-at="2016-04-19T09:22:23Z" finished-at="2016-04-19T09:22:23Z">
          <reporter-output>
          </reporter-output>
        </test-method> <!-- closeBrowser -->
        <test-method status="SKIP" signature="loginToWord(java.lang.String, java.lang.String, java.lang.String, java.lang.String)[pri:0, instance:com.script.CbtCrowdEmailTest@52af6cff]" name="loginToWord" duration-ms="0" started-at="2016-04-19T09:22:23Z" data-provider="testData" finished-at="2016-04-19T09:22:23Z">
          <params>
            <param index="0">
              <value>
                <![CDATA[Login26]]>
              </value>
            </param>
            <param index="1">
              <value>
                <![CDATA[cbtcrowd043@gmail.com]]>
              </value>
            </param>
            <param index="2">
              <value>
                <![CDATA[cbt_crowd_043]]>
              </value>
            </param>
            <param index="3">
              <value>
                <![CDATA[cbt@1234]]>
              </value>
            </param>
          </params>
          <reporter-output>
          </reporter-output>
        </test-method> <!-- loginToWord -->
        <test-method status="SKIP" signature="loginToWord(java.lang.String, java.lang.String, java.lang.String, java.lang.String)[pri:0, instance:com.script.CbtCrowdEmailTest@52af6cff]" name="loginToWord" duration-ms="1" started-at="2016-04-19T09:22:23Z" data-provider="testData" finished-at="2016-04-19T09:22:23Z">
          <params>
            <param index="0">
              <value>
                <![CDATA[Login27]]>
              </value>
            </param>
            <param index="1">
              <value>
                <![CDATA[cbtcrowd044@gmail.com]]>
              </value>
            </param>
            <param index="2">
              <value>
                <![CDATA[cbt_crowd_044]]>
              </value>
            </param>
            <param index="3">
              <value>
                <![CDATA[cbt@1234]]>
              </value>
            </param>
          </params>
          <reporter-output>
          </reporter-output>
        </test-method> <!-- loginToWord -->
        <test-method status="SKIP" signature="launchBrowser()[pri:0, instance:com.script.CbtCrowdEmailTest@52af6cff]" name="launchBrowser" is-config="true" duration-ms="0" started-at="2016-04-19T09:22:23Z" finished-at="2016-04-19T09:22:23Z">
          <reporter-output>
          </reporter-output>
        </test-method> <!-- launchBrowser -->
        <test-method status="SKIP" signature="closeBrowser()[pri:0, instance:com.script.CbtCrowdEmailTest@52af6cff]" name="closeBrowser" is-config="true" duration-ms="0" started-at="2016-04-19T09:22:23Z" finished-at="2016-04-19T09:22:23Z">
          <reporter-output>
          </reporter-output>
        </test-method> <!-- closeBrowser -->
        <test-method status="SKIP" signature="launchBrowser()[pri:0, instance:com.script.CbtCrowdEmailTest@52af6cff]" name="launchBrowser" is-config="true" duration-ms="0" started-at="2016-04-19T09:22:23Z" finished-at="2016-04-19T09:22:23Z">
          <reporter-output>
          </reporter-output>
        </test-method> <!-- launchBrowser -->
        <test-method status="SKIP" signature="closeBrowser()[pri:0, instance:com.script.CbtCrowdEmailTest@52af6cff]" name="closeBrowser" is-config="true" duration-ms="0" started-at="2016-04-19T09:22:23Z" finished-at="2016-04-19T09:22:23Z">
          <reporter-output>
          </reporter-output>
        </test-method> <!-- closeBrowser -->
        <test-method status="SKIP" signature="loginToWord(java.lang.String, java.lang.String, java.lang.String, java.lang.String)[pri:0, instance:com.script.CbtCrowdEmailTest@52af6cff]" name="loginToWord" duration-ms="0" started-at="2016-04-19T09:22:23Z" data-provider="testData" finished-at="2016-04-19T09:22:23Z">
          <params>
            <param index="0">
              <value>
                <![CDATA[Login28]]>
              </value>
            </param>
            <param index="1">
              <value>
                <![CDATA[cbtcrowd045@gmail.com]]>
              </value>
            </param>
            <param index="2">
              <value>
                <![CDATA[cbt_crowd_045]]>
              </value>
            </param>
            <param index="3">
              <value>
                <![CDATA[cbt@1234]]>
              </value>
            </param>
          </params>
          <reporter-output>
          </reporter-output>
        </test-method> <!-- loginToWord -->
        <test-method status="SKIP" signature="closeBrowser()[pri:0, instance:com.script.CbtCrowdEmailTest@52af6cff]" name="closeBrowser" is-config="true" duration-ms="0" started-at="2016-04-19T09:22:23Z" finished-at="2016-04-19T09:22:23Z">
          <reporter-output>
          </reporter-output>
        </test-method> <!-- closeBrowser -->
        <test-method status="SKIP" signature="launchBrowser()[pri:0, instance:com.script.CbtCrowdEmailTest@52af6cff]" name="launchBrowser" is-config="true" duration-ms="0" started-at="2016-04-19T09:22:23Z" finished-at="2016-04-19T09:22:23Z">
          <reporter-output>
          </reporter-output>
        </test-method> <!-- launchBrowser -->
        <test-method status="SKIP" signature="loginToWord(java.lang.String, java.lang.String, java.lang.String, java.lang.String)[pri:0, instance:com.script.CbtCrowdEmailTest@52af6cff]" name="loginToWord" duration-ms="0" started-at="2016-04-19T09:22:23Z" data-provider="testData" finished-at="2016-04-19T09:22:23Z">
          <params>
            <param index="0">
              <value>
                <![CDATA[Login29]]>
              </value>
            </param>
            <param index="1">
              <value>
                <![CDATA[cbtcrowd046@gmail.com]]>
              </value>
            </param>
            <param index="2">
              <value>
                <![CDATA[cbt_crowd_046]]>
              </value>
            </param>
            <param index="3">
              <value>
                <![CDATA[cbt@1234]]>
              </value>
            </param>
          </params>
          <reporter-output>
          </reporter-output>
        </test-method> <!-- loginToWord -->
        <test-method status="SKIP" signature="closeBrowser()[pri:0, instance:com.script.CbtCrowdEmailTest@52af6cff]" name="closeBrowser" is-config="true" duration-ms="0" started-at="2016-04-19T09:22:23Z" finished-at="2016-04-19T09:22:23Z">
          <reporter-output>
          </reporter-output>
        </test-method> <!-- closeBrowser -->
        <test-method status="SKIP" signature="closeBrowser()[pri:0, instance:com.script.CbtCrowdEmailTest@52af6cff]" name="closeBrowser" is-config="true" duration-ms="0" started-at="2016-04-19T09:22:23Z" finished-at="2016-04-19T09:22:23Z">
          <reporter-output>
          </reporter-output>
        </test-method> <!-- closeBrowser -->
        <test-method status="SKIP" signature="launchBrowser()[pri:0, instance:com.script.CbtCrowdEmailTest@52af6cff]" name="launchBrowser" is-config="true" duration-ms="0" started-at="2016-04-19T09:22:23Z" finished-at="2016-04-19T09:22:23Z">
          <reporter-output>
          </reporter-output>
        </test-method> <!-- launchBrowser -->
        <test-method status="SKIP" signature="loginToWord(java.lang.String, java.lang.String, java.lang.String, java.lang.String)[pri:0, instance:com.script.CbtCrowdEmailTest@52af6cff]" name="loginToWord" duration-ms="0" started-at="2016-04-19T09:22:23Z" data-provider="testData" finished-at="2016-04-19T09:22:23Z">
          <params>
            <param index="0">
              <value>
                <![CDATA[Login30]]>
              </value>
            </param>
            <param index="1">
              <value>
                <![CDATA[cbtcrowd047@gmail.com]]>
              </value>
            </param>
            <param index="2">
              <value>
                <![CDATA[cbt_crowd_047]]>
              </value>
            </param>
            <param index="3">
              <value>
                <![CDATA[cbt@1234]]>
              </value>
            </param>
          </params>
          <reporter-output>
          </reporter-output>
        </test-method> <!-- loginToWord -->
        <test-method status="SKIP" signature="launchBrowser()[pri:0, instance:com.script.CbtCrowdEmailTest@52af6cff]" name="launchBrowser" is-config="true" duration-ms="0" started-at="2016-04-19T09:22:23Z" finished-at="2016-04-19T09:22:23Z">
          <reporter-output>
          </reporter-output>
        </test-method> <!-- launchBrowser -->
        <test-method status="SKIP" signature="closeBrowser()[pri:0, instance:com.script.CbtCrowdEmailTest@52af6cff]" name="closeBrowser" is-config="true" duration-ms="0" started-at="2016-04-19T09:22:23Z" finished-at="2016-04-19T09:22:23Z">
          <reporter-output>
          </reporter-output>
        </test-method> <!-- closeBrowser -->
        <test-method status="SKIP" signature="launchBrowser()[pri:0, instance:com.script.CbtCrowdEmailTest@52af6cff]" name="launchBrowser" is-config="true" duration-ms="0" started-at="2016-04-19T09:22:23Z" finished-at="2016-04-19T09:22:23Z">
          <reporter-output>
          </reporter-output>
        </test-method> <!-- launchBrowser -->
        <test-method status="SKIP" signature="loginToWord(java.lang.String, java.lang.String, java.lang.String, java.lang.String)[pri:0, instance:com.script.CbtCrowdEmailTest@52af6cff]" name="loginToWord" duration-ms="0" started-at="2016-04-19T09:22:23Z" data-provider="testData" finished-at="2016-04-19T09:22:23Z">
          <params>
            <param index="0">
              <value>
                <![CDATA[Login31]]>
              </value>
            </param>
            <param index="1">
              <value>
                <![CDATA[cbtcrowd048@gmail.com]]>
              </value>
            </param>
            <param index="2">
              <value>
                <![CDATA[cbt_crowd_048]]>
              </value>
            </param>
            <param index="3">
              <value>
                <![CDATA[cbt@1234]]>
              </value>
            </param>
          </params>
          <reporter-output>
          </reporter-output>
        </test-method> <!-- loginToWord -->
        <test-method status="SKIP" signature="loginToWord(java.lang.String, java.lang.String, java.lang.String, java.lang.String)[pri:0, instance:com.script.CbtCrowdEmailTest@52af6cff]" name="loginToWord" duration-ms="1" started-at="2016-04-19T09:22:23Z" data-provider="testData" finished-at="2016-04-19T09:22:23Z">
          <params>
            <param index="0">
              <value>
                <![CDATA[Login33]]>
              </value>
            </param>
            <param index="1">
              <value>
                <![CDATA[cbtcrowd050@gmail.com]]>
              </value>
            </param>
            <param index="2">
              <value>
                <![CDATA[cbt_crowd_050]]>
              </value>
            </param>
            <param index="3">
              <value>
                <![CDATA[cbt@1234]]>
              </value>
            </param>
          </params>
          <reporter-output>
          </reporter-output>
        </test-method> <!-- loginToWord -->
        <test-method status="SKIP" signature="closeBrowser()[pri:0, instance:com.script.CbtCrowdEmailTest@52af6cff]" name="closeBrowser" is-config="true" duration-ms="0" started-at="2016-04-19T09:22:23Z" finished-at="2016-04-19T09:22:23Z">
          <reporter-output>
          </reporter-output>
        </test-method> <!-- closeBrowser -->
        <test-method status="SKIP" signature="loginToWord(java.lang.String, java.lang.String, java.lang.String, java.lang.String)[pri:0, instance:com.script.CbtCrowdEmailTest@52af6cff]" name="loginToWord" duration-ms="0" started-at="2016-04-19T09:22:23Z" data-provider="testData" finished-at="2016-04-19T09:22:23Z">
          <params>
            <param index="0">
              <value>
                <![CDATA[Login32]]>
              </value>
            </param>
            <param index="1">
              <value>
                <![CDATA[cbtcrowd049@gmail.com]]>
              </value>
            </param>
            <param index="2">
              <value>
                <![CDATA[cbt_crowd_049]]>
              </value>
            </param>
            <param index="3">
              <value>
                <![CDATA[cbt@1234]]>
              </value>
            </param>
          </params>
          <reporter-output>
          </reporter-output>
        </test-method> <!-- loginToWord -->
        <test-method status="SKIP" signature="launchBrowser()[pri:0, instance:com.script.CbtCrowdEmailTest@52af6cff]" name="launchBrowser" is-config="true" duration-ms="0" started-at="2016-04-19T09:22:23Z" finished-at="2016-04-19T09:22:23Z">
          <reporter-output>
          </reporter-output>
        </test-method> <!-- launchBrowser -->
        <test-method status="SKIP" signature="closeBrowser()[pri:0, instance:com.script.CbtCrowdEmailTest@52af6cff]" name="closeBrowser" is-config="true" duration-ms="0" started-at="2016-04-19T09:22:23Z" finished-at="2016-04-19T09:22:23Z">
          <reporter-output>
          </reporter-output>
        </test-method> <!-- closeBrowser -->
        <test-method status="SKIP" signature="loginToWord(java.lang.String, java.lang.String, java.lang.String, java.lang.String)[pri:0, instance:com.script.CbtCrowdEmailTest@52af6cff]" name="loginToWord" duration-ms="0" started-at="2016-04-19T09:22:23Z" data-provider="testData" finished-at="2016-04-19T09:22:23Z">
          <params>
            <param index="0">
              <value>
                <![CDATA[Login34]]>
              </value>
            </param>
            <param index="1">
              <value>
                <![CDATA[cbtcrowd051@gmail.com]]>
              </value>
            </param>
            <param index="2">
              <value>
                <![CDATA[cbt_crowd_051]]>
              </value>
            </param>
            <param index="3">
              <value>
                <![CDATA[cbt@1234]]>
              </value>
            </param>
          </params>
          <reporter-output>
          </reporter-output>
        </test-method> <!-- loginToWord -->
        <test-method status="SKIP" signature="launchBrowser()[pri:0, instance:com.script.CbtCrowdEmailTest@52af6cff]" name="launchBrowser" is-config="true" duration-ms="0" started-at="2016-04-19T09:22:23Z" finished-at="2016-04-19T09:22:23Z">
          <reporter-output>
          </reporter-output>
        </test-method> <!-- launchBrowser -->
        <test-method status="SKIP" signature="launchBrowser()[pri:0, instance:com.script.CbtCrowdEmailTest@52af6cff]" name="launchBrowser" is-config="true" duration-ms="0" started-at="2016-04-19T09:22:23Z" finished-at="2016-04-19T09:22:23Z">
          <reporter-output>
          </reporter-output>
        </test-method> <!-- launchBrowser -->
        <test-method status="SKIP" signature="loginToWord(java.lang.String, java.lang.String, java.lang.String, java.lang.String)[pri:0, instance:com.script.CbtCrowdEmailTest@52af6cff]" name="loginToWord" duration-ms="0" started-at="2016-04-19T09:22:23Z" data-provider="testData" finished-at="2016-04-19T09:22:23Z">
          <params>
            <param index="0">
              <value>
                <![CDATA[Login36]]>
              </value>
            </param>
            <param index="1">
              <value>
                <![CDATA[cbtcrowd053@gmail.com]]>
              </value>
            </param>
            <param index="2">
              <value>
                <![CDATA[cbt_crowd_053]]>
              </value>
            </param>
            <param index="3">
              <value>
                <![CDATA[cbt@1234]]>
              </value>
            </param>
          </params>
          <reporter-output>
          </reporter-output>
        </test-method> <!-- loginToWord -->
        <test-method status="SKIP" signature="closeBrowser()[pri:0, instance:com.script.CbtCrowdEmailTest@52af6cff]" name="closeBrowser" is-config="true" duration-ms="0" started-at="2016-04-19T09:22:23Z" finished-at="2016-04-19T09:22:23Z">
          <reporter-output>
          </reporter-output>
        </test-method> <!-- closeBrowser -->
        <test-method status="SKIP" signature="closeBrowser()[pri:0, instance:com.script.CbtCrowdEmailTest@52af6cff]" name="closeBrowser" is-config="true" duration-ms="0" started-at="2016-04-19T09:22:23Z" finished-at="2016-04-19T09:22:23Z">
          <reporter-output>
          </reporter-output>
        </test-method> <!-- closeBrowser -->
        <test-method status="SKIP" signature="launchBrowser()[pri:0, instance:com.script.CbtCrowdEmailTest@52af6cff]" name="launchBrowser" is-config="true" duration-ms="0" started-at="2016-04-19T09:22:23Z" finished-at="2016-04-19T09:22:23Z">
          <reporter-output>
          </reporter-output>
        </test-method> <!-- launchBrowser -->
        <test-method status="SKIP" signature="loginToWord(java.lang.String, java.lang.String, java.lang.String, java.lang.String)[pri:0, instance:com.script.CbtCrowdEmailTest@52af6cff]" name="loginToWord" duration-ms="0" started-at="2016-04-19T09:22:23Z" data-provider="testData" finished-at="2016-04-19T09:22:23Z">
          <params>
            <param index="0">
              <value>
                <![CDATA[Login35]]>
              </value>
            </param>
            <param index="1">
              <value>
                <![CDATA[cbtcrowd052@gmail.com]]>
              </value>
            </param>
            <param index="2">
              <value>
                <![CDATA[cbt_crowd_052]]>
              </value>
            </param>
            <param index="3">
              <value>
                <![CDATA[cbt@1234]]>
              </value>
            </param>
          </params>
          <reporter-output>
          </reporter-output>
        </test-method> <!-- loginToWord -->
        <test-method status="SKIP" signature="launchBrowser()[pri:0, instance:com.script.CbtCrowdEmailTest@52af6cff]" name="launchBrowser" is-config="true" duration-ms="0" started-at="2016-04-19T09:22:23Z" finished-at="2016-04-19T09:22:23Z">
          <reporter-output>
          </reporter-output>
        </test-method> <!-- launchBrowser -->
        <test-method status="SKIP" signature="closeBrowser()[pri:0, instance:com.script.CbtCrowdEmailTest@52af6cff]" name="closeBrowser" is-config="true" duration-ms="0" started-at="2016-04-19T09:22:23Z" finished-at="2016-04-19T09:22:23Z">
          <reporter-output>
          </reporter-output>
        </test-method> <!-- closeBrowser -->
        <test-method status="SKIP" signature="launchBrowser()[pri:0, instance:com.script.CbtCrowdEmailTest@52af6cff]" name="launchBrowser" is-config="true" duration-ms="0" started-at="2016-04-19T09:22:23Z" finished-at="2016-04-19T09:22:23Z">
          <reporter-output>
          </reporter-output>
        </test-method> <!-- launchBrowser -->
        <test-method status="SKIP" signature="closeBrowser()[pri:0, instance:com.script.CbtCrowdEmailTest@52af6cff]" name="closeBrowser" is-config="true" duration-ms="0" started-at="2016-04-19T09:22:23Z" finished-at="2016-04-19T09:22:23Z">
          <reporter-output>
          </reporter-output>
        </test-method> <!-- closeBrowser -->
        <test-method status="SKIP" signature="loginToWord(java.lang.String, java.lang.String, java.lang.String, java.lang.String)[pri:0, instance:com.script.CbtCrowdEmailTest@52af6cff]" name="loginToWord" duration-ms="0" started-at="2016-04-19T09:22:23Z" data-provider="testData" finished-at="2016-04-19T09:22:23Z">
          <params>
            <param index="0">
              <value>
                <![CDATA[Login38]]>
              </value>
            </param>
            <param index="1">
              <value>
                <![CDATA[cbtcrowd055@gmail.com]]>
              </value>
            </param>
            <param index="2">
              <value>
                <![CDATA[cbt_crowd_055]]>
              </value>
            </param>
            <param index="3">
              <value>
                <![CDATA[cbt@1234]]>
              </value>
            </param>
          </params>
          <reporter-output>
          </reporter-output>
        </test-method> <!-- loginToWord -->
        <test-method status="SKIP" signature="launchBrowser()[pri:0, instance:com.script.CbtCrowdEmailTest@52af6cff]" name="launchBrowser" is-config="true" duration-ms="0" started-at="2016-04-19T09:22:23Z" finished-at="2016-04-19T09:22:23Z">
          <reporter-output>
          </reporter-output>
        </test-method> <!-- launchBrowser -->
        <test-method status="SKIP" signature="loginToWord(java.lang.String, java.lang.String, java.lang.String, java.lang.String)[pri:0, instance:com.script.CbtCrowdEmailTest@52af6cff]" name="loginToWord" duration-ms="0" started-at="2016-04-19T09:22:23Z" data-provider="testData" finished-at="2016-04-19T09:22:23Z">
          <params>
            <param index="0">
              <value>
                <![CDATA[Login37]]>
              </value>
            </param>
            <param index="1">
              <value>
                <![CDATA[cbtcrowd054@gmail.com]]>
              </value>
            </param>
            <param index="2">
              <value>
                <![CDATA[cbt_crowd_054]]>
              </value>
            </param>
            <param index="3">
              <value>
                <![CDATA[cbt@1234]]>
              </value>
            </param>
          </params>
          <reporter-output>
          </reporter-output>
        </test-method> <!-- loginToWord -->
        <test-method status="SKIP" signature="loginToWord(java.lang.String, java.lang.String, java.lang.String, java.lang.String)[pri:0, instance:com.script.CbtCrowdEmailTest@52af6cff]" name="loginToWord" duration-ms="0" started-at="2016-04-19T09:22:23Z" data-provider="testData" finished-at="2016-04-19T09:22:23Z">
          <params>
            <param index="0">
              <value>
                <![CDATA[Login39]]>
              </value>
            </param>
            <param index="1">
              <value>
                <![CDATA[cbtcrowd056@gmail.com]]>
              </value>
            </param>
            <param index="2">
              <value>
                <![CDATA[cbt_crowd_056]]>
              </value>
            </param>
            <param index="3">
              <value>
                <![CDATA[cbt@1234]]>
              </value>
            </param>
          </params>
          <reporter-output>
          </reporter-output>
        </test-method> <!-- loginToWord -->
        <test-method status="SKIP" signature="closeBrowser()[pri:0, instance:com.script.CbtCrowdEmailTest@52af6cff]" name="closeBrowser" is-config="true" duration-ms="0" started-at="2016-04-19T09:22:23Z" finished-at="2016-04-19T09:22:23Z">
          <reporter-output>
          </reporter-output>
        </test-method> <!-- closeBrowser -->
        <test-method status="SKIP" signature="launchBrowser()[pri:0, instance:com.script.CbtCrowdEmailTest@52af6cff]" name="launchBrowser" is-config="true" duration-ms="0" started-at="2016-04-19T09:22:23Z" finished-at="2016-04-19T09:22:23Z">
          <reporter-output>
          </reporter-output>
        </test-method> <!-- launchBrowser -->
        <test-method status="SKIP" signature="closeBrowser()[pri:0, instance:com.script.CbtCrowdEmailTest@52af6cff]" name="closeBrowser" is-config="true" duration-ms="0" started-at="2016-04-19T09:22:23Z" finished-at="2016-04-19T09:22:23Z">
          <reporter-output>
          </reporter-output>
        </test-method> <!-- closeBrowser -->
        <test-method status="SKIP" signature="loginToWord(java.lang.String, java.lang.String, java.lang.String, java.lang.String)[pri:0, instance:com.script.CbtCrowdEmailTest@52af6cff]" name="loginToWord" duration-ms="0" started-at="2016-04-19T09:22:23Z" data-provider="testData" finished-at="2016-04-19T09:22:23Z">
          <params>
            <param index="0">
              <value>
                <![CDATA[Login40]]>
              </value>
            </param>
            <param index="1">
              <value>
                <![CDATA[cbtcrowd057@gmail.com]]>
              </value>
            </param>
            <param index="2">
              <value>
                <![CDATA[cbt_crowd_057]]>
              </value>
            </param>
            <param index="3">
              <value>
                <![CDATA[cbt@1234]]>
              </value>
            </param>
          </params>
          <reporter-output>
          </reporter-output>
        </test-method> <!-- loginToWord -->
        <test-method status="SKIP" signature="launchBrowser()[pri:0, instance:com.script.CbtCrowdEmailTest@52af6cff]" name="launchBrowser" is-config="true" duration-ms="0" started-at="2016-04-19T09:22:23Z" finished-at="2016-04-19T09:22:23Z">
          <reporter-output>
          </reporter-output>
        </test-method> <!-- launchBrowser -->
        <test-method status="SKIP" signature="closeBrowser()[pri:0, instance:com.script.CbtCrowdEmailTest@52af6cff]" name="closeBrowser" is-config="true" duration-ms="0" started-at="2016-04-19T09:22:23Z" finished-at="2016-04-19T09:22:23Z">
          <reporter-output>
          </reporter-output>
        </test-method> <!-- closeBrowser -->
        <test-method status="SKIP" signature="launchBrowser()[pri:0, instance:com.script.CbtCrowdEmailTest@52af6cff]" name="launchBrowser" is-config="true" duration-ms="0" started-at="2016-04-19T09:22:23Z" finished-at="2016-04-19T09:22:23Z">
          <reporter-output>
          </reporter-output>
        </test-method> <!-- launchBrowser -->
        <test-method status="SKIP" signature="loginToWord(java.lang.String, java.lang.String, java.lang.String, java.lang.String)[pri:0, instance:com.script.CbtCrowdEmailTest@52af6cff]" name="loginToWord" duration-ms="0" started-at="2016-04-19T09:22:23Z" data-provider="testData" finished-at="2016-04-19T09:22:23Z">
          <params>
            <param index="0">
              <value>
                <![CDATA[Login41]]>
              </value>
            </param>
            <param index="1">
              <value>
                <![CDATA[cbtcrowd058@gmail.com]]>
              </value>
            </param>
            <param index="2">
              <value>
                <![CDATA[cbt_crowd_058]]>
              </value>
            </param>
            <param index="3">
              <value>
                <![CDATA[cbt@1234]]>
              </value>
            </param>
          </params>
          <reporter-output>
          </reporter-output>
        </test-method> <!-- loginToWord -->
        <test-method status="SKIP" signature="closeBrowser()[pri:0, instance:com.script.CbtCrowdEmailTest@52af6cff]" name="closeBrowser" is-config="true" duration-ms="0" started-at="2016-04-19T09:22:23Z" finished-at="2016-04-19T09:22:23Z">
          <reporter-output>
          </reporter-output>
        </test-method> <!-- closeBrowser -->
        <test-method status="SKIP" signature="loginToWord(java.lang.String, java.lang.String, java.lang.String, java.lang.String)[pri:0, instance:com.script.CbtCrowdEmailTest@52af6cff]" name="loginToWord" duration-ms="0" started-at="2016-04-19T09:22:23Z" data-provider="testData" finished-at="2016-04-19T09:22:23Z">
          <params>
            <param index="0">
              <value>
                <![CDATA[Login44]]>
              </value>
            </param>
            <param index="1">
              <value>
                <![CDATA[cbtcrowd061@gmail.com]]>
              </value>
            </param>
            <param index="2">
              <value>
                <![CDATA[cbt_crowd_061]]>
              </value>
            </param>
            <param index="3">
              <value>
                <![CDATA[cbt@1234]]>
              </value>
            </param>
          </params>
          <reporter-output>
          </reporter-output>
        </test-method> <!-- loginToWord -->
        <test-method status="SKIP" signature="closeBrowser()[pri:0, instance:com.script.CbtCrowdEmailTest@52af6cff]" name="closeBrowser" is-config="true" duration-ms="0" started-at="2016-04-19T09:22:23Z" finished-at="2016-04-19T09:22:23Z">
          <reporter-output>
          </reporter-output>
        </test-method> <!-- closeBrowser -->
        <test-method status="SKIP" signature="launchBrowser()[pri:0, instance:com.script.CbtCrowdEmailTest@52af6cff]" name="launchBrowser" is-config="true" duration-ms="0" started-at="2016-04-19T09:22:23Z" finished-at="2016-04-19T09:22:23Z">
          <reporter-output>
          </reporter-output>
        </test-method> <!-- launchBrowser -->
        <test-method status="SKIP" signature="closeBrowser()[pri:0, instance:com.script.CbtCrowdEmailTest@52af6cff]" name="closeBrowser" is-config="true" duration-ms="0" started-at="2016-04-19T09:22:23Z" finished-at="2016-04-19T09:22:23Z">
          <reporter-output>
          </reporter-output>
        </test-method> <!-- closeBrowser -->
        <test-method status="SKIP" signature="launchBrowser()[pri:0, instance:com.script.CbtCrowdEmailTest@52af6cff]" name="launchBrowser" is-config="true" duration-ms="0" started-at="2016-04-19T09:22:23Z" finished-at="2016-04-19T09:22:23Z">
          <reporter-output>
          </reporter-output>
        </test-method> <!-- launchBrowser -->
[...]
            <param index="1">
              <value>
                <![CDATA[cbtcrowd194@gmail.com]]>
              </value>
            </param>
            <param index="2">
              <value>
                <![CDATA[cbt_crowd_194]]>
              </value>
            </param>
            <param index="3">
              <value>
                <![CDATA[cbt@1234]]>
              </value>
            </param>
          </params>
          <reporter-output>
          </reporter-output>
        </test-method> <!-- loginToWord -->
        <test-method status="SKIP" signature="launchBrowser()[pri:0, instance:com.script.CbtCrowdEmailTest@52af6cff]" name="launchBrowser" is-config="true" duration-ms="0" started-at="2016-04-19T09:22:23Z" finished-at="2016-04-19T09:22:23Z">
          <reporter-output>
          </reporter-output>
        </test-method> <!-- launchBrowser -->
        <test-method status="SKIP" signature="loginToWord(java.lang.String, java.lang.String, java.lang.String, java.lang.String)[pri:0, instance:com.script.CbtCrowdEmailTest@52af6cff]" name="loginToWord" duration-ms="0" started-at="2016-04-19T09:22:23Z" data-provider="testData" finished-at="2016-04-19T09:22:23Z">
          <params>
            <param index="0">
              <value>
                <![CDATA[Login168]]>
              </value>
            </param>
            <param index="1">
              <value>
                <![CDATA[cbtcrowd197@gmail.com]]>
              </value>
            </param>
            <param index="2">
              <value>
                <![CDATA[cbt_crowd_197]]>
              </value>
            </param>
            <param index="3">
              <value>
                <![CDATA[cbt@1234]]>
              </value>
            </param>
          </params>
          <reporter-output>
          </reporter-output>
        </test-method> <!-- loginToWord -->
        <test-method status="SKIP" signature="loginToWord(java.lang.String, java.lang.String, java.lang.String, java.lang.String)[pri:0, instance:com.script.CbtCrowdEmailTest@52af6cff]" name="loginToWord" duration-ms="0" started-at="2016-04-19T09:22:23Z" data-provider="testData" finished-at="2016-04-19T09:22:23Z">
          <params>
            <param index="0">
              <value>
                <![CDATA[Login167]]>
              </value>
            </param>
            <param index="1">
              <value>
                <![CDATA[cbtcrowd196@gmail.com]]>
              </value>
            </param>
            <param index="2">
              <value>
                <![CDATA[cbt_crowd_196]]>
              </value>
            </param>
            <param index="3">
              <value>
                <![CDATA[cbt@1234]]>
              </value>
            </param>
          </params>
          <reporter-output>
          </reporter-output>
        </test-method> <!-- loginToWord -->
        <test-method status="SKIP" signature="closeBrowser()[pri:0, instance:com.script.CbtCrowdEmailTest@52af6cff]" name="closeBrowser" is-config="true" duration-ms="0" started-at="2016-04-19T09:22:23Z" finished-at="2016-04-19T09:22:23Z">
          <reporter-output>
          </reporter-output>
        </test-method> <!-- closeBrowser -->
        <test-method status="SKIP" signature="launchBrowser()[pri:0, instance:com.script.CbtCrowdEmailTest@52af6cff]" name="launchBrowser" is-config="true" duration-ms="0" started-at="2016-04-19T09:22:23Z" finished-at="2016-04-19T09:22:23Z">
          <reporter-output>
          </reporter-output>
        </test-method> <!-- launchBrowser -->
        <test-method status="SKIP" signature="loginToWord(java.lang.String, java.lang.String, java.lang.String, java.lang.String)[pri:0, instance:com.script.CbtCrowdEmailTest@52af6cff]" name="loginToWord" duration-ms="0" started-at="2016-04-19T09:22:23Z" data-provider="testData" finished-at="2016-04-19T09:22:23Z">
          <params>
            <param index="0">
              <value>
                <![CDATA[Login169]]>
              </value>
            </param>
            <param index="1">
              <value>
                <![CDATA[cbtcrowd200@gmail.com]]>
              </value>
            </param>
            <param index="2">
              <value>
                <![CDATA[cbt_crowd_200]]>
              </value>
            </param>
            <param index="3">
              <value>
                <![CDATA[cbt@1234]]>
              </value>
            </param>
          </params>
          <reporter-output>
          </reporter-output>
        </test-method> <!-- loginToWord -->
        <test-method status="SKIP" signature="closeBrowser()[pri:0, instance:com.script.CbtCrowdEmailTest@52af6cff]" name="closeBrowser" is-config="true" duration-ms="0" started-at="2016-04-19T09:22:23Z" finished-at="2016-04-19T09:22:23Z">
          <reporter-output>
          </reporter-output>
        </test-method> <!-- closeBrowser -->
        <test-method status="SKIP" signature="launchBrowser()[pri:0, instance:com.script.CbtCrowdEmailTest@52af6cff]" name="launchBrowser" is-config="true" duration-ms="0" started-at="2016-04-19T09:22:23Z" finished-at="2016-04-19T09:22:23Z">
          <reporter-output>
          </reporter-output>
        </test-method> <!-- launchBrowser -->
        <test-method status="SKIP" signature="closeBrowser()[pri:0, instance:com.script.CbtCrowdEmailTest@52af6cff]" name="closeBrowser" is-config="true" duration-ms="0" started-at="2016-04-19T09:22:23Z" finished-at="2016-04-19T09:22:23Z">
          <reporter-output>
          </reporter-output>
        </test-method> <!-- closeBrowser -->
        <test-method status="SKIP" signature="launchBrowser()[pri:0, instance:com.script.CbtCrowdEmailTest@52af6cff]" name="launchBrowser" is-config="true" duration-ms="0" started-at="2016-04-19T09:22:23Z" finished-at="2016-04-19T09:22:23Z">
          <reporter-output>
          </reporter-output>
        </test-method> <!-- launchBrowser -->
        <test-method status="SKIP" signature="launchBrowser()[pri:0, instance:com.script.CbtCrowdEmailTest@52af6cff]" name="launchBrowser" is-config="true" duration-ms="0" started-at="2016-04-19T09:22:23Z" finished-at="2016-04-19T09:22:23Z">
          <reporter-output>
          </reporter-output>
        </test-method> <!-- launchBrowser -->
        <test-method status="SKIP" signature="closeBrowser()[pri:0, instance:com.script.CbtCrowdEmailTest@52af6cff]" name="closeBrowser" is-config="true" duration-ms="0" started-at="2016-04-19T09:22:23Z" finished-at="2016-04-19T09:22:23Z">
          <reporter-output>
          </reporter-output>
        </test-method> <!-- closeBrowser -->
        <test-method status="SKIP" signature="loginToWord(java.lang.String, java.lang.String, java.lang.String, java.lang.String)[pri:0, instance:com.script.CbtCrowdEmailTest@52af6cff]" name="loginToWord" duration-ms="0" started-at="2016-04-19T09:22:23Z" data-provider="testData" finished-at="2016-04-19T09:22:23Z">
          <params>
            <param index="0">
              <value>
                <![CDATA[Login173]]>
              </value>
            </param>
            <param index="1">
              <value>
                <![CDATA[cbtcrowd204@gmail.com]]>
              </value>
            </param>
            <param index="2">
              <value>
                <![CDATA[cbt_crowd_204]]>
              </value>
            </param>
            <param index="3">
              <value>
                <![CDATA[cbt@1234]]>
              </value>
            </param>
          </params>
          <reporter-output>
          </reporter-output>
        </test-method> <!-- loginToWord -->
        <test-method status="SKIP" signature="launchBrowser()[pri:0, instance:com.script.CbtCrowdEmailTest@52af6cff]" name="launchBrowser" is-config="true" duration-ms="0" started-at="2016-04-19T09:22:23Z" finished-at="2016-04-19T09:22:23Z">
          <reporter-output>
          </reporter-output>
        </test-method> <!-- launchBrowser -->
        <test-method status="SKIP" signature="closeBrowser()[pri:0, instance:com.script.CbtCrowdEmailTest@52af6cff]" name="closeBrowser" is-config="true" duration-ms="0" started-at="2016-04-19T09:22:23Z" finished-at="2016-04-19T09:22:23Z">
          <reporter-output>
          </reporter-output>
        </test-method> <!-- closeBrowser -->
        <test-method status="SKIP" signature="launchBrowser()[pri:0, instance:com.script.CbtCrowdEmailTest@52af6cff]" name="launchBrowser" is-config="true" duration-ms="0" started-at="2016-04-19T09:22:23Z" finished-at="2016-04-19T09:22:23Z">
          <reporter-output>
          </reporter-output>
        </test-method> <!-- launchBrowser -->
        <test-method status="SKIP" signature="loginToWord(java.lang.String, java.lang.String, java.lang.String, java.lang.String)[pri:0, instance:com.script.CbtCrowdEmailTest@52af6cff]" name="loginToWord" duration-ms="0" started-at="2016-04-19T09:22:23Z" data-provider="testData" finished-at="2016-04-19T09:22:23Z">
          <params>
            <param index="0">
              <value>
                <![CDATA[Login170]]>
              </value>
            </param>
            <param index="1">
              <value>
                <![CDATA[cbtcrowd201@gmail.com]]>
              </value>
            </param>
            <param index="2">
              <value>
                <![CDATA[cbt_crowd_201]]>
              </value>
            </param>
            <param index="3">
              <value>
                <![CDATA[cbt@1234]]>
              </value>
            </param>
          </params>
          <reporter-output>
          </reporter-output>
        </test-method> <!-- loginToWord -->
        <test-method status="SKIP" signature="closeBrowser()[pri:0, instance:com.script.CbtCrowdEmailTest@52af6cff]" name="closeBrowser" is-config="true" duration-ms="0" started-at="2016-04-19T09:22:23Z" finished-at="2016-04-19T09:22:23Z">
          <reporter-output>
          </reporter-output>
        </test-method> <!-- closeBrowser -->
        <test-method status="SKIP" signature="loginToWord(java.lang.String, java.lang.String, java.lang.String, java.lang.String)[pri:0, instance:com.script.CbtCrowdEmailTest@52af6cff]" name="loginToWord" duration-ms="0" started-at="2016-04-19T09:22:23Z" data-provider="testData" finished-at="2016-04-19T09:22:23Z">
          <params>
            <param index="0">
              <value>
                <![CDATA[Login172]]>
              </value>
            </param>
            <param index="1">
              <value>
                <![CDATA[cbtcrowd203@gmail.com]]>
              </value>
            </param>
            <param index="2">
              <value>
                <![CDATA[cbt_crowd_203]]>
              </value>
            </param>
            <param index="3">
              <value>
                <![CDATA[cbt@1234]]>
              </value>
            </param>
          </params>
          <reporter-output>
          </reporter-output>
        </test-method> <!-- loginToWord -->
        <test-method status="SKIP" signature="closeBrowser()[pri:0, instance:com.script.CbtCrowdEmailTest@52af6cff]" name="closeBrowser" is-config="true" duration-ms="0" started-at="2016-04-19T09:22:23Z" finished-at="2016-04-19T09:22:23Z">
          <reporter-output>
          </reporter-output>
        </test-method> <!-- closeBrowser -->
        <test-method status="SKIP" signature="launchBrowser()[pri:0, instance:com.script.CbtCrowdEmailTest@52af6cff]" name="launchBrowser" is-config="true" duration-ms="0" started-at="2016-04-19T09:22:23Z" finished-at="2016-04-19T09:22:23Z">
          <reporter-output>
          </reporter-output>
        </test-method> <!-- launchBrowser -->
        <test-method status="SKIP" signature="loginToWord(java.lang.String, java.lang.String, java.lang.String, java.lang.String)[pri:0, instance:com.script.CbtCrowdEmailTest@52af6cff]" name="loginToWord" duration-ms="0" started-at="2016-04-19T09:22:23Z" data-provider="testData" finished-at="2016-04-19T09:22:23Z">
          <params>
            <param index="0">
              <value>
                <![CDATA[Login171]]>
              </value>
            </param>
            <param index="1">
              <value>
                <![CDATA[cbtcrowd202@gmail.com]]>
              </value>
            </param>
            <param index="2">
              <value>
                <![CDATA[cbt_crowd_202]]>
              </value>
            </param>
            <param index="3">
              <value>
                <![CDATA[cbt@1234]]>
              </value>
            </param>
          </params>
          <reporter-output>
          </reporter-output>
        </test-method> <!-- loginToWord -->
        <test-method status="SKIP" signature="closeBrowser()[pri:0, instance:com.script.CbtCrowdEmailTest@52af6cff]" name="closeBrowser" is-config="true" duration-ms="0" started-at="2016-04-19T09:22:23Z" finished-at="2016-04-19T09:22:23Z">
          <reporter-output>
          </reporter-output>
        </test-method> <!-- closeBrowser -->
        <test-method status="SKIP" signature="launchBrowser()[pri:0, instance:com.script.CbtCrowdEmailTest@52af6cff]" name="launchBrowser" is-config="true" duration-ms="0" started-at="2016-04-19T09:22:23Z" finished-at="2016-04-19T09:22:23Z">
          <reporter-output>
          </reporter-output>
        </test-method> <!-- launchBrowser -->
        <test-method status="SKIP" signature="closeBrowser()[pri:0, instance:com.script.CbtCrowdEmailTest@52af6cff]" name="closeBrowser" is-config="true" duration-ms="0" started-at="2016-04-19T09:22:23Z" finished-at="2016-04-19T09:22:23Z">
          <reporter-output>
          </reporter-output>
        </test-method> <!-- closeBrowser -->
        <test-method status="SKIP" signature="launchBrowser()[pri:0, instance:com.script.CbtCrowdEmailTest@52af6cff]" name="launchBrowser" is-config="true" duration-ms="0" started-at="2016-04-19T09:22:23Z" finished-at="2016-04-19T09:22:23Z">
          <reporter-output>
          </reporter-output>
        </test-method> <!-- launchBrowser -->
        <test-method status="SKIP" signature="loginToWord(java.lang.String, java.lang.String, java.lang.String, java.lang.String)[pri:0, instance:com.script.CbtCrowdEmailTest@52af6cff]" name="loginToWord" duration-ms="0" started-at="2016-04-19T09:22:23Z" data-provider="testData" finished-at="2016-04-19T09:22:23Z">
          <params>
            <param index="0">
              <value>
                <![CDATA[Login174]]>
              </value>
            </param>
            <param index="1">
              <value>
                <![CDATA[cbtcrowd205@gmail.com]]>
              </value>
            </param>
            <param index="2">
              <value>
                <![CDATA[cbt_crowd_205]]>
              </value>
            </param>
            <param index="3">
              <value>
                <![CDATA[cbt@1234]]>
              </value>
            </param>
          </params>
          <reporter-output>
          </reporter-output>
        </test-method> <!-- loginToWord -->
        <test-method status="SKIP" signature="closeBrowser()[pri:0, instance:com.script.CbtCrowdEmailTest@52af6cff]" name="closeBrowser" is-config="true" duration-ms="0" started-at="2016-04-19T09:22:23Z" finished-at="2016-04-19T09:22:23Z">
          <reporter-output>
          </reporter-output>
        </test-method> <!-- closeBrowser -->
        <test-method status="SKIP" signature="launchBrowser()[pri:0, instance:com.script.CbtCrowdEmailTest@52af6cff]" name="launchBrowser" is-config="true" duration-ms="0" started-at="2016-04-19T09:22:23Z" finished-at="2016-04-19T09:22:23Z">
          <reporter-output>
          </reporter-output>
        </test-method> <!-- launchBrowser -->
        <test-method status="SKIP" signature="loginToWord(java.lang.String, java.lang.String, java.lang.String, java.lang.String)[pri:0, instance:com.script.CbtCrowdEmailTest@52af6cff]" name="loginToWord" duration-ms="0" started-at="2016-04-19T09:22:23Z" data-provider="testData" finished-at="2016-04-19T09:22:23Z">
          <params>
            <param index="0">
              <value>
                <![CDATA[Login175]]>
              </value>
            </param>
            <param index="1">
              <value>
                <![CDATA[cbtcrowd206@gmail.com]]>
              </value>
            </param>
            <param index="2">
              <value>
                <![CDATA[cbt_crowd_206]]>
              </value>
            </param>
            <param index="3">
              <value>
                <![CDATA[cbt@1234]]>
              </value>
            </param>
          </params>
          <reporter-output>
          </reporter-output>
        </test-method> <!-- loginToWord -->
        <test-method status="SKIP" signature="launchBrowser()[pri:0, instance:com.script.CbtCrowdEmailTest@52af6cff]" name="launchBrowser" is-config="true" duration-ms="0" started-at="2016-04-19T09:22:23Z" finished-at="2016-04-19T09:22:23Z">
          <reporter-output>
          </reporter-output>
        </test-method> <!-- launchBrowser -->
        <test-method status="SKIP" signature="closeBrowser()[pri:0, instance:com.script.CbtCrowdEmailTest@52af6cff]" name="closeBrowser" is-config="true" duration-ms="0" started-at="2016-04-19T09:22:23Z" finished-at="2016-04-19T09:22:23Z">
          <reporter-output>
          </reporter-output>
        </test-method> <!-- closeBrowser -->
        <test-method status="SKIP" signature="loginToWord(java.lang.String, java.lang.String, java.lang.String, java.lang.String)[pri:0, instance:com.script.CbtCrowdEmailTest@52af6cff]" name="loginToWord" duration-ms="0" started-at="2016-04-19T09:22:23Z" data-provider="testData" finished-at="2016-04-19T09:22:23Z">
          <params>
            <param index="0">
              <value>
                <![CDATA[Login176]]>
              </value>
            </param>
            <param index="1">
              <value>
                <![CDATA[cbtcrowd207@gmail.com]]>
              </value>
            </param>
            <param index="2">
              <value>
                <![CDATA[cbt_crowd_207]]>
              </value>
            </param>
            <param index="3">
              <value>
                <![CDATA[cbt@1234]]>
              </value>
            </param>
          </params>
          <reporter-output>
          </reporter-output>
        </test-method> <!-- loginToWord -->
        <test-method status="SKIP" signature="loginToWord(java.lang.String, java.lang.String, java.lang.String, java.lang.String)[pri:0, instance:com.script.CbtCrowdEmailTest@52af6cff]" name="loginToWord" duration-ms="1" started-at="2016-04-19T09:22:23Z" data-provider="testData" finished-at="2016-04-19T09:22:23Z">
          <params>
            <param index="0">
              <value>
                <![CDATA[Login177]]>
              </value>
            </param>
            <param index="1">
              <value>
                <![CDATA[cbtcrowd208@gmail.com]]>
              </value>
            </param>
            <param index="2">
              <value>
                <![CDATA[cbt_crowd_208]]>
              </value>
            </param>
            <param index="3">
              <value>
                <![CDATA[cbt@1234]]>
              </value>
            </param>
          </params>
          <reporter-output>
          </reporter-output>
        </test-method> <!-- loginToWord -->
        <test-method status="SKIP" signature="closeBrowser()[pri:0, instance:com.script.CbtCrowdEmailTest@52af6cff]" name="closeBrowser" is-config="true" duration-ms="0" started-at="2016-04-19T09:22:23Z" finished-at="2016-04-19T09:22:23Z">
          <reporter-output>
          </reporter-output>
        </test-method> <!-- closeBrowser -->
      </class> <!-- com.script.CbtCrowdEmailTest -->
    </test> <!-- Command line test -->
  </suite> <!-- Command line suite -->
</testng-results>
