<?xml version="1.0" encoding="UTF-8"?>
<testng-results skipped="176" failed="1" total="177" passed="0">
  <reporter-output>
  </reporter-output>
  <suite name="Default suite" duration-ms="26227" started-at="2016-04-18T12:33:09Z" finished-at="2016-04-18T12:33:36Z">
    <groups>
    </groups>
    <test name="Default test" duration-ms="26227" started-at="2016-04-18T12:33:09Z" finished-at="2016-04-18T12:33:36Z">
      <class name="com.script.CbtCrowdEmailTest">
        <test-method status="PASS" signature="launchBrowser()[pri:0, instance:com.script.CbtCrowdEmailTest@39ba5a14]" name="launchBrowser" is-config="true" duration-ms="8712" started-at="2016-04-18T18:03:10Z" finished-at="2016-04-18T18:03:18Z">
          <reporter-output>
          </reporter-output>
        </test-method> <!-- launchBrowser -->
        <test-method status="FAIL" signature="loginToWord(java.lang.String, java.lang.String, java.lang.String, java.lang.String)[pri:0, instance:com.script.CbtCrowdEmailTest@39ba5a14]" name="loginToWord" duration-ms="6681" started-at="2016-04-18T18:03:18Z" data-provider="wordpress" finished-at="2016-04-18T18:03:25Z">
          <params>
            <param index="0">
              <value>
                <![CDATA[Login1]]>
              </value>
            </param>
            <param index="1">
              <value>
                <![CDATA[cbtcrowd010@gmail.com]]>
              </value>
            </param>
            <param index="2">
              <value>
                <![CDATA[crowdbeta010]]>
              </value>
            </param>
            <param index="3">
              <value>
                <![CDATA[cbt@1234]]>
              </value>
            </param>
          </params>
          <exception class="java.io.FileNotFoundException">
            <message>
              <![CDATA[C:\Manjunath_Rajeev\Project_WorkSpace\CbtCrowdEmail\TestData\InputData.xlsx (The process cannot access the file because it is being used by another process)]]>
            </message>
            <full-stacktrace>
              <![CDATA[java.io.FileNotFoundException: C:\Manjunath_Rajeev\Project_WorkSpace\CbtCrowdEmail\TestData\InputData.xlsx (The process cannot access the file because it is being used by another process)
	at java.io.FileOutputStream.open0(Native Method)
	at java.io.FileOutputStream.open(Unknown Source)
	at java.io.FileOutputStream.<init>(Unknown Source)
	at java.io.FileOutputStream.<init>(Unknown Source)
	at com.baseLib.GenericExcel.writeResultToExcel(GenericExcel.java:39)
	at com.script.CbtCrowdEmailTest.loginToWord(CbtCrowdEmailTest.java:31)
	at sun.reflect.NativeMethodAccessorImpl.invoke0(Native Method)
	at sun.reflect.NativeMethodAccessorImpl.invoke(Unknown Source)
	at sun.reflect.DelegatingMethodAccessorImpl.invoke(Unknown Source)
	at java.lang.reflect.Method.invoke(Unknown Source)
	at org.testng.internal.MethodInvocationHelper.invokeMethod(MethodInvocationHelper.java:85)
	at org.testng.internal.Invoker.invokeMethod(Invoker.java:659)
	at org.testng.internal.Invoker.invokeTestMethod(Invoker.java:845)
	at org.testng.internal.Invoker.invokeTestMethods(Invoker.java:1153)
	at org.testng.internal.TestMethodWorker.invokeTestMethods(TestMethodWorker.java:125)
	at org.testng.internal.TestMethodWorker.run(TestMethodWorker.java:108)
	at org.testng.TestRunner.privateRun(TestRunner.java:771)
	at org.testng.TestRunner.run(TestRunner.java:621)
	at org.testng.SuiteRunner.runTest(SuiteRunner.java:357)
	at org.testng.SuiteRunner.runSequentially(SuiteRunner.java:352)
	at org.testng.SuiteRunner.privateRun(SuiteRunner.java:310)
	at org.testng.SuiteRunner.run(SuiteRunner.java:259)
	at org.testng.SuiteRunnerWorker.runSuite(SuiteRunnerWorker.java:52)
	at org.testng.SuiteRunnerWorker.run(SuiteRunnerWorker.java:86)
	at org.testng.TestNG.runSuitesSequentially(TestNG.java:1199)
	at org.testng.TestNG.runSuitesLocally(TestNG.java:1124)
	at org.testng.TestNG.run(TestNG.java:1032)
	at org.testng.remote.RemoteTestNG.run(RemoteTestNG.java:111)
	at org.testng.remote.RemoteTestNG.initAndRun(RemoteTestNG.java:204)
	at org.testng.remote.RemoteTestNG.main(RemoteTestNG.java:175)
]]>
            </full-stacktrace>
          </exception> <!-- java.io.FileNotFoundException -->
          <reporter-output>
          </reporter-output>
        </test-method> <!-- loginToWord -->
        <test-method status="FAIL" signature="closeBrowser()[pri:0, instance:com.script.CbtCrowdEmailTest@39ba5a14]" name="closeBrowser" is-config="true" duration-ms="0" started-at="2016-04-18T18:03:25Z" finished-at="2016-04-18T18:03:25Z">
          <exception class="org.openqa.selenium.NoSuchElementException">
            <message>
              <![CDATA[Unable to locate element: {"method":"xpath","selector":"//span[@class='gb_1a gbii']"}
Command duration or timeout: 10.13 seconds
For documentation on this error, please visit: http://seleniumhq.org/exceptions/no_such_element.html
Build info: version: '2.53.0', revision: '35ae25b1534ae328c771e0856c93e187490ca824', time: '2016-03-15 10:43:46'
System info: host: 'DESKTOP-NE42HHC', ip: '10.10.10.48', os.name: 'Windows 10', os.arch: 'amd64', os.version: '10.0', java.version: '1.8.0_60'
Driver info: org.openqa.selenium.firefox.FirefoxDriver
Capabilities [{applicationCacheEnabled=true, rotatable=false, handlesAlerts=true, databaseEnabled=true, version=45.0.1, platform=WINDOWS, nativeEvents=false, acceptSslCerts=true, webStorageEnabled=true, locationContextEnabled=true, browserName=firefox, takesScreenshot=true, javascriptEnabled=true, cssSelectorsEnabled=true}]
Session ID: ee65aa3f-0cff-45cb-a85e-7f05e219aa45
*** Element info: {Using=xpath, value=//span[@class='gb_1a gbii']}]]>
            </message>
            <full-stacktrace>
              <![CDATA[org.openqa.selenium.NoSuchElementException: Unable to locate element: {"method":"xpath","selector":"//span[@class='gb_1a gbii']"}
Command duration or timeout: 10.13 seconds
For documentation on this error, please visit: http://seleniumhq.org/exceptions/no_such_element.html
Build info: version: '2.53.0', revision: '35ae25b1534ae328c771e0856c93e187490ca824', time: '2016-03-15 10:43:46'
System info: host: 'DESKTOP-NE42HHC', ip: '10.10.10.48', os.name: 'Windows 10', os.arch: 'amd64', os.version: '10.0', java.version: '1.8.0_60'
Driver info: org.openqa.selenium.firefox.FirefoxDriver
Capabilities [{applicationCacheEnabled=true, rotatable=false, handlesAlerts=true, databaseEnabled=true, version=45.0.1, platform=WINDOWS, nativeEvents=false, acceptSslCerts=true, webStorageEnabled=true, locationContextEnabled=true, browserName=firefox, takesScreenshot=true, javascriptEnabled=true, cssSelectorsEnabled=true}]
Session ID: ee65aa3f-0cff-45cb-a85e-7f05e219aa45
*** Element info: {Using=xpath, value=//span[@class='gb_1a gbii']}
	at sun.reflect.NativeConstructorAccessorImpl.newInstance0(Native Method)
	at sun.reflect.NativeConstructorAccessorImpl.newInstance(Unknown Source)
	at sun.reflect.DelegatingConstructorAccessorImpl.newInstance(Unknown Source)
	at java.lang.reflect.Constructor.newInstance(Unknown Source)
	at org.openqa.selenium.remote.ErrorHandler.createThrowable(ErrorHandler.java:206)
	at org.openqa.selenium.remote.ErrorHandler.throwIfResponseFailed(ErrorHandler.java:158)
	at org.openqa.selenium.remote.RemoteWebDriver.execute(RemoteWebDriver.java:678)
	at org.openqa.selenium.remote.RemoteWebDriver.findElement(RemoteWebDriver.java:363)
	at org.openqa.selenium.remote.RemoteWebDriver.findElementByXPath(RemoteWebDriver.java:500)
	at org.openqa.selenium.By$ByXPath.findElement(By.java:361)
	at org.openqa.selenium.remote.RemoteWebDriver.findElement(RemoteWebDriver.java:355)
	at com.baseLib.BaseTestPage.closeBrowser(BaseTestPage.java:46)
	at sun.reflect.NativeMethodAccessorImpl.invoke0(Native Method)
	at sun.reflect.NativeMethodAccessorImpl.invoke(Unknown Source)
	at sun.reflect.DelegatingMethodAccessorImpl.invoke(Unknown Source)
	at java.lang.reflect.Method.invoke(Unknown Source)
	at org.testng.internal.MethodInvocationHelper.invokeMethod(MethodInvocationHelper.java:85)
	at org.testng.internal.Invoker.invokeConfigurationMethod(Invoker.java:517)
	at org.testng.internal.Invoker.invokeConfigurations(Invoker.java:213)
	at org.testng.internal.Invoker.invokeMethod(Invoker.java:732)
	at org.testng.internal.Invoker.invokeTestMethod(Invoker.java:845)
	at org.testng.internal.Invoker.invokeTestMethods(Invoker.java:1153)
	at org.testng.internal.TestMethodWorker.invokeTestMethods(TestMethodWorker.java:125)
	at org.testng.internal.TestMethodWorker.run(TestMethodWorker.java:108)
	at org.testng.TestRunner.privateRun(TestRunner.java:771)
	at org.testng.TestRunner.run(TestRunner.java:621)
	at org.testng.SuiteRunner.runTest(SuiteRunner.java:357)
	at org.testng.SuiteRunner.runSequentially(SuiteRunner.java:352)
	at org.testng.SuiteRunner.privateRun(SuiteRunner.java:310)
	at org.testng.SuiteRunner.run(SuiteRunner.java:259)
	at org.testng.SuiteRunnerWorker.runSuite(SuiteRunnerWorker.java:52)
	at org.testng.SuiteRunnerWorker.run(SuiteRunnerWorker.java:86)
	at org.testng.TestNG.runSuitesSequentially(TestNG.java:1199)
	at org.testng.TestNG.runSuitesLocally(TestNG.java:1124)
	at org.testng.TestNG.run(TestNG.java:1032)
	at org.testng.remote.RemoteTestNG.run(RemoteTestNG.java:111)
	at org.testng.remote.RemoteTestNG.initAndRun(RemoteTestNG.java:204)
	at org.testng.remote.RemoteTestNG.main(RemoteTestNG.java:175)
Caused by: org.openqa.selenium.NoSuchElementException: Unable to locate element: {"method":"xpath","selector":"//span[@class='gb_1a gbii']"}
For documentation on this error, please visit: http://seleniumhq.org/exceptions/no_such_element.html
Build info: version: '2.53.0', revision: '35ae25b1534ae328c771e0856c93e187490ca824', time: '2016-03-15 10:43:46'
System info: host: 'DESKTOP-NE42HHC', ip: '10.10.10.48', os.name: 'Windows 10', os.arch: 'amd64', os.version: '10.0', java.version: '1.8.0_60'
Driver info: driver.version: unknown
	at <anonymous class>.FirefoxDriver.prototype.findElementInternal_(file:///C:/Users/CBT/AppData/Local/Temp/anonymous8622852853649818443webdriver-profile/extensions/fxdriver@googlecode.com/components/driver-component.js:10770)
	at <anonymous class>.fxdriver.Timer.prototype.setTimeout/<.notify(file:///C:/Users/CBT/AppData/Local/Temp/anonymous8622852853649818443webdriver-profile/extensions/fxdriver@googlecode.com/components/driver-component.js:625)
]]>
            </full-stacktrace>
          </exception> <!-- org.openqa.selenium.NoSuchElementException -->
          <reporter-output>
          </reporter-output>
        </test-method> <!-- closeBrowser -->
        <test-method status="SKIP" signature="launchBrowser()[pri:0, instance:com.script.CbtCrowdEmailTest@39ba5a14]" name="launchBrowser" is-config="true" duration-ms="0" started-at="2016-04-18T18:03:35Z" finished-at="2016-04-18T18:03:35Z">
          <reporter-output>
          </reporter-output>
        </test-method> <!-- launchBrowser -->
        <test-method status="SKIP" signature="loginToWord(java.lang.String, java.lang.String, java.lang.String, java.lang.String)[pri:0, instance:com.script.CbtCrowdEmailTest@39ba5a14]" name="loginToWord" duration-ms="0" started-at="2016-04-18T18:03:35Z" data-provider="wordpress" finished-at="2016-04-18T18:03:35Z">
          <params>
            <param index="0">
              <value>
                <![CDATA[Login2]]>
              </value>
            </param>
            <param index="1">
              <value>
                <![CDATA[cbtcrowd011@gmail.com]]>
              </value>
            </param>
            <param index="2">
              <value>
                <![CDATA[crowdbeta011]]>
              </value>
            </param>
            <param index="3">
              <value>
                <![CDATA[cbt@1234]]>
              </value>
            </param>
          </params>
          <reporter-output>
          </reporter-output>
        </test-method> <!-- loginToWord -->
        <test-method status="SKIP" signature="closeBrowser()[pri:0, instance:com.script.CbtCrowdEmailTest@39ba5a14]" name="closeBrowser" is-config="true" duration-ms="0" started-at="2016-04-18T18:03:35Z" finished-at="2016-04-18T18:03:35Z">
          <reporter-output>
          </reporter-output>
        </test-method> <!-- closeBrowser -->
        <test-method status="SKIP" signature="loginToWord(java.lang.String, java.lang.String, java.lang.String, java.lang.String)[pri:0, instance:com.script.CbtCrowdEmailTest@39ba5a14]" name="loginToWord" duration-ms="1" started-at="2016-04-18T18:03:35Z" data-provider="wordpress" finished-at="2016-04-18T18:03:35Z">
          <params>
            <param index="0">
              <value>
                <![CDATA[Login3]]>
              </value>
            </param>
            <param index="1">
              <value>
                <![CDATA[cbtcrowd012@gmail.com]]>
              </value>
            </param>
            <param index="2">
              <value>
                <![CDATA[crowdbeta012]]>
              </value>
            </param>
            <param index="3">
              <value>
                <![CDATA[cbt@1234]]>
              </value>
            </param>
          </params>
          <reporter-output>
          </reporter-output>
        </test-method> <!-- loginToWord -->
        <test-method status="SKIP" signature="launchBrowser()[pri:0, instance:com.script.CbtCrowdEmailTest@39ba5a14]" name="launchBrowser" is-config="true" duration-ms="0" started-at="2016-04-18T18:03:35Z" finished-at="2016-04-18T18:03:35Z">
          <reporter-output>
          </reporter-output>
        </test-method> <!-- launchBrowser -->
        <test-method status="SKIP" signature="closeBrowser()[pri:0, instance:com.script.CbtCrowdEmailTest@39ba5a14]" name="closeBrowser" is-config="true" duration-ms="0" started-at="2016-04-18T18:03:35Z" finished-at="2016-04-18T18:03:35Z">
          <reporter-output>
          </reporter-output>
        </test-method> <!-- closeBrowser -->
        <test-method status="SKIP" signature="launchBrowser()[pri:0, instance:com.script.CbtCrowdEmailTest@39ba5a14]" name="launchBrowser" is-config="true" duration-ms="0" started-at="2016-04-18T18:03:35Z" finished-at="2016-04-18T18:03:35Z">
          <reporter-output>
          </reporter-output>
        </test-method> <!-- launchBrowser -->
        <test-method status="SKIP" signature="loginToWord(java.lang.String, java.lang.String, java.lang.String, java.lang.String)[pri:0, instance:com.script.CbtCrowdEmailTest@39ba5a14]" name="loginToWord" duration-ms="1" started-at="2016-04-18T18:03:35Z" data-provider="wordpress" finished-at="2016-04-18T18:03:35Z">
          <params>
            <param index="0">
              <value>
                <![CDATA[Login4]]>
              </value>
            </param>
            <param index="1">
              <value>
                <![CDATA[cbtcrowd013@gmail.com]]>
              </value>
            </param>
            <param index="2">
              <value>
                <![CDATA[crowdbeta013]]>
              </value>
            </param>
            <param index="3">
              <value>
                <![CDATA[cbt@1234]]>
              </value>
            </param>
          </params>
          <reporter-output>
          </reporter-output>
        </test-method> <!-- loginToWord -->
        <test-method status="SKIP" signature="closeBrowser()[pri:0, instance:com.script.CbtCrowdEmailTest@39ba5a14]" name="closeBrowser" is-config="true" duration-ms="0" started-at="2016-04-18T18:03:35Z" finished-at="2016-04-18T18:03:35Z">
          <reporter-output>
          </reporter-output>
        </test-method> <!-- closeBrowser -->
        <test-method status="SKIP" signature="launchBrowser()[pri:0, instance:com.script.CbtCrowdEmailTest@39ba5a14]" name="launchBrowser" is-config="true" duration-ms="0" started-at="2016-04-18T18:03:35Z" finished-at="2016-04-18T18:03:35Z">
          <reporter-output>
          </reporter-output>
        </test-method> <!-- launchBrowser -->
        <test-method status="SKIP" signature="loginToWord(java.lang.String, java.lang.String, java.lang.String, java.lang.String)[pri:0, instance:com.script.CbtCrowdEmailTest@39ba5a14]" name="loginToWord" duration-ms="0" started-at="2016-04-18T18:03:35Z" data-provider="wordpress" finished-at="2016-04-18T18:03:35Z">
          <params>
            <param index="0">
              <value>
                <![CDATA[Login5]]>
              </value>
            </param>
            <param index="1">
              <value>
                <![CDATA[cbtcrowd014@gmail.com]]>
              </value>
            </param>
            <param index="2">
              <value>
                <![CDATA[crowdbeta014]]>
              </value>
            </param>
            <param index="3">
              <value>
                <![CDATA[cbt@1234]]>
              </value>
            </param>
          </params>
          <reporter-output>
          </reporter-output>
        </test-method> <!-- loginToWord -->
        <test-method status="SKIP" signature="closeBrowser()[pri:0, instance:com.script.CbtCrowdEmailTest@39ba5a14]" name="closeBrowser" is-config="true" duration-ms="0" started-at="2016-04-18T18:03:35Z" finished-at="2016-04-18T18:03:35Z">
          <reporter-output>
          </reporter-output>
        </test-method> <!-- closeBrowser -->
        <test-method status="SKIP" signature="loginToWord(java.lang.String, java.lang.String, java.lang.String, java.lang.String)[pri:0, instance:com.script.CbtCrowdEmailTest@39ba5a14]" name="loginToWord" duration-ms="0" started-at="2016-04-18T18:03:35Z" data-provider="wordpress" finished-at="2016-04-18T18:03:35Z">
          <params>
            <param index="0">
              <value>
                <![CDATA[Login6]]>
              </value>
            </param>
            <param index="1">
              <value>
                <![CDATA[cbtcrowd015@gmail.com]]>
              </value>
            </param>
            <param index="2">
              <value>
                <![CDATA[crowdbeta015]]>
              </value>
            </param>
            <param index="3">
              <value>
                <![CDATA[cbt@1234]]>
              </value>
            </param>
          </params>
          <reporter-output>
          </reporter-output>
        </test-method> <!-- loginToWord -->
        <test-method status="SKIP" signature="launchBrowser()[pri:0, instance:com.script.CbtCrowdEmailTest@39ba5a14]" name="launchBrowser" is-config="true" duration-ms="0" started-at="2016-04-18T18:03:35Z" finished-at="2016-04-18T18:03:35Z">
          <reporter-output>
          </reporter-output>
        </test-method> <!-- launchBrowser -->
        <test-method status="SKIP" signature="closeBrowser()[pri:0, instance:com.script.CbtCrowdEmailTest@39ba5a14]" name="closeBrowser" is-config="true" duration-ms="0" started-at="2016-04-18T18:03:35Z" finished-at="2016-04-18T18:03:35Z">
          <reporter-output>
          </reporter-output>
        </test-method> <!-- closeBrowser -->
        <test-method status="SKIP" signature="launchBrowser()[pri:0, instance:com.script.CbtCrowdEmailTest@39ba5a14]" name="launchBrowser" is-config="true" duration-ms="0" started-at="2016-04-18T18:03:35Z" finished-at="2016-04-18T18:03:35Z">
          <reporter-output>
          </reporter-output>
        </test-method> <!-- launchBrowser -->
        <test-method status="SKIP" signature="loginToWord(java.lang.String, java.lang.String, java.lang.String, java.lang.String)[pri:0, instance:com.script.CbtCrowdEmailTest@39ba5a14]" name="loginToWord" duration-ms="1" started-at="2016-04-18T18:03:35Z" data-provider="wordpress" finished-at="2016-04-18T18:03:35Z">
          <params>
            <param index="0">
              <value>
                <![CDATA[Login7]]>
              </value>
            </param>
            <param index="1">
              <value>
                <![CDATA[cbtcrowd016@gmail.com]]>
              </value>
            </param>
            <param index="2">
              <value>
                <![CDATA[crowdbeta016]]>
              </value>
            </param>
            <param index="3">
              <value>
                <![CDATA[cbt@1234]]>
              </value>
            </param>
          </params>
          <reporter-output>
          </reporter-output>
        </test-method> <!-- loginToWord -->
        <test-method status="SKIP" signature="closeBrowser()[pri:0, instance:com.script.CbtCrowdEmailTest@39ba5a14]" name="closeBrowser" is-config="true" duration-ms="0" started-at="2016-04-18T18:03:35Z" finished-at="2016-04-18T18:03:35Z">
          <reporter-output>
          </reporter-output>
        </test-method> <!-- closeBrowser -->
        <test-method status="SKIP" signature="loginToWord(java.lang.String, java.lang.String, java.lang.String, java.lang.String)[pri:0, instance:com.script.CbtCrowdEmailTest@39ba5a14]" name="loginToWord" duration-ms="1" started-at="2016-04-18T18:03:35Z" data-provider="wordpress" finished-at="2016-04-18T18:03:35Z">
          <params>
            <param index="0">
              <value>
                <![CDATA[Login8]]>
              </value>
            </param>
            <param index="1">
              <value>
                <![CDATA[cbtcrowd017@gmail.com]]>
              </value>
            </param>
            <param index="2">
              <value>
                <![CDATA[crowdbeta017]]>
              </value>
            </param>
            <param index="3">
              <value>
                <![CDATA[cbt@1234]]>
              </value>
            </param>
          </params>
          <reporter-output>
          </reporter-output>
        </test-method> <!-- loginToWord -->
        <test-method status="SKIP" signature="launchBrowser()[pri:0, instance:com.script.CbtCrowdEmailTest@39ba5a14]" name="launchBrowser" is-config="true" duration-ms="0" started-at="2016-04-18T18:03:35Z" finished-at="2016-04-18T18:03:35Z">
          <reporter-output>
          </reporter-output>
        </test-method> <!-- launchBrowser -->
        <test-method status="SKIP" signature="closeBrowser()[pri:0, instance:com.script.CbtCrowdEmailTest@39ba5a14]" name="closeBrowser" is-config="true" duration-ms="0" started-at="2016-04-18T18:03:35Z" finished-at="2016-04-18T18:03:35Z">
          <reporter-output>
          </reporter-output>
        </test-method> <!-- closeBrowser -->
        <test-method status="SKIP" signature="launchBrowser()[pri:0, instance:com.script.CbtCrowdEmailTest@39ba5a14]" name="launchBrowser" is-config="true" duration-ms="0" started-at="2016-04-18T18:03:35Z" finished-at="2016-04-18T18:03:35Z">
          <reporter-output>
          </reporter-output>
        </test-method> <!-- launchBrowser -->
        <test-method status="SKIP" signature="loginToWord(java.lang.String, java.lang.String, java.lang.String, java.lang.String)[pri:0, instance:com.script.CbtCrowdEmailTest@39ba5a14]" name="loginToWord" duration-ms="1" started-at="2016-04-18T18:03:35Z" data-provider="wordpress" finished-at="2016-04-18T18:03:35Z">
          <params>
            <param index="0">
              <value>
                <![CDATA[Login9]]>
              </value>
            </param>
            <param index="1">
              <value>
                <![CDATA[cbtcrowd018@gmail.com]]>
              </value>
            </param>
            <param index="2">
              <value>
                <![CDATA[crowdbeta018]]>
              </value>
            </param>
            <param index="3">
              <value>
                <![CDATA[cbt@1234]]>
              </value>
            </param>
          </params>
          <reporter-output>
          </reporter-output>
        </test-method> <!-- loginToWord -->
        <test-method status="SKIP" signature="closeBrowser()[pri:0, instance:com.script.CbtCrowdEmailTest@39ba5a14]" name="closeBrowser" is-config="true" duration-ms="0" started-at="2016-04-18T18:03:35Z" finished-at="2016-04-18T18:03:35Z">
          <reporter-output>
          </reporter-output>
        </test-method> <!-- closeBrowser -->
        <test-method status="SKIP" signature="launchBrowser()[pri:0, instance:com.script.CbtCrowdEmailTest@39ba5a14]" name="launchBrowser" is-config="true" duration-ms="0" started-at="2016-04-18T18:03:35Z" finished-at="2016-04-18T18:03:35Z">
          <reporter-output>
          </reporter-output>
        </test-method> <!-- launchBrowser -->
        <test-method status="SKIP" signature="loginToWord(java.lang.String, java.lang.String, java.lang.String, java.lang.String)[pri:0, instance:com.script.CbtCrowdEmailTest@39ba5a14]" name="loginToWord" duration-ms="0" started-at="2016-04-18T18:03:35Z" data-provider="wordpress" finished-at="2016-04-18T18:03:35Z">
          <params>
            <param index="0">
              <value>
                <![CDATA[Login10]]>
              </value>
            </param>
            <param index="1">
              <value>
                <![CDATA[cbtcrowd019@gmail.com]]>
              </value>
            </param>
            <param index="2">
              <value>
                <![CDATA[crowdbeta019]]>
              </value>
            </param>
            <param index="3">
              <value>
                <![CDATA[cbt@1234]]>
              </value>
            </param>
          </params>
          <reporter-output>
          </reporter-output>
        </test-method> <!-- loginToWord -->
        <test-method status="SKIP" signature="closeBrowser()[pri:0, instance:com.script.CbtCrowdEmailTest@39ba5a14]" name="closeBrowser" is-config="true" duration-ms="0" started-at="2016-04-18T18:03:35Z" finished-at="2016-04-18T18:03:35Z">
          <reporter-output>
          </reporter-output>
        </test-method> <!-- closeBrowser -->
        <test-method status="SKIP" signature="launchBrowser()[pri:0, instance:com.script.CbtCrowdEmailTest@39ba5a14]" name="launchBrowser" is-config="true" duration-ms="0" started-at="2016-04-18T18:03:35Z" finished-at="2016-04-18T18:03:35Z">
          <reporter-output>
          </reporter-output>
        </test-method> <!-- launchBrowser -->
        <test-method status="SKIP" signature="loginToWord(java.lang.String, java.lang.String, java.lang.String, java.lang.String)[pri:0, instance:com.script.CbtCrowdEmailTest@39ba5a14]" name="loginToWord" duration-ms="0" started-at="2016-04-18T18:03:35Z" data-provider="wordpress" finished-at="2016-04-18T18:03:35Z">
          <params>
            <param index="0">
              <value>
                <![CDATA[Login11]]>
              </value>
            </param>
            <param index="1">
              <value>
                <![CDATA[cbtcrowd021@gmail.com]]>
              </value>
            </param>
            <param index="2">
              <value>
                <![CDATA[crowdbeta021]]>
              </value>
            </param>
            <param index="3">
              <value>
                <![CDATA[cbt@1234]]>
              </value>
            </param>
          </params>
          <reporter-output>
          </reporter-output>
        </test-method> <!-- loginToWord -->
        <test-method status="SKIP" signature="closeBrowser()[pri:0, instance:com.script.CbtCrowdEmailTest@39ba5a14]" name="closeBrowser" is-config="true" duration-ms="0" started-at="2016-04-18T18:03:35Z" finished-at="2016-04-18T18:03:35Z">
          <reporter-output>
          </reporter-output>
        </test-method> <!-- closeBrowser -->
        <test-method status="SKIP" signature="launchBrowser()[pri:0, instance:com.script.CbtCrowdEmailTest@39ba5a14]" name="launchBrowser" is-config="true" duration-ms="0" started-at="2016-04-18T18:03:35Z" finished-at="2016-04-18T18:03:35Z">
          <reporter-output>
          </reporter-output>
        </test-method> <!-- launchBrowser -->
        <test-method status="SKIP" signature="loginToWord(java.lang.String, java.lang.String, java.lang.String, java.lang.String)[pri:0, instance:com.script.CbtCrowdEmailTest@39ba5a14]" name="loginToWord" duration-ms="0" started-at="2016-04-18T18:03:35Z" data-provider="wordpress" finished-at="2016-04-18T18:03:35Z">
          <params>
            <param index="0">
              <value>
                <![CDATA[Login12]]>
              </value>
            </param>
            <param index="1">
              <value>
                <![CDATA[cbtcrowd023@gmail.com]]>
              </value>
            </param>
            <param index="2">
              <value>
                <![CDATA[crowdbeta023]]>
              </value>
            </param>
            <param index="3">
              <value>
                <![CDATA[cbt@1234]]>
              </value>
            </param>
          </params>
          <reporter-output>
          </reporter-output>
        </test-method> <!-- loginToWord -->
        <test-method status="SKIP" signature="loginToWord(java.lang.String, java.lang.String, java.lang.String, java.lang.String)[pri:0, instance:com.script.CbtCrowdEmailTest@39ba5a14]" name="loginToWord" duration-ms="1" started-at="2016-04-18T18:03:35Z" data-provider="wordpress" finished-at="2016-04-18T18:03:35Z">
          <params>
            <param index="0">
              <value>
                <![CDATA[Login13]]>
              </value>
            </param>
            <param index="1">
              <value>
                <![CDATA[cbtcrowd024@gmail.com]]>
              </value>
            </param>
            <param index="2">
              <value>
                <![CDATA[crowdbeta024]]>
              </value>
            </param>
            <param index="3">
              <value>
                <![CDATA[cbt@1234]]>
              </value>
            </param>
          </params>
          <reporter-output>
          </reporter-output>
        </test-method> <!-- loginToWord -->
        <test-method status="SKIP" signature="launchBrowser()[pri:0, instance:com.script.CbtCrowdEmailTest@39ba5a14]" name="launchBrowser" is-config="true" duration-ms="0" started-at="2016-04-18T18:03:35Z" finished-at="2016-04-18T18:03:35Z">
          <reporter-output>
          </reporter-output>
        </test-method> <!-- launchBrowser -->
        <test-method status="SKIP" signature="closeBrowser()[pri:0, instance:com.script.CbtCrowdEmailTest@39ba5a14]" name="closeBrowser" is-config="true" duration-ms="0" started-at="2016-04-18T18:03:35Z" finished-at="2016-04-18T18:03:35Z">
          <reporter-output>
          </reporter-output>
        </test-method> <!-- closeBrowser -->
        <test-method status="SKIP" signature="closeBrowser()[pri:0, instance:com.script.CbtCrowdEmailTest@39ba5a14]" name="closeBrowser" is-config="true" duration-ms="0" started-at="2016-04-18T18:03:35Z" finished-at="2016-04-18T18:03:35Z">
          <reporter-output>
          </reporter-output>
        </test-method> <!-- closeBrowser -->
        <test-method status="SKIP" signature="loginToWord(java.lang.String, java.lang.String, java.lang.String, java.lang.String)[pri:0, instance:com.script.CbtCrowdEmailTest@39ba5a14]" name="loginToWord" duration-ms="0" started-at="2016-04-18T18:03:35Z" data-provider="wordpress" finished-at="2016-04-18T18:03:35Z">
          <params>
            <param index="0">
              <value>
                <![CDATA[Login14]]>
              </value>
            </param>
            <param index="1">
              <value>
                <![CDATA[cbtcrowd025@gmail.com]]>
              </value>
            </param>
            <param index="2">
              <value>
                <![CDATA[crowdbeta025]]>
              </value>
            </param>
            <param index="3">
              <value>
                <![CDATA[cbt@1234]]>
              </value>
            </param>
          </params>
          <reporter-output>
          </reporter-output>
        </test-method> <!-- loginToWord -->
        <test-method status="SKIP" signature="closeBrowser()[pri:0, instance:com.script.CbtCrowdEmailTest@39ba5a14]" name="closeBrowser" is-config="true" duration-ms="0" started-at="2016-04-18T18:03:35Z" finished-at="2016-04-18T18:03:35Z">
          <reporter-output>
          </reporter-output>
        </test-method> <!-- closeBrowser -->
        <test-method status="SKIP" signature="launchBrowser()[pri:0, instance:com.script.CbtCrowdEmailTest@39ba5a14]" name="launchBrowser" is-config="true" duration-ms="0" started-at="2016-04-18T18:03:35Z" finished-at="2016-04-18T18:03:35Z">
          <reporter-output>
          </reporter-output>
        </test-method> <!-- launchBrowser -->
        <test-method status="SKIP" signature="launchBrowser()[pri:0, instance:com.script.CbtCrowdEmailTest@39ba5a14]" name="launchBrowser" is-config="true" duration-ms="0" started-at="2016-04-18T18:03:35Z" finished-at="2016-04-18T18:03:35Z">
          <reporter-output>
          </reporter-output>
        </test-method> <!-- launchBrowser -->
        <test-method status="SKIP" signature="loginToWord(java.lang.String, java.lang.String, java.lang.String, java.lang.String)[pri:0, instance:com.script.CbtCrowdEmailTest@39ba5a14]" name="loginToWord" duration-ms="0" started-at="2016-04-18T18:03:35Z" data-provider="wordpress" finished-at="2016-04-18T18:03:35Z">
          <params>
            <param index="0">
              <value>
                <![CDATA[Login15]]>
              </value>
            </param>
            <param index="1">
              <value>
                <![CDATA[cbtcrowd026@gmail.com]]>
              </value>
            </param>
            <param index="2">
              <value>
                <![CDATA[crowdbeta026]]>
              </value>
            </param>
            <param index="3">
              <value>
                <![CDATA[cbt@1234]]>
              </value>
            </param>
          </params>
          <reporter-output>
          </reporter-output>
        </test-method> <!-- loginToWord -->
        <test-method status="SKIP" signature="closeBrowser()[pri:0, instance:com.script.CbtCrowdEmailTest@39ba5a14]" name="closeBrowser" is-config="true" duration-ms="0" started-at="2016-04-18T18:03:35Z" finished-at="2016-04-18T18:03:35Z">
          <reporter-output>
          </reporter-output>
        </test-method> <!-- closeBrowser -->
        <test-method status="SKIP" signature="launchBrowser()[pri:0, instance:com.script.CbtCrowdEmailTest@39ba5a14]" name="launchBrowser" is-config="true" duration-ms="0" started-at="2016-04-18T18:03:35Z" finished-at="2016-04-18T18:03:35Z">
          <reporter-output>
          </reporter-output>
        </test-method> <!-- launchBrowser -->
        <test-method status="SKIP" signature="loginToWord(java.lang.String, java.lang.String, java.lang.String, java.lang.String)[pri:0, instance:com.script.CbtCrowdEmailTest@39ba5a14]" name="loginToWord" duration-ms="0" started-at="2016-04-18T18:03:35Z" data-provider="wordpress" finished-at="2016-04-18T18:03:35Z">
          <params>
            <param index="0">
              <value>
                <![CDATA[Login16]]>
              </value>
            </param>
            <param index="1">
              <value>
                <![CDATA[cbtcrowd031@gmail.com]]>
              </value>
            </param>
            <param index="2">
              <value>
                <![CDATA[crowdbeta031]]>
              </value>
            </param>
            <param index="3">
              <value>
                <![CDATA[cbt@1234]]>
              </value>
            </param>
          </params>
          <reporter-output>
          </reporter-output>
        </test-method> <!-- loginToWord -->
        <test-method status="SKIP" signature="closeBrowser()[pri:0, instance:com.script.CbtCrowdEmailTest@39ba5a14]" name="closeBrowser" is-config="true" duration-ms="0" started-at="2016-04-18T18:03:35Z" finished-at="2016-04-18T18:03:35Z">
          <reporter-output>
          </reporter-output>
        </test-method> <!-- closeBrowser -->
        <test-method status="SKIP" signature="loginToWord(java.lang.String, java.lang.String, java.lang.String, java.lang.String)[pri:0, instance:com.script.CbtCrowdEmailTest@39ba5a14]" name="loginToWord" duration-ms="0" started-at="2016-04-18T18:03:35Z" data-provider="wordpress" finished-at="2016-04-18T18:03:35Z">
          <params>
            <param index="0">
              <value>
                <![CDATA[Login17]]>
              </value>
            </param>
            <param index="1">
              <value>
                <![CDATA[cbtcrowd033@gmail.com]]>
              </value>
            </param>
            <param index="2">
              <value>
                <![CDATA[crowdbeta033]]>
              </value>
            </param>
            <param index="3">
              <value>
                <![CDATA[cbt@1234]]>
              </value>
            </param>
          </params>
          <reporter-output>
          </reporter-output>
        </test-method> <!-- loginToWord -->
        <test-method status="SKIP" signature="launchBrowser()[pri:0, instance:com.script.CbtCrowdEmailTest@39ba5a14]" name="launchBrowser" is-config="true" duration-ms="0" started-at="2016-04-18T18:03:35Z" finished-at="2016-04-18T18:03:35Z">
          <reporter-output>
          </reporter-output>
        </test-method> <!-- launchBrowser -->
        <test-method status="SKIP" signature="loginToWord(java.lang.String, java.lang.String, java.lang.String, java.lang.String)[pri:0, instance:com.script.CbtCrowdEmailTest@39ba5a14]" name="loginToWord" duration-ms="0" started-at="2016-04-18T18:03:35Z" data-provider="wordpress" finished-at="2016-04-18T18:03:35Z">
          <params>
            <param index="0">
              <value>
                <![CDATA[Login18]]>
              </value>
            </param>
            <param index="1">
              <value>
                <![CDATA[cbtcrowd034@gmail.com]]>
              </value>
            </param>
            <param index="2">
              <value>
                <![CDATA[crowdbeta034]]>
              </value>
            </param>
            <param index="3">
              <value>
                <![CDATA[cbt@1234]]>
              </value>
            </param>
          </params>
          <reporter-output>
          </reporter-output>
        </test-method> <!-- loginToWord -->
        <test-method status="SKIP" signature="closeBrowser()[pri:0, instance:com.script.CbtCrowdEmailTest@39ba5a14]" name="closeBrowser" is-config="true" duration-ms="0" started-at="2016-04-18T18:03:35Z" finished-at="2016-04-18T18:03:35Z">
          <reporter-output>
          </reporter-output>
        </test-method> <!-- closeBrowser -->
        <test-method status="SKIP" signature="closeBrowser()[pri:0, instance:com.script.CbtCrowdEmailTest@39ba5a14]" name="closeBrowser" is-config="true" duration-ms="0" started-at="2016-04-18T18:03:35Z" finished-at="2016-04-18T18:03:35Z">
          <reporter-output>
          </reporter-output>
        </test-method> <!-- closeBrowser -->
        <test-method status="SKIP" signature="launchBrowser()[pri:0, instance:com.script.CbtCrowdEmailTest@39ba5a14]" name="launchBrowser" is-config="true" duration-ms="0" started-at="2016-04-18T18:03:35Z" finished-at="2016-04-18T18:03:35Z">
          <reporter-output>
          </reporter-output>
        </test-method> <!-- launchBrowser -->
        <test-method status="SKIP" signature="loginToWord(java.lang.String, java.lang.String, java.lang.String, java.lang.String)[pri:0, instance:com.script.CbtCrowdEmailTest@39ba5a14]" name="loginToWord" duration-ms="0" started-at="2016-04-18T18:03:35Z" data-provider="wordpress" finished-at="2016-04-18T18:03:35Z">
          <params>
            <param index="0">
              <value>
                <![CDATA[Login19]]>
              </value>
            </param>
            <param index="1">
              <value>
                <![CDATA[cbtcrowd035@gmail.com]]>
              </value>
            </param>
            <param index="2">
              <value>
                <![CDATA[crowdbeta035]]>
              </value>
            </param>
            <param index="3">
              <value>
                <![CDATA[cbt@1234]]>
              </value>
            </param>
          </params>
          <reporter-output>
          </reporter-output>
        </test-method> <!-- loginToWord -->
        <test-method status="SKIP" signature="launchBrowser()[pri:0, instance:com.script.CbtCrowdEmailTest@39ba5a14]" name="launchBrowser" is-config="true" duration-ms="0" started-at="2016-04-18T18:03:35Z" finished-at="2016-04-18T18:03:35Z">
          <reporter-output>
          </reporter-output>
        </test-method> <!-- launchBrowser -->
        <test-method status="SKIP" signature="closeBrowser()[pri:0, instance:com.script.CbtCrowdEmailTest@39ba5a14]" name="closeBrowser" is-config="true" duration-ms="0" started-at="2016-04-18T18:03:35Z" finished-at="2016-04-18T18:03:35Z">
          <reporter-output>
          </reporter-output>
        </test-method> <!-- closeBrowser -->
        <test-method status="SKIP" signature="launchBrowser()[pri:0, instance:com.script.CbtCrowdEmailTest@39ba5a14]" name="launchBrowser" is-config="true" duration-ms="0" started-at="2016-04-18T18:03:35Z" finished-at="2016-04-18T18:03:35Z">
          <reporter-output>
          </reporter-output>
        </test-method> <!-- launchBrowser -->
        <test-method status="SKIP" signature="closeBrowser()[pri:0, instance:com.script.CbtCrowdEmailTest@39ba5a14]" name="closeBrowser" is-config="true" duration-ms="0" started-at="2016-04-18T18:03:35Z" finished-at="2016-04-18T18:03:35Z">
          <reporter-output>
          </reporter-output>
        </test-method> <!-- closeBrowser -->
        <test-method status="SKIP" signature="launchBrowser()[pri:0, instance:com.script.CbtCrowdEmailTest@39ba5a14]" name="launchBrowser" is-config="true" duration-ms="0" started-at="2016-04-18T18:03:35Z" finished-at="2016-04-18T18:03:35Z">
          <reporter-output>
          </reporter-output>
        </test-method> <!-- launchBrowser -->
        <test-method status="SKIP" signature="loginToWord(java.lang.String, java.lang.String, java.lang.String, java.lang.String)[pri:0, instance:com.script.CbtCrowdEmailTest@39ba5a14]" name="loginToWord" duration-ms="0" started-at="2016-04-18T18:03:35Z" data-provider="wordpress" finished-at="2016-04-18T18:03:35Z">
          <params>
            <param index="0">
              <value>
                <![CDATA[Login20]]>
              </value>
            </param>
            <param index="1">
              <value>
                <![CDATA[cbtcrowd036@gmail.com]]>
              </value>
            </param>
            <param index="2">
              <value>
                <![CDATA[crowdbeta036]]>
              </value>
            </param>
            <param index="3">
              <value>
                <![CDATA[cbt@1234]]>
              </value>
            </param>
          </params>
          <reporter-output>
          </reporter-output>
        </test-method> <!-- loginToWord -->
        <test-method status="SKIP" signature="closeBrowser()[pri:0, instance:com.script.CbtCrowdEmailTest@39ba5a14]" name="closeBrowser" is-config="true" duration-ms="0" started-at="2016-04-18T18:03:35Z" finished-at="2016-04-18T18:03:35Z">
          <reporter-output>
          </reporter-output>
        </test-method> <!-- closeBrowser -->
        <test-method status="SKIP" signature="loginToWord(java.lang.String, java.lang.String, java.lang.String, java.lang.String)[pri:0, instance:com.script.CbtCrowdEmailTest@39ba5a14]" name="loginToWord" duration-ms="0" started-at="2016-04-18T18:03:35Z" data-provider="wordpress" finished-at="2016-04-18T18:03:35Z">
          <params>
            <param index="0">
              <value>
                <![CDATA[Login21]]>
              </value>
            </param>
            <param index="1">
              <value>
                <![CDATA[cbtcrowd038@gmail.com]]>
              </value>
            </param>
            <param index="2">
              <value>
                <![CDATA[crowdbeta038]]>
              </value>
            </param>
            <param index="3">
              <value>
                <![CDATA[cbt@1234]]>
              </value>
            </param>
          </params>
          <reporter-output>
          </reporter-output>
        </test-method> <!-- loginToWord -->
        <test-method status="SKIP" signature="launchBrowser()[pri:0, instance:com.script.CbtCrowdEmailTest@39ba5a14]" name="launchBrowser" is-config="true" duration-ms="0" started-at="2016-04-18T18:03:35Z" finished-at="2016-04-18T18:03:35Z">
          <reporter-output>
          </reporter-output>
        </test-method> <!-- launchBrowser -->
        <test-method status="SKIP" signature="closeBrowser()[pri:0, instance:com.script.CbtCrowdEmailTest@39ba5a14]" name="closeBrowser" is-config="true" duration-ms="0" started-at="2016-04-18T18:03:35Z" finished-at="2016-04-18T18:03:35Z">
          <reporter-output>
          </reporter-output>
        </test-method> <!-- closeBrowser -->
        <test-method status="SKIP" signature="launchBrowser()[pri:0, instance:com.script.CbtCrowdEmailTest@39ba5a14]" name="launchBrowser" is-config="true" duration-ms="0" started-at="2016-04-18T18:03:35Z" finished-at="2016-04-18T18:03:35Z">
          <reporter-output>
          </reporter-output>
        </test-method> <!-- launchBrowser -->
        <test-method status="SKIP" signature="loginToWord(java.lang.String, java.lang.String, java.lang.String, java.lang.String)[pri:0, instance:com.script.CbtCrowdEmailTest@39ba5a14]" name="loginToWord" duration-ms="0" started-at="2016-04-18T18:03:35Z" data-provider="wordpress" finished-at="2016-04-18T18:03:35Z">
          <params>
            <param index="0">
              <value>
                <![CDATA[Login22]]>
              </value>
            </param>
            <param index="1">
              <value>
                <![CDATA[cbtcrowd039@gmail.com]]>
              </value>
            </param>
            <param index="2">
              <value>
                <![CDATA[crowdbeta039]]>
              </value>
            </param>
            <param index="3">
              <value>
                <![CDATA[cbt@1234]]>
              </value>
            </param>
          </params>
          <reporter-output>
          </reporter-output>
        </test-method> <!-- loginToWord -->
        <test-method status="SKIP" signature="loginToWord(java.lang.String, java.lang.String, java.lang.String, java.lang.String)[pri:0, instance:com.script.CbtCrowdEmailTest@39ba5a14]" name="loginToWord" duration-ms="0" started-at="2016-04-18T18:03:35Z" data-provider="wordpress" finished-at="2016-04-18T18:03:35Z">
          <params>
            <param index="0">
              <value>
                <![CDATA[Login23]]>
              </value>
            </param>
            <param index="1">
              <value>
                <![CDATA[cbtcrowd040@gmail.com]]>
              </value>
            </param>
            <param index="2">
              <value>
                <![CDATA[cbt_crowd_040]]>
              </value>
            </param>
            <param index="3">
              <value>
                <![CDATA[cbt@1234]]>
              </value>
            </param>
          </params>
          <reporter-output>
          </reporter-output>
        </test-method> <!-- loginToWord -->
        <test-method status="SKIP" signature="launchBrowser()[pri:0, instance:com.script.CbtCrowdEmailTest@39ba5a14]" name="launchBrowser" is-config="true" duration-ms="0" started-at="2016-04-18T18:03:35Z" finished-at="2016-04-18T18:03:35Z">
          <reporter-output>
          </reporter-output>
        </test-method> <!-- launchBrowser -->
        <test-method status="SKIP" signature="loginToWord(java.lang.String, java.lang.String, java.lang.String, java.lang.String)[pri:0, instance:com.script.CbtCrowdEmailTest@39ba5a14]" name="loginToWord" duration-ms="0" started-at="2016-04-18T18:03:35Z" data-provider="wordpress" finished-at="2016-04-18T18:03:35Z">
          <params>
            <param index="0">
              <value>
                <![CDATA[Login24]]>
              </value>
            </param>
            <param index="1">
              <value>
                <![CDATA[cbtcrowd041@gmail.com]]>
              </value>
            </param>
            <param index="2">
              <value>
                <![CDATA[cbt_crowd_041]]>
              </value>
            </param>
            <param index="3">
              <value>
                <![CDATA[cbt@1234]]>
              </value>
            </param>
          </params>
          <reporter-output>
          </reporter-output>
        </test-method> <!-- loginToWord -->
        <test-method status="SKIP" signature="closeBrowser()[pri:0, instance:com.script.CbtCrowdEmailTest@39ba5a14]" name="closeBrowser" is-config="true" duration-ms="0" started-at="2016-04-18T18:03:35Z" finished-at="2016-04-18T18:03:35Z">
          <reporter-output>
          </reporter-output>
        </test-method> <!-- closeBrowser -->
        <test-method status="SKIP" signature="launchBrowser()[pri:0, instance:com.script.CbtCrowdEmailTest@39ba5a14]" name="launchBrowser" is-config="true" duration-ms="0" started-at="2016-04-18T18:03:35Z" finished-at="2016-04-18T18:03:35Z">
          <reporter-output>
          </reporter-output>
        </test-method> <!-- launchBrowser -->
        <test-method status="SKIP" signature="closeBrowser()[pri:0, instance:com.script.CbtCrowdEmailTest@39ba5a14]" name="closeBrowser" is-config="true" duration-ms="0" started-at="2016-04-18T18:03:35Z" finished-at="2016-04-18T18:03:35Z">
          <reporter-output>
          </reporter-output>
        </test-method> <!-- closeBrowser -->
        <test-method status="SKIP" signature="closeBrowser()[pri:0, instance:com.script.CbtCrowdEmailTest@39ba5a14]" name="closeBrowser" is-config="true" duration-ms="0" started-at="2016-04-18T18:03:35Z" finished-at="2016-04-18T18:03:35Z">
          <reporter-output>
          </reporter-output>
        </test-method> <!-- closeBrowser -->
        <test-method status="SKIP" signature="launchBrowser()[pri:0, instance:com.script.CbtCrowdEmailTest@39ba5a14]" name="launchBrowser" is-config="true" duration-ms="0" started-at="2016-04-18T18:03:35Z" finished-at="2016-04-18T18:03:35Z">
          <reporter-output>
          </reporter-output>
        </test-method> <!-- launchBrowser -->
        <test-method status="SKIP" signature="loginToWord(java.lang.String, java.lang.String, java.lang.String, java.lang.String)[pri:0, instance:com.script.CbtCrowdEmailTest@39ba5a14]" name="loginToWord" duration-ms="0" started-at="2016-04-18T18:03:35Z" data-provider="wordpress" finished-at="2016-04-18T18:03:35Z">
          <params>
            <param index="0">
              <value>
                <![CDATA[Login25]]>
              </value>
            </param>
            <param index="1">
              <value>
                <![CDATA[cbtcrowd042@gmail.com]]>
              </value>
            </param>
            <param index="2">
              <value>
                <![CDATA[cbt_crowd_042]]>
              </value>
            </param>
            <param index="3">
              <value>
                <![CDATA[cbt@1234]]>
              </value>
            </param>
          </params>
          <reporter-output>
          </reporter-output>
        </test-method> <!-- loginToWord -->
        <test-method status="SKIP" signature="closeBrowser()[pri:0, instance:com.script.CbtCrowdEmailTest@39ba5a14]" name="closeBrowser" is-config="true" duration-ms="0" started-at="2016-04-18T18:03:35Z" finished-at="2016-04-18T18:03:35Z">
          <reporter-output>
          </reporter-output>
        </test-method> <!-- closeBrowser -->
        <test-method status="SKIP" signature="loginToWord(java.lang.String, java.lang.String, java.lang.String, java.lang.String)[pri:0, instance:com.script.CbtCrowdEmailTest@39ba5a14]" name="loginToWord" duration-ms="0" started-at="2016-04-18T18:03:35Z" data-provider="wordpress" finished-at="2016-04-18T18:03:35Z">
          <params>
            <param index="0">
              <value>
                <![CDATA[Login26]]>
              </value>
            </param>
            <param index="1">
              <value>
                <![CDATA[cbtcrowd043@gmail.com]]>
              </value>
            </param>
            <param index="2">
              <value>
                <![CDATA[cbt_crowd_043]]>
              </value>
            </param>
            <param index="3">
              <value>
                <![CDATA[cbt@1234]]>
              </value>
            </param>
          </params>
          <reporter-output>
          </reporter-output>
        </test-method> <!-- loginToWord -->
        <test-method status="SKIP" signature="launchBrowser()[pri:0, instance:com.script.CbtCrowdEmailTest@39ba5a14]" name="launchBrowser" is-config="true" duration-ms="0" started-at="2016-04-18T18:03:35Z" finished-at="2016-04-18T18:03:35Z">
          <reporter-output>
          </reporter-output>
        </test-method> <!-- launchBrowser -->
        <test-method status="SKIP" signature="loginToWord(java.lang.String, java.lang.String, java.lang.String, java.lang.String)[pri:0, instance:com.script.CbtCrowdEmailTest@39ba5a14]" name="loginToWord" duration-ms="0" started-at="2016-04-18T18:03:35Z" data-provider="wordpress" finished-at="2016-04-18T18:03:35Z">
          <params>
            <param index="0">
              <value>
                <![CDATA[Login27]]>
              </value>
            </param>
            <param index="1">
              <value>
                <![CDATA[cbtcrowd044@gmail.com]]>
              </value>
            </param>
            <param index="2">
              <value>
                <![CDATA[cbt_crowd_044]]>
              </value>
            </param>
            <param index="3">
              <value>
                <![CDATA[cbt@1234]]>
              </value>
            </param>
          </params>
          <reporter-output>
          </reporter-output>
        </test-method> <!-- loginToWord -->
        <test-method status="SKIP" signature="launchBrowser()[pri:0, instance:com.script.CbtCrowdEmailTest@39ba5a14]" name="launchBrowser" is-config="true" duration-ms="0" started-at="2016-04-18T18:03:35Z" finished-at="2016-04-18T18:03:35Z">
          <reporter-output>
          </reporter-output>
        </test-method> <!-- launchBrowser -->
        <test-method status="SKIP" signature="closeBrowser()[pri:0, instance:com.script.CbtCrowdEmailTest@39ba5a14]" name="closeBrowser" is-config="true" duration-ms="0" started-at="2016-04-18T18:03:35Z" finished-at="2016-04-18T18:03:35Z">
          <reporter-output>
          </reporter-output>
        </test-method> <!-- closeBrowser -->
        <test-method status="SKIP" signature="closeBrowser()[pri:0, instance:com.script.CbtCrowdEmailTest@39ba5a14]" name="closeBrowser" is-config="true" duration-ms="0" started-at="2016-04-18T18:03:35Z" finished-at="2016-04-18T18:03:35Z">
          <reporter-output>
          </reporter-output>
        </test-method> <!-- closeBrowser -->
        <test-method status="SKIP" signature="loginToWord(java.lang.String, java.lang.String, java.lang.String, java.lang.String)[pri:0, instance:com.script.CbtCrowdEmailTest@39ba5a14]" name="loginToWord" duration-ms="0" started-at="2016-04-18T18:03:35Z" data-provider="wordpress" finished-at="2016-04-18T18:03:35Z">
          <params>
            <param index="0">
              <value>
                <![CDATA[Login28]]>
              </value>
            </param>
            <param index="1">
              <value>
                <![CDATA[cbtcrowd045@gmail.com]]>
              </value>
            </param>
            <param index="2">
              <value>
                <![CDATA[cbt_crowd_045]]>
              </value>
            </param>
            <param index="3">
              <value>
                <![CDATA[cbt@1234]]>
              </value>
            </param>
          </params>
          <reporter-output>
          </reporter-output>
        </test-method> <!-- loginToWord -->
        <test-method status="SKIP" signature="loginToWord(java.lang.String, java.lang.String, java.lang.String, java.lang.String)[pri:0, instance:com.script.CbtCrowdEmailTest@39ba5a14]" name="loginToWord" duration-ms="0" started-at="2016-04-18T18:03:35Z" data-provider="wordpress" finished-at="2016-04-18T18:03:35Z">
          <params>
            <param index="0">
              <value>
                <![CDATA[Login29]]>
              </value>
            </param>
            <param index="1">
              <value>
                <![CDATA[cbtcrowd046@gmail.com]]>
              </value>
            </param>
            <param index="2">
              <value>
                <![CDATA[cbt_crowd_046]]>
              </value>
            </param>
            <param index="3">
              <value>
                <![CDATA[cbt@1234]]>
              </value>
            </param>
          </params>
          <reporter-output>
          </reporter-output>
        </test-method> <!-- loginToWord -->
        <test-method status="SKIP" signature="launchBrowser()[pri:0, instance:com.script.CbtCrowdEmailTest@39ba5a14]" name="launchBrowser" is-config="true" duration-ms="0" started-at="2016-04-18T18:03:35Z" finished-at="2016-04-18T18:03:35Z">
          <reporter-output>
          </reporter-output>
        </test-method> <!-- launchBrowser -->
        <test-method status="SKIP" signature="closeBrowser()[pri:0, instance:com.script.CbtCrowdEmailTest@39ba5a14]" name="closeBrowser" is-config="true" duration-ms="0" started-at="2016-04-18T18:03:35Z" finished-at="2016-04-18T18:03:35Z">
          <reporter-output>
          </reporter-output>
        </test-method> <!-- closeBrowser -->
        <test-method status="SKIP" signature="closeBrowser()[pri:0, instance:com.script.CbtCrowdEmailTest@39ba5a14]" name="closeBrowser" is-config="true" duration-ms="0" started-at="2016-04-18T18:03:35Z" finished-at="2016-04-18T18:03:35Z">
          <reporter-output>
          </reporter-output>
        </test-method> <!-- closeBrowser -->
        <test-method status="SKIP" signature="loginToWord(java.lang.String, java.lang.String, java.lang.String, java.lang.String)[pri:0, instance:com.script.CbtCrowdEmailTest@39ba5a14]" name="loginToWord" duration-ms="0" started-at="2016-04-18T18:03:35Z" data-provider="wordpress" finished-at="2016-04-18T18:03:35Z">
          <params>
            <param index="0">
              <value>
                <![CDATA[Login30]]>
              </value>
            </param>
            <param index="1">
              <value>
                <![CDATA[cbtcrowd047@gmail.com]]>
              </value>
            </param>
            <param index="2">
              <value>
                <![CDATA[cbt_crowd_047]]>
              </value>
            </param>
            <param index="3">
              <value>
                <![CDATA[cbt@1234]]>
              </value>
            </param>
          </params>
          <reporter-output>
          </reporter-output>
        </test-method> <!-- loginToWord -->
        <test-method status="SKIP" signature="launchBrowser()[pri:0, instance:com.script.CbtCrowdEmailTest@39ba5a14]" name="launchBrowser" is-config="true" duration-ms="0" started-at="2016-04-18T18:03:35Z" finished-at="2016-04-18T18:03:35Z">
          <reporter-output>
          </reporter-output>
        </test-method> <!-- launchBrowser -->
        <test-method status="SKIP" signature="launchBrowser()[pri:0, instance:com.script.CbtCrowdEmailTest@39ba5a14]" name="launchBrowser" is-config="true" duration-ms="0" started-at="2016-04-18T18:03:35Z" finished-at="2016-04-18T18:03:35Z">
          <reporter-output>
          </reporter-output>
        </test-method> <!-- launchBrowser -->
        <test-method status="SKIP" signature="closeBrowser()[pri:0, instance:com.script.CbtCrowdEmailTest@39ba5a14]" name="closeBrowser" is-config="true" duration-ms="0" started-at="2016-04-18T18:03:35Z" finished-at="2016-04-18T18:03:35Z">
          <reporter-output>
          </reporter-output>
        </test-method> <!-- closeBrowser -->
        <test-method status="SKIP" signature="loginToWord(java.lang.String, java.lang.String, java.lang.String, java.lang.String)[pri:0, instance:com.script.CbtCrowdEmailTest@39ba5a14]" name="loginToWord" duration-ms="0" started-at="2016-04-18T18:03:35Z" data-provider="wordpress" finished-at="2016-04-18T18:03:35Z">
          <params>
            <param index="0">
              <value>
                <![CDATA[Login31]]>
              </value>
            </param>
            <param index="1">
              <value>
                <![CDATA[cbtcrowd048@gmail.com]]>
              </value>
            </param>
            <param index="2">
              <value>
                <![CDATA[cbt_crowd_048]]>
              </value>
            </param>
            <param index="3">
              <value>
                <![CDATA[cbt@1234]]>
              </value>
            </param>
          </params>
          <reporter-output>
          </reporter-output>
        </test-method> <!-- loginToWord -->
        <test-method status="SKIP" signature="loginToWord(java.lang.String, java.lang.String, java.lang.String, java.lang.String)[pri:0, instance:com.script.CbtCrowdEmailTest@39ba5a14]" name="loginToWord" duration-ms="0" started-at="2016-04-18T18:03:35Z" data-provider="wordpress" finished-at="2016-04-18T18:03:35Z">
          <params>
            <param index="0">
              <value>
                <![CDATA[Login32]]>
              </value>
            </param>
            <param index="1">
              <value>
                <![CDATA[cbtcrowd049@gmail.com]]>
              </value>
            </param>
            <param index="2">
              <value>
                <![CDATA[cbt_crowd_049]]>
              </value>
            </param>
            <param index="3">
              <value>
                <![CDATA[cbt@1234]]>
              </value>
            </param>
          </params>
          <reporter-output>
          </reporter-output>
        </test-method> <!-- loginToWord -->
        <test-method status="SKIP" signature="launchBrowser()[pri:0, instance:com.script.CbtCrowdEmailTest@39ba5a14]" name="launchBrowser" is-config="true" duration-ms="0" started-at="2016-04-18T18:03:35Z" finished-at="2016-04-18T18:03:35Z">
          <reporter-output>
          </reporter-output>
        </test-method> <!-- launchBrowser -->
        <test-method status="SKIP" signature="closeBrowser()[pri:0, instance:com.script.CbtCrowdEmailTest@39ba5a14]" name="closeBrowser" is-config="true" duration-ms="0" started-at="2016-04-18T18:03:35Z" finished-at="2016-04-18T18:03:35Z">
          <reporter-output>
          </reporter-output>
        </test-method> <!-- closeBrowser -->
        <test-method status="SKIP" signature="closeBrowser()[pri:0, instance:com.script.CbtCrowdEmailTest@39ba5a14]" name="closeBrowser" is-config="true" duration-ms="0" started-at="2016-04-18T18:03:35Z" finished-at="2016-04-18T18:03:35Z">
          <reporter-output>
          </reporter-output>
        </test-method> <!-- closeBrowser -->
        <test-method status="SKIP" signature="launchBrowser()[pri:0, instance:com.script.CbtCrowdEmailTest@39ba5a14]" name="launchBrowser" is-config="true" duration-ms="0" started-at="2016-04-18T18:03:35Z" finished-at="2016-04-18T18:03:35Z">
          <reporter-output>
          </reporter-output>
        </test-method> <!-- launchBrowser -->
        <test-method status="SKIP" signature="loginToWord(java.lang.String, java.lang.String, java.lang.String, java.lang.String)[pri:0, instance:com.script.CbtCrowdEmailTest@39ba5a14]" name="loginToWord" duration-ms="0" started-at="2016-04-18T18:03:35Z" data-provider="wordpress" finished-at="2016-04-18T18:03:35Z">
          <params>
            <param index="0">
              <value>
                <![CDATA[Login33]]>
              </value>
            </param>
            <param index="1">
              <value>
                <![CDATA[cbtcrowd050@gmail.com]]>
              </value>
            </param>
            <param index="2">
              <value>
                <![CDATA[cbt_crowd_050]]>
              </value>
            </param>
            <param index="3">
              <value>
                <![CDATA[cbt@1234]]>
              </value>
            </param>
          </params>
          <reporter-output>
          </reporter-output>
        </test-method> <!-- loginToWord -->
        <test-method status="SKIP" signature="launchBrowser()[pri:0, instance:com.script.CbtCrowdEmailTest@39ba5a14]" name="launchBrowser" is-config="true" duration-ms="0" started-at="2016-04-18T18:03:35Z" finished-at="2016-04-18T18:03:35Z">
          <reporter-output>
          </reporter-output>
        </test-method> <!-- launchBrowser -->
        <test-method status="SKIP" signature="loginToWord(java.lang.String, java.lang.String, java.lang.String, java.lang.String)[pri:0, instance:com.script.CbtCrowdEmailTest@39ba5a14]" name="loginToWord" duration-ms="0" started-at="2016-04-18T18:03:35Z" data-provider="wordpress" finished-at="2016-04-18T18:03:35Z">
          <params>
            <param index="0">
              <value>
                <![CDATA[Login34]]>
              </value>
            </param>
            <param index="1">
              <value>
                <![CDATA[cbtcrowd051@gmail.com]]>
              </value>
            </param>
            <param index="2">
              <value>
                <![CDATA[cbt_crowd_051]]>
              </value>
            </param>
            <param index="3">
              <value>
                <![CDATA[cbt@1234]]>
              </value>
            </param>
          </params>
          <reporter-output>
          </reporter-output>
        </test-method> <!-- loginToWord -->
        <test-method status="SKIP" signature="loginToWord(java.lang.String, java.lang.String, java.lang.String, java.lang.String)[pri:0, instance:com.script.CbtCrowdEmailTest@39ba5a14]" name="loginToWord" duration-ms="1" started-at="2016-04-18T18:03:35Z" data-provider="wordpress" finished-at="2016-04-18T18:03:35Z">
          <params>
            <param index="0">
              <value>
                <![CDATA[Login35]]>
              </value>
            </param>
            <param index="1">
              <value>
                <![CDATA[cbtcrowd052@gmail.com]]>
              </value>
            </param>
            <param index="2">
              <value>
                <![CDATA[cbt_crowd_052]]>
              </value>
            </param>
            <param index="3">
              <value>
                <![CDATA[cbt@1234]]>
              </value>
            </param>
          </params>
          <reporter-output>
          </reporter-output>
        </test-method> <!-- loginToWord -->
        <test-method status="SKIP" signature="closeBrowser()[pri:0, instance:com.script.CbtCrowdEmailTest@39ba5a14]" name="closeBrowser" is-config="true" duration-ms="0" started-at="2016-04-18T18:03:35Z" finished-at="2016-04-18T18:03:35Z">
          <reporter-output>
          </reporter-output>
        </test-method> <!-- closeBrowser -->
        <test-method status="SKIP" signature="launchBrowser()[pri:0, instance:com.script.CbtCrowdEmailTest@39ba5a14]" name="launchBrowser" is-config="true" duration-ms="0" started-at="2016-04-18T18:03:35Z" finished-at="2016-04-18T18:03:35Z">
          <reporter-output>
          </reporter-output>
        </test-method> <!-- launchBrowser -->
        <test-method status="SKIP" signature="loginToWord(java.lang.String, java.lang.String, java.lang.String, java.lang.String)[pri:0, instance:com.script.CbtCrowdEmailTest@39ba5a14]" name="loginToWord" duration-ms="0" started-at="2016-04-18T18:03:35Z" data-provider="wordpress" finished-at="2016-04-18T18:03:35Z">
          <params>
            <param index="0">
              <value>
                <![CDATA[Login36]]>
              </value>
            </param>
            <param index="1">
              <value>
                <![CDATA[cbtcrowd053@gmail.com]]>
              </value>
            </param>
            <param index="2">
              <value>
                <![CDATA[cbt_crowd_053]]>
              </value>
            </param>
            <param index="3">
              <value>
                <![CDATA[cbt@1234]]>
              </value>
            </param>
          </params>
          <reporter-output>
          </reporter-output>
        </test-method> <!-- loginToWord -->
        <test-method status="SKIP" signature="launchBrowser()[pri:0, instance:com.script.CbtCrowdEmailTest@39ba5a14]" name="launchBrowser" is-config="true" duration-ms="0" started-at="2016-04-18T18:03:35Z" finished-at="2016-04-18T18:03:35Z">
          <reporter-output>
          </reporter-output>
        </test-method> <!-- launchBrowser -->
        <test-method status="SKIP" signature="closeBrowser()[pri:0, instance:com.script.CbtCrowdEmailTest@39ba5a14]" name="closeBrowser" is-config="true" duration-ms="0" started-at="2016-04-18T18:03:35Z" finished-at="2016-04-18T18:03:35Z">
          <reporter-output>
          </reporter-output>
        </test-method> <!-- closeBrowser -->
        <test-method status="SKIP" signature="launchBrowser()[pri:0, instance:com.script.CbtCrowdEmailTest@39ba5a14]" name="launchBrowser" is-config="true" duration-ms="0" started-at="2016-04-18T18:03:35Z" finished-at="2016-04-18T18:03:35Z">
          <reporter-output>
          </reporter-output>
        </test-method> <!-- launchBrowser -->
        <test-method status="SKIP" signature="launchBrowser()[pri:0, instance:com.script.CbtCrowdEmailTest@39ba5a14]" name="launchBrowser" is-config="true" duration-ms="0" started-at="2016-04-18T18:03:35Z" finished-at="2016-04-18T18:03:35Z">
          <reporter-output>
          </reporter-output>
        </test-method> <!-- launchBrowser -->
        <test-method status="SKIP" signature="loginToWord(java.lang.String, java.lang.String, java.lang.String, java.lang.String)[pri:0, instance:com.script.CbtCrowdEmailTest@39ba5a14]" name="loginToWord" duration-ms="0" started-at="2016-04-18T18:03:35Z" data-provider="wordpress" finished-at="2016-04-18T18:03:35Z">
          <params>
            <param index="0">
              <value>
                <![CDATA[Login37]]>
              </value>
            </param>
            <param index="1">
              <value>
                <![CDATA[cbtcrowd054@gmail.com]]>
              </value>
            </param>
            <param index="2">
              <value>
                <![CDATA[cbt_crowd_054]]>
              </value>
            </param>
            <param index="3">
              <value>
                <![CDATA[cbt@1234]]>
              </value>
            </param>
          </params>
          <reporter-output>
          </reporter-output>
        </test-method> <!-- loginToWord -->
        <test-method status="SKIP" signature="closeBrowser()[pri:0, instance:com.script.CbtCrowdEmailTest@39ba5a14]" name="closeBrowser" is-config="true" duration-ms="0" started-at="2016-04-18T18:03:35Z" finished-at="2016-04-18T18:03:35Z">
          <reporter-output>
          </reporter-output>
        </test-method> <!-- closeBrowser -->
        <test-method status="SKIP" signature="closeBrowser()[pri:0, instance:com.script.CbtCrowdEmailTest@39ba5a14]" name="closeBrowser" is-config="true" duration-ms="0" started-at="2016-04-18T18:03:35Z" finished-at="2016-04-18T18:03:35Z">
          <reporter-output>
          </reporter-output>
        </test-method> <!-- closeBrowser -->
        <test-method status="SKIP" signature="closeBrowser()[pri:0, instance:com.script.CbtCrowdEmailTest@39ba5a14]" name="closeBrowser" is-config="true" duration-ms="0" started-at="2016-04-18T18:03:35Z" finished-at="2016-04-18T18:03:35Z">
          <reporter-output>
          </reporter-output>
        </test-method> <!-- closeBrowser -->
        <test-method status="SKIP" signature="loginToWord(java.lang.String, java.lang.String, java.lang.String, java.lang.String)[pri:0, instance:com.script.CbtCrowdEmailTest@39ba5a14]" name="loginToWord" duration-ms="0" started-at="2016-04-18T18:03:35Z" data-provider="wordpress" finished-at="2016-04-18T18:03:35Z">
          <params>
            <param index="0">
              <value>
                <![CDATA[Login38]]>
              </value>
            </param>
            <param index="1">
              <value>
                <![CDATA[cbtcrowd055@gmail.com]]>
              </value>
            </param>
            <param index="2">
              <value>
                <![CDATA[cbt_crowd_055]]>
              </value>
            </param>
            <param index="3">
              <value>
                <![CDATA[cbt@1234]]>
              </value>
            </param>
          </params>
          <reporter-output>
          </reporter-output>
        </test-method> <!-- loginToWord -->
        <test-method status="SKIP" signature="loginToWord(java.lang.String, java.lang.String, java.lang.String, java.lang.String)[pri:0, instance:com.script.CbtCrowdEmailTest@39ba5a14]" name="loginToWord" duration-ms="0" started-at="2016-04-18T18:03:35Z" data-provider="wordpress" finished-at="2016-04-18T18:03:35Z">
          <params>
            <param index="0">
              <value>
                <![CDATA[Login39]]>
              </value>
            </param>
            <param index="1">
              <value>
                <![CDATA[cbtcrowd056@gmail.com]]>
              </value>
            </param>
            <param index="2">
              <value>
                <![CDATA[cbt_crowd_056]]>
              </value>
            </param>
            <param index="3">
              <value>
                <![CDATA[cbt@1234]]>
              </value>
            </param>
          </params>
          <reporter-output>
          </reporter-output>
        </test-method> <!-- loginToWord -->
        <test-method status="SKIP" signature="launchBrowser()[pri:0, instance:com.script.CbtCrowdEmailTest@39ba5a14]" name="launchBrowser" is-config="true" duration-ms="0" started-at="2016-04-18T18:03:35Z" finished-at="2016-04-18T18:03:35Z">
          <reporter-output>
          </reporter-output>
        </test-method> <!-- launchBrowser -->
        <test-method status="SKIP" signature="closeBrowser()[pri:0, instance:com.script.CbtCrowdEmailTest@39ba5a14]" name="closeBrowser" is-config="true" duration-ms="0" started-at="2016-04-18T18:03:35Z" finished-at="2016-04-18T18:03:35Z">
          <reporter-output>
          </reporter-output>
        </test-method> <!-- closeBrowser -->
        <test-method status="SKIP" signature="loginToWord(java.lang.String, java.lang.String, java.lang.String, java.lang.String)[pri:0, instance:com.script.CbtCrowdEmailTest@39ba5a14]" name="loginToWord" duration-ms="0" started-at="2016-04-18T18:03:35Z" data-provider="wordpress" finished-at="2016-04-18T18:03:35Z">
          <params>
            <param index="0">
              <value>
                <![CDATA[Login40]]>
              </value>
            </param>
            <param index="1">
              <value>
                <![CDATA[cbtcrowd057@gmail.com]]>
              </value>
            </param>
            <param index="2">
              <value>
                <![CDATA[cbt_crowd_057]]>
              </value>
            </param>
            <param index="3">
              <value>
                <![CDATA[cbt@1234]]>
              </value>
            </param>
          </params>
          <reporter-output>
          </reporter-output>
        </test-method> <!-- loginToWord -->
        <test-method status="SKIP" signature="launchBrowser()[pri:0, instance:com.script.CbtCrowdEmailTest@39ba5a14]" name="launchBrowser" is-config="true" duration-ms="0" started-at="2016-04-18T18:03:35Z" finished-at="2016-04-18T18:03:35Z">
          <reporter-output>
          </reporter-output>
        </test-method> <!-- launchBrowser -->
        <test-method status="SKIP" signature="launchBrowser()[pri:0, instance:com.script.CbtCrowdEmailTest@39ba5a14]" name="launchBrowser" is-config="true" duration-ms="0" started-at="2016-04-18T18:03:35Z" finished-at="2016-04-18T18:03:35Z">
          <reporter-output>
          </reporter-output>
        </test-method> <!-- launchBrowser -->
        <test-method status="SKIP" signature="closeBrowser()[pri:0, instance:com.script.CbtCrowdEmailTest@39ba5a14]" name="closeBrowser" is-config="true" duration-ms="0" started-at="2016-04-18T18:03:35Z" finished-at="2016-04-18T18:03:35Z">
          <reporter-output>
          </reporter-output>
        </test-method> <!-- closeBrowser -->
        <test-method status="SKIP" signature="closeBrowser()[pri:0, instance:com.script.CbtCrowdEmailTest@39ba5a14]" name="closeBrowser" is-config="true" duration-ms="0" started-at="2016-04-18T18:03:35Z" finished-at="2016-04-18T18:03:35Z">
          <reporter-output>
          </reporter-output>
        </test-method> <!-- closeBrowser -->
        <test-method status="SKIP" signature="launchBrowser()[pri:0, instance:com.script.CbtCrowdEmailTest@39ba5a14]" name="launchBrowser" is-config="true" duration-ms="0" started-at="2016-04-18T18:03:35Z" finished-at="2016-04-18T18:03:35Z">
          <reporter-output>
          </reporter-output>
        </test-method> <!-- launchBrowser -->
        <test-method status="SKIP" signature="loginToWord(java.lang.String, java.lang.String, java.lang.String, java.lang.String)[pri:0, instance:com.script.CbtCrowdEmailTest@39ba5a14]" name="loginToWord" duration-ms="1" started-at="2016-04-18T18:03:35Z" data-provider="wordpress" finished-at="2016-04-18T18:03:35Z">
          <params>
            <param index="0">
              <value>
                <![CDATA[Login42]]>
              </value>
            </param>
            <param index="1">
              <value>
                <![CDATA[cbtcrowd059@gmail.com]]>
              </value>
            </param>
            <param index="2">
              <value>
                <![CDATA[cbt_crowd_059]]>
              </value>
            </param>
            <param index="3">
              <value>
                <![CDATA[cbt@1234]]>
              </value>
            </param>
          </params>
          <reporter-output>
          </reporter-output>
        </test-method> <!-- loginToWord -->
        <test-method status="SKIP" signature="loginToWord(java.lang.String, java.lang.String, java.lang.String, java.lang.String)[pri:0, instance:com.script.CbtCrowdEmailTest@39ba5a14]" name="loginToWord" duration-ms="0" started-at="2016-04-18T18:03:35Z" data-provider="wordpress" finished-at="2016-04-18T18:03:35Z">
          <params>
            <param index="0">
              <value>
                <![CDATA[Login41]]>
              </value>
            </param>
            <param index="1">
              <value>
                <![CDATA[cbtcrowd058@gmail.com]]>
              </value>
            </param>
            <param index="2">
              <value>
                <![CDATA[cbt_crowd_058]]>
              </value>
            </param>
            <param index="3">
              <value>
                <![CDATA[cbt@1234]]>
              </value>
            </param>
          </params>
          <reporter-output>
          </reporter-output>
        </test-method> <!-- loginToWord -->
        <test-method status="SKIP" signature="closeBrowser()[pri:0, instance:com.script.CbtCrowdEmailTest@39ba5a14]" name="closeBrowser" is-config="true" duration-ms="0" started-at="2016-04-18T18:03:35Z" finished-at="2016-04-18T18:03:35Z">
          <reporter-output>
          </reporter-output>
        </test-method> <!-- closeBrowser -->
[...]
          <reporter-output>
          </reporter-output>
        </test-method> <!-- closeBrowser -->
        <test-method status="SKIP" signature="closeBrowser()[pri:0, instance:com.script.CbtCrowdEmailTest@39ba5a14]" name="closeBrowser" is-config="true" duration-ms="0" started-at="2016-04-18T18:03:35Z" finished-at="2016-04-18T18:03:35Z">
          <reporter-output>
          </reporter-output>
        </test-method> <!-- closeBrowser -->
        <test-method status="SKIP" signature="launchBrowser()[pri:0, instance:com.script.CbtCrowdEmailTest@39ba5a14]" name="launchBrowser" is-config="true" duration-ms="0" started-at="2016-04-18T18:03:35Z" finished-at="2016-04-18T18:03:35Z">
          <reporter-output>
          </reporter-output>
        </test-method> <!-- launchBrowser -->
        <test-method status="SKIP" signature="closeBrowser()[pri:0, instance:com.script.CbtCrowdEmailTest@39ba5a14]" name="closeBrowser" is-config="true" duration-ms="0" started-at="2016-04-18T18:03:35Z" finished-at="2016-04-18T18:03:35Z">
          <reporter-output>
          </reporter-output>
        </test-method> <!-- closeBrowser -->
        <test-method status="SKIP" signature="loginToWord(java.lang.String, java.lang.String, java.lang.String, java.lang.String)[pri:0, instance:com.script.CbtCrowdEmailTest@39ba5a14]" name="loginToWord" duration-ms="0" started-at="2016-04-18T18:03:35Z" data-provider="wordpress" finished-at="2016-04-18T18:03:35Z">
          <params>
            <param index="0">
              <value>
                <![CDATA[Login166]]>
              </value>
            </param>
            <param index="1">
              <value>
                <![CDATA[cbtcrowd195@gmail.com]]>
              </value>
            </param>
            <param index="2">
              <value>
                <![CDATA[cbt_crowd_195]]>
              </value>
            </param>
            <param index="3">
              <value>
                <![CDATA[cbt@1234]]>
              </value>
            </param>
          </params>
          <reporter-output>
          </reporter-output>
        </test-method> <!-- loginToWord -->
        <test-method status="SKIP" signature="launchBrowser()[pri:0, instance:com.script.CbtCrowdEmailTest@39ba5a14]" name="launchBrowser" is-config="true" duration-ms="0" started-at="2016-04-18T18:03:35Z" finished-at="2016-04-18T18:03:35Z">
          <reporter-output>
          </reporter-output>
        </test-method> <!-- launchBrowser -->
        <test-method status="SKIP" signature="launchBrowser()[pri:0, instance:com.script.CbtCrowdEmailTest@39ba5a14]" name="launchBrowser" is-config="true" duration-ms="0" started-at="2016-04-18T18:03:35Z" finished-at="2016-04-18T18:03:35Z">
          <reporter-output>
          </reporter-output>
        </test-method> <!-- launchBrowser -->
        <test-method status="SKIP" signature="loginToWord(java.lang.String, java.lang.String, java.lang.String, java.lang.String)[pri:0, instance:com.script.CbtCrowdEmailTest@39ba5a14]" name="loginToWord" duration-ms="0" started-at="2016-04-18T18:03:35Z" data-provider="wordpress" finished-at="2016-04-18T18:03:35Z">
          <params>
            <param index="0">
              <value>
                <![CDATA[Login165]]>
              </value>
            </param>
            <param index="1">
              <value>
                <![CDATA[cbtcrowd194@gmail.com]]>
              </value>
            </param>
            <param index="2">
              <value>
                <![CDATA[cbt_crowd_194]]>
              </value>
            </param>
            <param index="3">
              <value>
                <![CDATA[cbt@1234]]>
              </value>
            </param>
          </params>
          <reporter-output>
          </reporter-output>
        </test-method> <!-- loginToWord -->
        <test-method status="SKIP" signature="loginToWord(java.lang.String, java.lang.String, java.lang.String, java.lang.String)[pri:0, instance:com.script.CbtCrowdEmailTest@39ba5a14]" name="loginToWord" duration-ms="0" started-at="2016-04-18T18:03:35Z" data-provider="wordpress" finished-at="2016-04-18T18:03:35Z">
          <params>
            <param index="0">
              <value>
                <![CDATA[Login167]]>
              </value>
            </param>
            <param index="1">
              <value>
                <![CDATA[cbtcrowd196@gmail.com]]>
              </value>
            </param>
            <param index="2">
              <value>
                <![CDATA[cbt_crowd_196]]>
              </value>
            </param>
            <param index="3">
              <value>
                <![CDATA[cbt@1234]]>
              </value>
            </param>
          </params>
          <reporter-output>
          </reporter-output>
        </test-method> <!-- loginToWord -->
        <test-method status="SKIP" signature="loginToWord(java.lang.String, java.lang.String, java.lang.String, java.lang.String)[pri:0, instance:com.script.CbtCrowdEmailTest@39ba5a14]" name="loginToWord" duration-ms="0" started-at="2016-04-18T18:03:35Z" data-provider="wordpress" finished-at="2016-04-18T18:03:35Z">
          <params>
            <param index="0">
              <value>
                <![CDATA[Login169]]>
              </value>
            </param>
            <param index="1">
              <value>
                <![CDATA[cbtcrowd200@gmail.com]]>
              </value>
            </param>
            <param index="2">
              <value>
                <![CDATA[cbt_crowd_200]]>
              </value>
            </param>
            <param index="3">
              <value>
                <![CDATA[cbt@1234]]>
              </value>
            </param>
          </params>
          <reporter-output>
          </reporter-output>
        </test-method> <!-- loginToWord -->
        <test-method status="SKIP" signature="closeBrowser()[pri:0, instance:com.script.CbtCrowdEmailTest@39ba5a14]" name="closeBrowser" is-config="true" duration-ms="0" started-at="2016-04-18T18:03:35Z" finished-at="2016-04-18T18:03:35Z">
          <reporter-output>
          </reporter-output>
        </test-method> <!-- closeBrowser -->
        <test-method status="SKIP" signature="closeBrowser()[pri:0, instance:com.script.CbtCrowdEmailTest@39ba5a14]" name="closeBrowser" is-config="true" duration-ms="0" started-at="2016-04-18T18:03:36Z" finished-at="2016-04-18T18:03:36Z">
          <reporter-output>
          </reporter-output>
        </test-method> <!-- closeBrowser -->
        <test-method status="SKIP" signature="launchBrowser()[pri:0, instance:com.script.CbtCrowdEmailTest@39ba5a14]" name="launchBrowser" is-config="true" duration-ms="0" started-at="2016-04-18T18:03:36Z" finished-at="2016-04-18T18:03:36Z">
          <reporter-output>
          </reporter-output>
        </test-method> <!-- launchBrowser -->
        <test-method status="SKIP" signature="launchBrowser()[pri:0, instance:com.script.CbtCrowdEmailTest@39ba5a14]" name="launchBrowser" is-config="true" duration-ms="0" started-at="2016-04-18T18:03:36Z" finished-at="2016-04-18T18:03:36Z">
          <reporter-output>
          </reporter-output>
        </test-method> <!-- launchBrowser -->
        <test-method status="SKIP" signature="loginToWord(java.lang.String, java.lang.String, java.lang.String, java.lang.String)[pri:0, instance:com.script.CbtCrowdEmailTest@39ba5a14]" name="loginToWord" duration-ms="0" started-at="2016-04-18T18:03:36Z" data-provider="wordpress" finished-at="2016-04-18T18:03:36Z">
          <params>
            <param index="0">
              <value>
                <![CDATA[Login170]]>
              </value>
            </param>
            <param index="1">
              <value>
                <![CDATA[cbtcrowd201@gmail.com]]>
              </value>
            </param>
            <param index="2">
              <value>
                <![CDATA[cbt_crowd_201]]>
              </value>
            </param>
            <param index="3">
              <value>
                <![CDATA[cbt@1234]]>
              </value>
            </param>
          </params>
          <reporter-output>
          </reporter-output>
        </test-method> <!-- loginToWord -->
        <test-method status="SKIP" signature="loginToWord(java.lang.String, java.lang.String, java.lang.String, java.lang.String)[pri:0, instance:com.script.CbtCrowdEmailTest@39ba5a14]" name="loginToWord" duration-ms="1" started-at="2016-04-18T18:03:36Z" data-provider="wordpress" finished-at="2016-04-18T18:03:36Z">
          <params>
            <param index="0">
              <value>
                <![CDATA[Login172]]>
              </value>
            </param>
            <param index="1">
              <value>
                <![CDATA[cbtcrowd203@gmail.com]]>
              </value>
            </param>
            <param index="2">
              <value>
                <![CDATA[cbt_crowd_203]]>
              </value>
            </param>
            <param index="3">
              <value>
                <![CDATA[cbt@1234]]>
              </value>
            </param>
          </params>
          <reporter-output>
          </reporter-output>
        </test-method> <!-- loginToWord -->
        <test-method status="SKIP" signature="loginToWord(java.lang.String, java.lang.String, java.lang.String, java.lang.String)[pri:0, instance:com.script.CbtCrowdEmailTest@39ba5a14]" name="loginToWord" duration-ms="0" started-at="2016-04-18T18:03:36Z" data-provider="wordpress" finished-at="2016-04-18T18:03:36Z">
          <params>
            <param index="0">
              <value>
                <![CDATA[Login171]]>
              </value>
            </param>
            <param index="1">
              <value>
                <![CDATA[cbtcrowd202@gmail.com]]>
              </value>
            </param>
            <param index="2">
              <value>
                <![CDATA[cbt_crowd_202]]>
              </value>
            </param>
            <param index="3">
              <value>
                <![CDATA[cbt@1234]]>
              </value>
            </param>
          </params>
          <reporter-output>
          </reporter-output>
        </test-method> <!-- loginToWord -->
        <test-method status="SKIP" signature="launchBrowser()[pri:0, instance:com.script.CbtCrowdEmailTest@39ba5a14]" name="launchBrowser" is-config="true" duration-ms="0" started-at="2016-04-18T18:03:36Z" finished-at="2016-04-18T18:03:36Z">
          <reporter-output>
          </reporter-output>
        </test-method> <!-- launchBrowser -->
        <test-method status="SKIP" signature="closeBrowser()[pri:0, instance:com.script.CbtCrowdEmailTest@39ba5a14]" name="closeBrowser" is-config="true" duration-ms="0" started-at="2016-04-18T18:03:36Z" finished-at="2016-04-18T18:03:36Z">
          <reporter-output>
          </reporter-output>
        </test-method> <!-- closeBrowser -->
        <test-method status="SKIP" signature="closeBrowser()[pri:0, instance:com.script.CbtCrowdEmailTest@39ba5a14]" name="closeBrowser" is-config="true" duration-ms="0" started-at="2016-04-18T18:03:36Z" finished-at="2016-04-18T18:03:36Z">
          <reporter-output>
          </reporter-output>
        </test-method> <!-- closeBrowser -->
        <test-method status="SKIP" signature="closeBrowser()[pri:0, instance:com.script.CbtCrowdEmailTest@39ba5a14]" name="closeBrowser" is-config="true" duration-ms="0" started-at="2016-04-18T18:03:36Z" finished-at="2016-04-18T18:03:36Z">
          <reporter-output>
          </reporter-output>
        </test-method> <!-- closeBrowser -->
        <test-method status="SKIP" signature="loginToWord(java.lang.String, java.lang.String, java.lang.String, java.lang.String)[pri:0, instance:com.script.CbtCrowdEmailTest@39ba5a14]" name="loginToWord" duration-ms="0" started-at="2016-04-18T18:03:36Z" data-provider="wordpress" finished-at="2016-04-18T18:03:36Z">
          <params>
            <param index="0">
              <value>
                <![CDATA[Login176]]>
              </value>
            </param>
            <param index="1">
              <value>
                <![CDATA[cbtcrowd207@gmail.com]]>
              </value>
            </param>
            <param index="2">
              <value>
                <![CDATA[cbt_crowd_207]]>
              </value>
            </param>
            <param index="3">
              <value>
                <![CDATA[cbt@1234]]>
              </value>
            </param>
          </params>
          <reporter-output>
          </reporter-output>
        </test-method> <!-- loginToWord -->
        <test-method status="SKIP" signature="launchBrowser()[pri:0, instance:com.script.CbtCrowdEmailTest@39ba5a14]" name="launchBrowser" is-config="true" duration-ms="0" started-at="2016-04-18T18:03:36Z" finished-at="2016-04-18T18:03:36Z">
          <reporter-output>
          </reporter-output>
        </test-method> <!-- launchBrowser -->
        <test-method status="SKIP" signature="launchBrowser()[pri:0, instance:com.script.CbtCrowdEmailTest@39ba5a14]" name="launchBrowser" is-config="true" duration-ms="0" started-at="2016-04-18T18:03:36Z" finished-at="2016-04-18T18:03:36Z">
          <reporter-output>
          </reporter-output>
        </test-method> <!-- launchBrowser -->
        <test-method status="SKIP" signature="closeBrowser()[pri:0, instance:com.script.CbtCrowdEmailTest@39ba5a14]" name="closeBrowser" is-config="true" duration-ms="0" started-at="2016-04-18T18:03:36Z" finished-at="2016-04-18T18:03:36Z">
          <reporter-output>
          </reporter-output>
        </test-method> <!-- closeBrowser -->
        <test-method status="SKIP" signature="loginToWord(java.lang.String, java.lang.String, java.lang.String, java.lang.String)[pri:0, instance:com.script.CbtCrowdEmailTest@39ba5a14]" name="loginToWord" duration-ms="0" started-at="2016-04-18T18:03:36Z" data-provider="wordpress" finished-at="2016-04-18T18:03:36Z">
          <params>
            <param index="0">
              <value>
                <![CDATA[Login173]]>
              </value>
            </param>
            <param index="1">
              <value>
                <![CDATA[cbtcrowd204@gmail.com]]>
              </value>
            </param>
            <param index="2">
              <value>
                <![CDATA[cbt_crowd_204]]>
              </value>
            </param>
            <param index="3">
              <value>
                <![CDATA[cbt@1234]]>
              </value>
            </param>
          </params>
          <reporter-output>
          </reporter-output>
        </test-method> <!-- loginToWord -->
        <test-method status="SKIP" signature="loginToWord(java.lang.String, java.lang.String, java.lang.String, java.lang.String)[pri:0, instance:com.script.CbtCrowdEmailTest@39ba5a14]" name="loginToWord" duration-ms="0" started-at="2016-04-18T18:03:36Z" data-provider="wordpress" finished-at="2016-04-18T18:03:36Z">
          <params>
            <param index="0">
              <value>
                <![CDATA[Login175]]>
              </value>
            </param>
            <param index="1">
              <value>
                <![CDATA[cbtcrowd206@gmail.com]]>
              </value>
            </param>
            <param index="2">
              <value>
                <![CDATA[cbt_crowd_206]]>
              </value>
            </param>
            <param index="3">
              <value>
                <![CDATA[cbt@1234]]>
              </value>
            </param>
          </params>
          <reporter-output>
          </reporter-output>
        </test-method> <!-- loginToWord -->
        <test-method status="SKIP" signature="loginToWord(java.lang.String, java.lang.String, java.lang.String, java.lang.String)[pri:0, instance:com.script.CbtCrowdEmailTest@39ba5a14]" name="loginToWord" duration-ms="0" started-at="2016-04-18T18:03:36Z" data-provider="wordpress" finished-at="2016-04-18T18:03:36Z">
          <params>
            <param index="0">
              <value>
                <![CDATA[Login174]]>
              </value>
            </param>
            <param index="1">
              <value>
                <![CDATA[cbtcrowd205@gmail.com]]>
              </value>
            </param>
            <param index="2">
              <value>
                <![CDATA[cbt_crowd_205]]>
              </value>
            </param>
            <param index="3">
              <value>
                <![CDATA[cbt@1234]]>
              </value>
            </param>
          </params>
          <reporter-output>
          </reporter-output>
        </test-method> <!-- loginToWord -->
        <test-method status="SKIP" signature="closeBrowser()[pri:0, instance:com.script.CbtCrowdEmailTest@39ba5a14]" name="closeBrowser" is-config="true" duration-ms="0" started-at="2016-04-18T18:03:36Z" finished-at="2016-04-18T18:03:36Z">
          <reporter-output>
          </reporter-output>
        </test-method> <!-- closeBrowser -->
        <test-method status="SKIP" signature="launchBrowser()[pri:0, instance:com.script.CbtCrowdEmailTest@39ba5a14]" name="launchBrowser" is-config="true" duration-ms="0" started-at="2016-04-18T18:03:36Z" finished-at="2016-04-18T18:03:36Z">
          <reporter-output>
          </reporter-output>
        </test-method> <!-- launchBrowser -->
        <test-method status="SKIP" signature="closeBrowser()[pri:0, instance:com.script.CbtCrowdEmailTest@39ba5a14]" name="closeBrowser" is-config="true" duration-ms="0" started-at="2016-04-18T18:03:36Z" finished-at="2016-04-18T18:03:36Z">
          <reporter-output>
          </reporter-output>
        </test-method> <!-- closeBrowser -->
        <test-method status="SKIP" signature="launchBrowser()[pri:0, instance:com.script.CbtCrowdEmailTest@39ba5a14]" name="launchBrowser" is-config="true" duration-ms="0" started-at="2016-04-18T18:03:36Z" finished-at="2016-04-18T18:03:36Z">
          <reporter-output>
          </reporter-output>
        </test-method> <!-- launchBrowser -->
        <test-method status="SKIP" signature="launchBrowser()[pri:0, instance:com.script.CbtCrowdEmailTest@39ba5a14]" name="launchBrowser" is-config="true" duration-ms="0" started-at="2016-04-18T18:03:36Z" finished-at="2016-04-18T18:03:36Z">
          <reporter-output>
          </reporter-output>
        </test-method> <!-- launchBrowser -->
        <test-method status="SKIP" signature="loginToWord(java.lang.String, java.lang.String, java.lang.String, java.lang.String)[pri:0, instance:com.script.CbtCrowdEmailTest@39ba5a14]" name="loginToWord" duration-ms="0" started-at="2016-04-18T18:03:36Z" data-provider="wordpress" finished-at="2016-04-18T18:03:36Z">
          <params>
            <param index="0">
              <value>
                <![CDATA[Login177]]>
              </value>
            </param>
            <param index="1">
              <value>
                <![CDATA[cbtcrowd208@gmail.com]]>
              </value>
            </param>
            <param index="2">
              <value>
                <![CDATA[cbt_crowd_208]]>
              </value>
            </param>
            <param index="3">
              <value>
                <![CDATA[cbt@1234]]>
              </value>
            </param>
          </params>
          <reporter-output>
          </reporter-output>
        </test-method> <!-- loginToWord -->
        <test-method status="SKIP" signature="closeBrowser()[pri:0, instance:com.script.CbtCrowdEmailTest@39ba5a14]" name="closeBrowser" is-config="true" duration-ms="0" started-at="2016-04-18T18:03:36Z" finished-at="2016-04-18T18:03:36Z">
          <reporter-output>
          </reporter-output>
        </test-method> <!-- closeBrowser -->
      </class> <!-- com.script.CbtCrowdEmailTest -->
    </test> <!-- Default test -->
  </suite> <!-- Default suite -->
</testng-results>
